<?xml version="1.0" encoding="utf-8"?><testsuites name="pytest tests"><testsuite name="pytest" errors="0" failures="0" skipped="0" tests="14" time="50.972" timestamp="2026-09-09T10:37:21.544021+00:00" hostname="agent-env-b995bc2d-d561-43fa-a86c-997bb4cc2248"><testcase classname="tests.test_iter68_content_id_claim" name="test_content_id_claim_requires_creator_payload" time="1.359" /><testcase classname="tests.test_iter68_content_id_claim" name="test_non_claim_category_rejects_creator_payload" time="0.127" /><testcase classname="tests.test_iter68_content_id_claim" name="test_asset_upload_validation_and_private_headers" time="3.354" /><testcase classname="tests.test_iter68_content_id_claim" name="test_asset_upload_rejects_oversize_and_gif_bytes" time="1.748" /><testcase classname="tests.test_iter68_content_id_claim" name="test_content_id_ticket_idempotency_docs_and_visibility" time="5.159" /><testcase classname="tests.test_iter68_content_id_claim" name="test_duplicate_nik_rejected" time="3.641" /><testcase classname="tests.test_iter68_content_id_claim" name="test_swapped_signature_and_ktp_asset_ids_rejected" time="1.815" /><testcase classname="tests.test_iter68_content_id_claim" name="test_content_id_request_in_progress_returns_409" time="2.444" /><testcase classname="tests.test_iter69_content_id_followup" name="test_multi_creator_submission_and_privacy" time="12.098" /><testcase classname="tests.test_iter69_content_id_followup" name="test_signature_ink_visibility_and_track_coverage_validation" time="2.240" /><testcase classname="tests.test_iter69_content_id_followup" name="test_foreign_release_denied_and_single_creator_all_tracks" time="4.338" /><testcase classname="tests.test_iter69_content_id_followup" name="test_shared_track_joint_authorship_wording" time="7.599" /><testcase classname="tests.test_iter69_content_id_followup" name="test_pdf_long_content_pagination_and_render_artifacts" time="0.370" /><testcase classname="tests.test_iter69_content_id_followup" name="test_unit_pdf_upload_failure_rolls_back" time="4.088" /></testsuite></testsuites>