<?xml version="1.0" encoding="utf-8"?><testsuites name="pytest tests"><testsuite name="pytest" errors="0" failures="0" skipped="0" tests="10" time="4.236" timestamp="2026-06-28T21:01:11.362203+00:00" hostname="agent-env-b995bc2d-d561-43fa-a86c-997bb4cc2248"><testcase classname="backend.tests.test_phase16_2_chunked_publish.TestChunkedPublishScale" name="test_step1_publish_returns_immediately" time="1.317" /><testcase classname="backend.tests.test_phase16_2_chunked_publish.TestChunkedPublishScale" name="test_step2_progress_advances_through_chunks" time="1.775" /><testcase classname="backend.tests.test_phase16_2_chunked_publish.TestChunkedPublishScale" name="test_step3_all_lines_flipped_to_pending" time="0.091" /><testcase classname="backend.tests.test_phase16_2_chunked_publish.TestNoDoubleCredit" name="test_exactly_one_tx_per_label" time="0.001" /><testcase classname="backend.tests.test_phase16_2_chunked_publish.TestNoDoubleCredit" name="test_per_label_amount_matches_aggregation" time="0.002" /><testcase classname="backend.tests.test_phase16_2_chunked_publish.TestNoDoubleCredit" name="test_label_balance_pending_credited" time="0.005" /><testcase classname="backend.tests.test_phase16_2_chunked_publish.TestIdempotentRePublish" name="test_republish_after_status_reset_completes_fast" time="0.345" /><testcase classname="backend.tests.test_phase16_2_chunked_publish.TestIdempotentRePublish" name="test_no_double_credit_after_republish" time="0.001" /><testcase classname="backend.tests.test_phase16_2_chunked_publish.TestIdempotentRePublish" name="test_label_balance_not_doubled" time="0.004" /><testcase classname="backend.tests.test_phase16_2_chunked_publish.TestIdempotentRePublish" name="test_lines_still_pending_after_republish" time="0.608" /></testsuite></testsuites>