<?xml version="1.0" encoding="utf-8"?><testsuites name="pytest tests"><testsuite name="pytest" errors="0" failures="1" skipped="0" tests="16" time="16.495" timestamp="2026-08-27T14:21:04.951286+00:00" hostname="agent-env-b995bc2d-d561-43fa-a86c-997bb4cc2248"><testcase classname="backend.tests.test_phase37_label_rate_import" name="test_preview_xlsx_csv_match_categories_and_commit_recalculation" time="2.046" /><testcase classname="backend.tests.test_phase37_label_rate_import" name="test_commit_rechecks_active_withdraw_created_after_preview" time="0.503" /><testcase classname="backend.tests.test_iter32_label_rate_import_regression" name="test_role_access_and_semicolon_csv_preview" time="1.044" /><testcase classname="backend.tests.test_iter32_label_rate_import_regression" name="test_preview_rejects_unsupported_missing_headers_empty_and_too_many_rows" time="1.152" /><testcase classname="backend.tests.test_iter32_label_rate_import_regression" name="test_preview_classifies_invalid_and_duplicate_rows" time="0.179" /><testcase classname="backend.tests.test_iter32_label_rate_import_regression" name="test_preview_has_no_side_effects" time="0.175" /><testcase classname="backend.tests.test_iter32_label_rate_import_regression" name="test_commit_ownership_override_idempotent_and_job_shape" time="1.021" /><testcase classname="backend.tests.test_iter32_label_rate_import_regression" name="test_commit_skips_stale_rate_change_after_preview" time="0.529" /><testcase classname="backend.tests.test_iter32_label_rate_import_regression" name="test_resume_queued_label_rate_sync_job" time="0.157" /><testcase classname="backend.tests.test_iter32_label_rate_import_regression" name="test_resume_processing_job_skips_already_done_rows" time="0.172" /><testcase classname="backend.tests.test_iter28_import_auth_playbook" name="test_import_graph_loads_without_circular_init_failure" time="0.041" /><testcase classname="backend.tests.test_iter28_import_auth_playbook" name="test_seeded_password_hash_uses_bcrypt_2b_prefix" time="0.003" /><testcase classname="backend.tests.test_iter28_import_auth_playbook" name="test_login_sets_httponly_secure_cookies" time="0.415" /><testcase classname="backend.tests.test_iter28_import_auth_playbook" name="test_cors_allows_credentials_for_explicit_origin" time="0.002" /><testcase classname="backend.tests.test_iter28_import_auth_playbook" name="test_bruteforce_lockout_after_five_failures" time="8.438" /><testcase classname="backend.tests.test_iter28_import_auth_playbook" name="test_seed_admin_updates_existing_admin_password_when_changed" time="0.004"><failure message="RuntimeError: Task &lt;Task pending name='Task-8' coro=&lt;test_seed_admin_updates_existing_admin_password_when_changed.&lt;locals&gt;.scenario() running at /app/backend/tests/test_iter28_import_auth_playbook.py:121&gt; cb=[_run_until_complete_cb() at /usr/local/lib/python3.11/asyncio/base_events.py:181]&gt; got Future &lt;Future pending cb=[_chain_future.&lt;locals&gt;._call_check_cancel() at /usr/local/lib/python3.11/asyncio/futures.py:387]&gt; attached to a different loop">backend/tests/test_iter28_import_auth_playbook.py:131: in test_seed_admin_updates_existing_admin_password_when_changed
    asyncio.run(scenario())
/usr/local/lib/python3.11/asyncio/runners.py:190: in run
    return runner.run(main)
           ^^^^^^^^^^^^^^^^
/usr/local/lib/python3.11/asyncio/runners.py:118: in run
    return self._loop.run_until_complete(task)
           ^^^^^^^^^^^^^^^^^^^^^^^^^^^^^^^^^^^
/usr/local/lib/python3.11/asyncio/base_events.py:654: in run_until_complete
    return future.result()
           ^^^^^^^^^^^^^^^
backend/tests/test_iter28_import_auth_playbook.py:121: in scenario
    await seed_module.seed_indexes_and_admins()
backend/routes/seed.py:15: in seed_indexes_and_admins
    await db_bg.users.create_index("id", unique=True)
E   RuntimeError: Task &lt;Task pending name='Task-8' coro=&lt;test_seed_admin_updates_existing_admin_password_when_changed.&lt;locals&gt;.scenario() running at /app/backend/tests/test_iter28_import_auth_playbook.py:121&gt; cb=[_run_until_complete_cb() at /usr/local/lib/python3.11/asyncio/base_events.py:181]&gt; got Future &lt;Future pending cb=[_chain_future.&lt;locals&gt;._call_check_cancel() at /usr/local/lib/python3.11/asyncio/futures.py:387]&gt; attached to a different loop</failure></testcase></testsuite></testsuites>