<?xml version="1.0" encoding="utf-8"?><testsuites name="pytest tests"><testsuite name="pytest" errors="0" failures="0" skipped="0" tests="4" time="3.148" timestamp="2026-09-03T11:19:24.049139+00:00" hostname="agent-env-b995bc2d-d561-43fa-a86c-997bb4cc2248"><testcase classname="backend.tests.test_iter53_finance_release_reporting" name="test_admin_releases_default_priority_status_and_recency_order" time="0.703" /><testcase classname="backend.tests.test_iter53_finance_release_reporting" name="test_admin_payments_summary_counts_only_paid_with_paid_at_amount_and_rejects_invalid_period" time="0.824" /><testcase classname="backend.tests.test_iter53_finance_release_reporting" name="test_withdraw_admin_summary_pending_and_outgoing_are_date_scoped_correctly" time="0.559" /><testcase classname="backend.tests.test_iter53_finance_release_reporting" name="test_withdraw_admin_list_filters_paid_by_paid_date_and_requires_year_month_pair" time="0.906" /></testsuite></testsuites>