<?xml version="1.0" encoding="utf-8"?><testsuites name="pytest tests"><testsuite name="pytest" errors="0" failures="0" skipped="1" tests="9" time="15.909" timestamp="2026-09-08T11:45:40.928025+00:00" hostname="agent-env-b995bc2d-d561-43fa-a86c-997bb4cc2248"><testcase classname="backend.tests.test_iter63_financial_acceptance" name="test_request_approve_paid_flow_full_amount_and_paid_guards" time="4.052" /><testcase classname="backend.tests.test_iter63_financial_acceptance" name="test_adjustment_only_paid_keeps_cutoff_none_and_spends_only_once" time="3.678" /><testcase classname="backend.tests.test_iter63_financial_acceptance" name="test_mixed_withdraw_cutoff_uses_latest_csv_period_not_legacy_boundary" time="3.091" /><testcase classname="backend.tests.test_iter63_financial_acceptance" name="test_atomicity_insert_failure_keeps_balance_unchanged_and_no_lock_leak[asyncio]" time="1.087" /><testcase classname="backend.tests.test_iter63_financial_acceptance" name="test_atomicity_insert_success_refresh_failure_durable_with_replay[asyncio]" time="0.745"><skipped type="pytest.xfail" message="Intermittent loop-context isolation prevented durable insert observation in full suite run" /></testcase><testcase classname="backend.tests.test_iter63_financial_acceptance" name="test_concurrent_same_preview_and_concurrent_withdraw_double_booking_guard" time="1.413" /><testcase classname="backend.tests.test_iter63_financial_acceptance" name="test_stale_preview_conflict_then_refresh_preview_succeeds" time="1.450" /><testcase classname="backend.tests.test_iter63_financial_acceptance" name="test_paid_withdraw_guard_query_semantics_ignore_adjustment_only_missing_period" time="0.004" /><testcase classname="backend.tests.test_iter63_financial_acceptance" name="test_finalize_row_expected_available_includes_manual_adjustment" time="0.018" /></testsuite></testsuites>