<?xml version="1.0" encoding="utf-8"?><testsuites name="pytest tests"><testsuite name="pytest" errors="0" failures="0" skipped="0" tests="9" time="2.315" timestamp="2026-06-28T20:36:04.625579+00:00" hostname="agent-env-b995bc2d-d561-43fa-a86c-997bb4cc2248"><testcase classname="backend.tests.test_phase16_1_defensive_wrapper.TestAuthGates161" name="test_anon_publish_401" time="0.262" /><testcase classname="backend.tests.test_phase16_1_defensive_wrapper.TestAuthGates161" name="test_release_admin_publish_403" time="0.449" /><testcase classname="backend.tests.test_phase16_1_defensive_wrapper.TestAuthGates161" name="test_finance_admin_publish_200" time="0.435" /><testcase classname="backend.tests.test_phase16_1_defensive_wrapper.TestAuthGates161" name="test_super_admin_publish_200" time="0.449" /><testcase classname="backend.tests.test_phase16_1_defensive_wrapper.TestFrozenStatus" name="test_frozen_status_returns_400_with_description" time="0.101" /><testcase classname="backend.tests.test_phase16_1_defensive_wrapper.TestFrozenStatus" name="test_published_status_returns_400" time="0.098" /><testcase classname="backend.tests.test_phase16_1_defensive_wrapper.TestMissingStatusField" name="test_doc_without_status_field_defaults_to_pending_review" time="0.223" /><testcase classname="backend.tests.test_phase16_1_defensive_wrapper.TestNotFound" name="test_publish_unknown_id_returns_404" time="0.119" /><testcase classname="backend.tests.test_phase16_1_defensive_wrapper.TestPublishErrorRetry" name="test_publish_error_status_can_be_republished" time="0.103" /></testsuite></testsuites>