<?xml version="1.0" encoding="utf-8"?><testsuites name="pytest tests"><testsuite name="pytest" errors="0" failures="0" skipped="0" tests="6" time="4.869" timestamp="2026-09-02T13:15:59.709916+00:00" hostname="agent-env-b995bc2d-d561-43fa-a86c-997bb4cc2248"><testcase classname="backend.tests.test_iter50_royalty_import_replacement_guards" name="test_initiate_replacement_rejects_pending_review_import" time="0.650" /><testcase classname="backend.tests.test_iter50_royalty_import_replacement_guards" name="test_initiate_replacement_creates_staging_import_and_presigned_upload" time="0.666" /><testcase classname="backend.tests.test_iter50_royalty_import_replacement_guards" name="test_finance_can_preview_but_cannot_commit_replacement" time="1.413" /><testcase classname="backend.tests.test_iter50_royalty_import_replacement_guards" name="test_commit_rejects_if_replacement_signature_changed_after_preview" time="0.920" /><testcase classname="backend.tests.test_iter50_royalty_import_replacement_guards" name="test_staged_replacement_lines_excluded_from_admin_label_balance_snapshot" time="0.521" /><testcase classname="backend.tests.test_iter50_royalty_import_replacement_guards" name="test_cancel_replacement_blocked_while_committing" time="0.541" /></testsuite></testsuites>