<?xml version="1.0" encoding="utf-8"?><testsuites name="pytest tests"><testsuite name="pytest" errors="0" failures="0" skipped="0" tests="6" time="9.814" timestamp="2026-08-27T14:21:30.861742+00:00" hostname="agent-env-b995bc2d-d561-43fa-a86c-997bb4cc2248"><testcase classname="backend.tests.test_iter28_import_auth_playbook" name="test_import_graph_loads_without_circular_init_failure" time="0.264" /><testcase classname="backend.tests.test_iter28_import_auth_playbook" name="test_seeded_password_hash_uses_bcrypt_2b_prefix" time="0.004" /><testcase classname="backend.tests.test_iter28_import_auth_playbook" name="test_login_sets_httponly_secure_cookies" time="0.443" /><testcase classname="backend.tests.test_iter28_import_auth_playbook" name="test_cors_allows_credentials_for_explicit_origin" time="0.002" /><testcase classname="backend.tests.test_iter28_import_auth_playbook" name="test_bruteforce_lockout_after_five_failures" time="7.780" /><testcase classname="backend.tests.test_iter28_import_auth_playbook" name="test_seed_admin_updates_existing_admin_password_when_changed" time="1.172" /></testsuite></testsuites>