<?xml version="1.0" encoding="utf-8"?><testsuites name="pytest tests"><testsuite name="pytest" errors="0" failures="0" skipped="0" tests="2" time="3.971" timestamp="2026-08-30T19:44:17.445192+00:00" hostname="agent-env-b995bc2d-d561-43fa-a86c-997bb4cc2248"><testcase classname="backend.tests.test_iter35_seed_scope_and_redaction" name="test_seed_repair_is_scoped_to_seeded_subadmins_and_does_not_reset_unrelated_users" time="3.051" /><testcase classname="backend.tests.test_iter35_seed_scope_and_redaction" name="test_auth_and_admin_responses_do_not_expose_password_hash_fields" time="0.612" /></testsuite></testsuites>