<?xml version="1.0" encoding="utf-8"?><testsuites name="pytest tests"><testsuite name="pytest" errors="0" failures="0" skipped="0" tests="10" time="6.909" timestamp="2026-06-25T10:04:41.822121+00:00" hostname="agent-env-b995bc2d-d561-43fa-a86c-997bb4cc2248"><testcase classname="tests.test_phase9_autocreate" name="test_autocreate_new_label_release_track" time="0.631" /><testcase classname="tests.test_phase9_autocreate" name="test_autocreate_fuzzy_match_existing_label_case_and_spaces" time="0.284" /><testcase classname="tests.test_phase9_autocreate" name="test_autocreate_release_track_defaults" time="0.377" /><testcase classname="tests.test_phase9_autocreate" name="test_create_account_auto_password_and_login" time="1.647" /><testcase classname="tests.test_phase9_autocreate" name="test_create_account_validations" time="1.008" /><testcase classname="tests.test_phase9_autocreate" name="test_create_account_rbac_finance_forbidden" time="0.596" /><testcase classname="tests.test_phase9_autocreate" name="test_create_account_release_admin_allowed" time="1.062" /><testcase classname="tests.test_phase9_autocreate" name="test_demo_ppr_login_and_dashboard" time="0.406" /><testcase classname="tests.test_phase9_autocreate" name="test_demo_vip_dashboard_and_wami_and_withdraw" time="0.602" /><testcase classname="tests.test_phase9_autocreate" name="test_regression_existing_label_name_match_no_autocreate" time="0.194" /></testsuite></testsuites>