<?xml version="1.0" encoding="utf-8"?><testsuites name="pytest tests"><testsuite name="pytest" errors="0" failures="0" skipped="0" tests="8" time="16.448" timestamp="2026-09-08T11:22:19.127685+00:00" hostname="agent-env-b995bc2d-d561-43fa-a86c-997bb4cc2248"><testcase classname="backend.tests.test_iter62_royalty_adjustments" name="test_adjustment_permissions_and_custom_royalty_manage_role" time="3.672" /><testcase classname="backend.tests.test_iter62_royalty_adjustments" name="test_source_summary_boundary_and_exclusion_rules" time="0.958" /><testcase classname="backend.tests.test_iter62_royalty_adjustments" name="test_preview_commit_idempotency_and_adjustment_only_withdraw_flow" time="2.061" /><testcase classname="backend.tests.test_iter62_royalty_adjustments" name="test_threshold_strictly_greater_than_one_million" time="1.589" /><testcase classname="backend.tests.test_iter62_royalty_adjustments" name="test_preview_validation_and_tampered_commit_rejections" time="2.257" /><testcase classname="backend.tests.test_iter62_royalty_adjustments" name="test_stale_expired_cross_admin_and_wrong_label_guards" time="2.433" /><testcase classname="backend.tests.test_iter62_royalty_adjustments" name="test_active_withdraw_blocks_adjustment_actions_until_rejected" time="2.179" /><testcase classname="backend.tests.test_iter62_royalty_adjustments" name="test_adjustment_patch_delete_not_allowed" time="0.875" /></testsuite></testsuites>