<?xml version="1.0" encoding="utf-8"?><testsuites name="pytest tests"><testsuite name="pytest" errors="0" failures="0" skipped="0" tests="6" time="6.476" timestamp="2026-09-04T15:47:26.566739+00:00" hostname="agent-env-b995bc2d-d561-43fa-a86c-997bb4cc2248"><testcase classname="backend.tests.test_iter60_admin_notifications_log" name="test_admin_log_mine_returns_projected_items_pagination_and_counts" time="0.632" /><testcase classname="backend.tests.test_iter60_admin_notifications_log" name="test_super_admin_scope_all_returns_cross_admin_feed_with_recipient_and_is_mine" time="0.546" /><testcase classname="backend.tests.test_iter60_admin_notifications_log" name="test_non_super_admin_gets_403_for_scope_all" time="0.487" /><testcase classname="backend.tests.test_iter60_admin_notifications_log" name="test_non_admin_user_cannot_access_admin_notification_log" time="0.562" /><testcase classname="backend.tests.test_iter60_admin_notifications_log" name="test_custom_admin_without_notifications_view_gets_permission_denied" time="1.825" /><testcase classname="backend.tests.test_iter60_admin_notifications_log" name="test_admin_log_filters_and_validation_queries" time="2.161" /></testsuite></testsuites>