<?xml version="1.0" encoding="utf-8"?><testsuites name="pytest tests"><testsuite name="pytest" errors="0" failures="0" skipped="0" tests="5" time="3.050" timestamp="2026-06-24T21:00:49.979652+00:00" hostname="agent-env-b995bc2d-d561-43fa-a86c-997bb4cc2248"><testcase classname="backend.tests.test_phase7_mda.TestMdaRegistration" name="test_register_without_mda_returns_400" time="0.140" /><testcase classname="backend.tests.test_phase7_mda.TestMdaRegistration" name="test_register_with_mda_creates_contract" time="0.973" /><testcase classname="backend.tests.test_phase7_mda.TestMdaRegistration" name="test_mda_pdf_is_downloadable" time="0.977" /><testcase classname="backend.tests.test_phase7_mda.TestMdaPreview" name="test_public_preview_returns_pdf" time="0.152" /><testcase classname="backend.tests.test_phase7_mda.TestMdaPreview" name="test_preview_does_not_create_db_contract" time="0.747" /></testsuite></testsuites>