<?xml version="1.0" encoding="utf-8"?><testsuites name="pytest tests"><testsuite name="pytest" errors="0" failures="1" skipped="0" tests="23" time="28.191" timestamp="2026-06-29T09:16:12.873503+00:00" hostname="agent-env-b995bc2d-d561-43fa-a86c-997bb4cc2248"><testcase classname="tests.test_phase16_3_csot_uncapped_client" name="test_db_bg_client_has_no_csot_cap" time="0.245" /><testcase classname="tests.test_phase16_3_csot_uncapped_client" name="test_publish_bg_uses_db_bg" time="0.000" /><testcase classname="tests.test_phase16_3_csot_uncapped_client" name="test_admin_dashboard_uses_db_bg_for_revenue_aggregate" time="0.000"><failure message="AssertionError: admin_dashboard must aggregate royalty_lines via db_bg (uncapped client)&#10;assert 'db_bg.royalty_lines.aggregate' in 'async def admin_dashboard(user: dict = Depends(require_admin)):\n    total_labels = await db.labels.count_documents({})\n    total_artists = await db.artists.count_documents({})\n    total_releases = await db.releases.count_documents({})\n    pending_review = await db.releases.count_documents({&quot;status&quot;: &quot;under_review&quot;})\n    delivered = await db.releases.count_documents({&quot;status&quot;: &quot;delivered&quot;})\n    live = await db.releases.count_documents({&quot;status&quot;: &quot;live&quot;})\n    pending_invoices = await db.payments.count_documents({&quot;status&quot;: &quot;pending&quot;})\n    paid_invoices = await db.payments.count_documents({&quot;status&quot;: &quot;paid&quot;})\n    pending_withdraws = await db.withdraw_requests.count_documents({&quot;status&quot;: &quot;requested&quot;})\n    active_tickets = await db.support_tickets.count_documents({&quot;status&quot;: {&quot;$nin&quot;: [&quot;done&quot;, &quot;rejected&quot;]}})\n    active_subscriptions = await db.labels.count_documents({&quot;subscription_status&quot;: &quot;active&quot;})\n    suspended_labels = await db.labels.count_documents({&quot;account_status&quot;: &quot;suspended&quot;})\n\n    # Revenue totals — served from cache (stale-while-revalidate). On a cold\n    # cache we first warm from Mongo\'s `metrics_cache.dashboard_revenue` doc\n    # (carried across restarts), ...DASHBOARD_REVENUE_TTL_SEC and not _dashboard_revenue_cache[&quot;refreshing&quot;]:\n        # Stale → schedule background refresh and return cached value immediately\n        import asyncio\n        asyncio.create_task(_recompute_revenue_cache())\n\n    total_eur = _dashboard_revenue_cache[&quot;total_eur&quot;]\n    total_idr = _dashboard_revenue_cache[&quot;total_idr&quot;]\n\n    last_csv = await db.royalty_imports.find_one({}, {&quot;_id&quot;: 0}, sort=[(&quot;created_at&quot;, -1)])\n\n    return {\n        &quot;total_labels&quot;: total_labels,\n        &quot;total_artists&quot;: total_artists,\n        &quot;total_releases&quot;: total_releases,\n        &quot;pending_review&quot;: pending_review,\n        &quot;delivered&quot;: delivered,\n        &quot;live&quot;: live,\n        &quot;pending_invoices&quot;: pending_invoices,\n        &quot;paid_invoices&quot;: paid_invoices,\n        &quot;pending_withdraws&quot;: pending_withdraws,\n        &quot;active_tickets&quot;: active_tickets,\n        &quot;active_subscriptions&quot;: active_subscriptions,\n        &quot;suspended_labels&quot;: suspended_labels,\n        &quot;total_revenue_eur&quot;: total_eur,\n        &quot;total_revenue_idr&quot;: total_idr,\n        &quot;revenue_cache_age_sec&quot;: int(cache_age) if _dashboard_revenue_cache[&quot;computed_at&quot;] else None,\n        &quot;last_csv_import&quot;: last_csv,\n    }\n\n'">tests/test_phase16_3_csot_uncapped_client.py:72: in test_admin_dashboard_uses_db_bg_for_revenue_aggregate
    assert "db_bg.royalty_lines.aggregate" in body, (
E   AssertionError: admin_dashboard must aggregate royalty_lines via db_bg (uncapped client)
E   assert 'db_bg.royalty_lines.aggregate' in 'async def admin_dashboard(user: dict = Depends(require_admin)):\n    total_labels = await db.labels.count_documents({})\n    total_artists = await db.artists.count_documents({})\n    total_releases = await db.releases.count_documents({})\n    pending_review = await db.releases.count_documents({"status": "under_review"})\n    delivered = await db.releases.count_documents({"status": "delivered"})\n    live = await db.releases.count_documents({"status": "live"})\n    pending_invoices = await db.payments.count_documents({"status": "pending"})\n    paid_invoices = await db.payments.count_documents({"status": "paid"})\n    pending_withdraws = await db.withdraw_requests.count_documents({"status": "requested"})\n    active_tickets = await db.support_tickets.count_documents({"status": {"$nin": ["done", "rejected"]}})\n    active_subscriptions = await db.labels.count_documents({"subscription_status": "active"})\n    suspended_labels = await db.labels.count_documents({"account_status": "suspended"})\n\n    # Revenue totals — served from cache (stale-while-revalidate). On a cold\n    # cache we first warm from Mongo\'s `metrics_cache.dashboard_revenue` doc\n    # (carried across restarts), ...DASHBOARD_REVENUE_TTL_SEC and not _dashboard_revenue_cache["refreshing"]:\n        # Stale → schedule background refresh and return cached value immediately\n        import asyncio\n        asyncio.create_task(_recompute_revenue_cache())\n\n    total_eur = _dashboard_revenue_cache["total_eur"]\n    total_idr = _dashboard_revenue_cache["total_idr"]\n\n    last_csv = await db.royalty_imports.find_one({}, {"_id": 0}, sort=[("created_at", -1)])\n\n    return {\n        "total_labels": total_labels,\n        "total_artists": total_artists,\n        "total_releases": total_releases,\n        "pending_review": pending_review,\n        "delivered": delivered,\n        "live": live,\n        "pending_invoices": pending_invoices,\n        "paid_invoices": paid_invoices,\n        "pending_withdraws": pending_withdraws,\n        "active_tickets": active_tickets,\n        "active_subscriptions": active_subscriptions,\n        "suspended_labels": suspended_labels,\n        "total_revenue_eur": total_eur,\n        "total_revenue_idr": total_idr,\n        "revenue_cache_age_sec": int(cache_age) if _dashboard_revenue_cache["computed_at"] else None,\n        "last_csv_import": last_csv,\n    }\n\n'</failure></testcase><testcase classname="tests.test_phase16_3_csot_uncapped_client" name="test_admin_get_import_uses_db_bg_for_heavy_reads" time="0.000" /><testcase classname="tests.test_phase16_3_csot_uncapped_client" name="test_mark_dana_received_uses_db_bg" time="0.000" /><testcase classname="tests.test_phase17_security" name="test_sec001_forgot_password_does_not_leak_token" time="1.826" /><testcase classname="tests.test_phase17_security" name="test_sec001_register_does_not_leak_token" time="2.472" /><testcase classname="tests.test_phase17_security" name="test_sec001_xendit_webhook_rejects_unauthenticated_calls" time="0.090" /><testcase classname="tests.test_phase17_security" name="test_sec002_login_lockout_per_email_even_with_rotating_xff" time="0.435" /><testcase classname="tests.test_phase17_security" name="test_sec003_reset_invalidates_old_access_token" time="8.498" /><testcase classname="tests.test_phase17_security" name="test_sec003_reset_invalidates_other_outstanding_reset_tokens" time="5.807" /><testcase classname="tests.test_phase17_security" name="test_sec004_email_h_escapes_html" time="0.001" /><testcase classname="tests.test_phase17_regression.TestLabelAuthRegression" name="test_register_login_me_logout_flow" time="2.875" /><testcase classname="tests.test_phase17_regression.TestLabelAuthRegression" name="test_forgot_then_reset_then_relogin" time="4.724" /><testcase classname="tests.test_phase17_regression.TestLabelAuthRegression" name="test_forgot_unknown_email_returns_ok_no_enumeration" time="0.095" /><testcase classname="tests.test_phase17_regression.TestSuperAdminRegression" name="test_super_admin_login_and_me" time="0.417" /><testcase classname="tests.test_phase17_regression.TestSuperAdminRegression" name="test_jwt_carries_tv_claim" time="0.000" /><testcase classname="tests.test_phase17_regression.TestSuperAdminRegression" name="test_admin_endpoints_return_200[/admin/labels-200]" time="0.100" /><testcase classname="tests.test_phase17_regression.TestSuperAdminRegression" name="test_admin_endpoints_return_200[/label/invoices-403]" time="0.100" /><testcase classname="tests.test_phase17_regression.TestSuperAdminRegression" name="test_admin_endpoints_return_200[/contracts/admin-200]" time="0.103" /><testcase classname="tests.test_phase17_regression.TestSuperAdminRegression" name="test_admin_endpoints_return_200[/withdraw/window-200]" time="0.104" /><testcase classname="tests.test_phase17_regression.TestSuperAdminRegression" name="test_admin_endpoints_return_200[/royalty/admin/imports-200]" time="0.098" /><testcase classname="tests.test_phase17_regression.TestSuperAdminRegression" name="test_admin_endpoints_return_200[/cms/landing-200]" time="0.098" /></testsuite></testsuites>