<?xml version="1.0" encoding="utf-8"?><testsuites name="pytest tests"><testsuite name="pytest" errors="0" failures="0" skipped="0" tests="5" time="16.756" timestamp="2026-09-09T09:11:55.165268+00:00" hostname="agent-env-b995bc2d-d561-43fa-a86c-997bb4cc2248"><testcase classname="backend.tests.test_iter67_release_package_rbac" name="test_auth_cookie_bcrypt_cors_and_lockout_sanity" time="2.694" /><testcase classname="backend.tests.test_iter67_release_package_rbac" name="test_seed_admin_updates_existing_admin_password_in_isolated_db" time="3.866" /><testcase classname="backend.tests.test_iter67_release_package_rbac" name="test_release_list_artist_fallback_and_scope_and_admin_identifiers" time="1.442" /><testcase classname="backend.tests.test_iter67_release_package_rbac" name="test_rbac_catalog_and_isolated_migration_idempotency_for_labels_package" time="0.765" /><testcase classname="backend.tests.test_iter67_release_package_rbac" name="test_package_endpoint_validation_auth_and_revision_conflict_without_duplicate_audit" time="7.642" /></testsuite></testsuites>