<?xml version="1.0" encoding="utf-8"?><testsuites name="pytest tests"><testsuite name="pytest" errors="0" failures="0" skipped="0" tests="15" time="34.325" timestamp="2026-09-14T11:59:52.599470+00:00" hostname="agent-env-b995bc2d-d561-43fa-a86c-997bb4cc2248"><testcase classname="tests.test_iter74_work_prd02" name="test_support_my_queue_has_expected_types" time="1.780" /><testcase classname="tests.test_iter74_work_prd02" name="test_finance_my_queue_has_expected_types" time="0.143" /><testcase classname="tests.test_iter74_work_prd02" name="test_support_team_scope_forbidden" time="0.146" /><testcase classname="tests.test_iter74_work_prd02" name="test_super_team_scope_has_all_eight_types" time="0.115" /><testcase classname="tests.test_iter74_work_prd02" name="test_ticket_count_matches_business" time="0.291" /><testcase classname="tests.test_iter74_work_prd02" name="test_idempotent_reconciliation" time="1.039" /><testcase classname="tests.test_iter74_work_prd02" name="test_gap_detection_and_restore" time="0.445" /><testcase classname="tests.test_iter74_work_prd02" name="test_support_cannot_put_responsibilities" time="0.152" /><testcase classname="tests.test_iter74_work_prd02" name="test_support_cannot_put_sla" time="0.144" /><testcase classname="tests.test_iter74_work_prd02" name="test_super_can_update_sla" time="0.170" /><testcase classname="tests.test_iter74_work_prd02" name="test_support_ticket_has_aging" time="0.158" /><testcase classname="tests.test_iter74_work_prd02" name="test_sla_change_affects_overdue" time="9.728" /><testcase classname="tests.test_iter74_work_prd02" name="test_no_direct_complete_endpoint" time="0.469" /><testcase classname="tests.test_iter74_work_prd02" name="test_unauthorized_queue" time="0.115" /><testcase classname="tests.test_iter74_work_prd02" name="test_sensitive_approval_open_then_completed" time="19.345" /></testsuite></testsuites>