<?xml version="1.0" encoding="utf-8"?><testsuites name="pytest tests"><testsuite name="pytest" errors="0" failures="0" skipped="0" tests="6" time="14.707" timestamp="2026-09-08T10:45:35.613592+00:00" hostname="agent-env-b995bc2d-d561-43fa-a86c-997bb4cc2248"><testcase classname="backend.tests.test_iter61_release_delete_admin_label" name="test_admin_delete_draft_and_rejected_with_audit_and_isolation" time="4.871" /><testcase classname="backend.tests.test_iter61_release_delete_admin_label" name="test_admin_delete_permission_and_status_matrix" time="4.780" /><testcase classname="backend.tests.test_iter61_release_delete_admin_label" name="test_admin_endpoint_rejects_non_admin_label_and_artist" time="1.491" /><testcase classname="backend.tests.test_iter61_release_delete_admin_label" name="test_label_delete_endpoint_requires_ownership_status_and_kyc" time="3.098" /><testcase classname="backend.tests.test_iter61_release_delete_admin_label" name="test_service_deletes_only_unshared_api_assets_and_tracks[asyncio]" time="0.117" /><testcase classname="backend.tests.test_iter61_release_delete_admin_label" name="test_service_returns_409_before_track_and_storage_delete_on_status_race[asyncio]" time="0.003" /></testsuite></testsuites>