<?xml version="1.0" encoding="utf-8"?><testsuites name="pytest tests"><testsuite name="pytest" errors="0" failures="0" skipped="0" tests="9" time="10.736" timestamp="2026-09-08T11:48:44.170060+00:00" hostname="agent-env-b995bc2d-d561-43fa-a86c-997bb4cc2248"><testcase classname="tests.test_iter63_financial_acceptance" name="test_request_approve_paid_flow_full_amount_and_paid_guards" time="2.064" /><testcase classname="tests.test_iter63_financial_acceptance" name="test_adjustment_only_paid_keeps_cutoff_none_and_spends_only_once" time="2.034" /><testcase classname="tests.test_iter63_financial_acceptance" name="test_mixed_withdraw_cutoff_uses_latest_csv_period_not_legacy_boundary" time="1.447" /><testcase classname="tests.test_iter63_financial_acceptance" name="test_atomicity_insert_failure_keeps_balance_unchanged_and_no_lock_leak[asyncio]" time="1.054" /><testcase classname="tests.test_iter63_financial_acceptance" name="test_atomicity_insert_success_refresh_failure_durable_with_replay[asyncio]" time="0.877" /><testcase classname="tests.test_iter63_financial_acceptance" name="test_concurrent_same_preview_and_concurrent_withdraw_double_booking_guard" time="1.463" /><testcase classname="tests.test_iter63_financial_acceptance" name="test_stale_preview_conflict_then_refresh_preview_succeeds" time="1.464" /><testcase classname="tests.test_iter63_financial_acceptance" name="test_paid_withdraw_guard_query_semantics_ignore_adjustment_only_missing_period" time="0.004" /><testcase classname="tests.test_iter63_financial_acceptance" name="test_finalize_row_expected_available_includes_manual_adjustment" time="0.005" /></testsuite></testsuites>