<?xml version="1.0" encoding="utf-8"?><testsuites name="pytest tests"><testsuite name="pytest" errors="0" failures="0" skipped="2" tests="8" time="1.965" timestamp="2026-09-14T18:54:16.617765+00:00" hostname="agent-env-b995bc2d-d561-43fa-a86c-997bb4cc2248"><testcase classname="backend.tests.test_iter78_release_go_live.TestWorkQueue" name="test_work_queue_has_release_go_live" time="0.577" /><testcase classname="backend.tests.test_iter78_release_go_live.TestWorkQueue" name="test_action_center_release_go_live" time="0.095"><skipped type="pytest.skip" message="release_go_live seed already consumed; action-center only shows count&gt;0">/app/backend/tests/test_iter78_release_go_live.py:62: release_go_live seed already consumed; action-center only shows count&gt;0</skipped></testcase><testcase classname="backend.tests.test_iter78_release_go_live.TestCron" name="test_cron_release_live_check" time="0.102" /><testcase classname="backend.tests.test_iter78_release_go_live.TestMarkLive" name="test_mark_live_reduces_queue" time="0.178"><skipped type="pytest.skip" message="release already live from a previous test run">/app/backend/tests/test_iter78_release_go_live.py:102: release already live from a previous test run</skipped></testcase><testcase classname="backend.tests.test_iter78_release_go_live.TestNotLiveTicket" name="test_categories_include_not_live" time="0.457" /><testcase classname="backend.tests.test_iter78_release_go_live.TestNotLiveTicket" name="test_create_not_live_ticket" time="0.081" /><testcase classname="backend.tests.test_iter78_release_go_live.TestNotLiveTicket" name="test_admin_sees_not_live_ticket" time="0.285" /><testcase classname="backend.tests.test_iter78_release_go_live.TestLabelDashboard" name="test_label_dashboard_live_today" time="0.107" /></testsuite></testsuites>