<?xml version="1.0" encoding="utf-8"?><testsuites name="pytest tests"><testsuite name="pytest" errors="0" failures="0" skipped="0" tests="11" time="11.154" timestamp="2026-09-01T09:53:43.784398+00:00" hostname="agent-env-b995bc2d-d561-43fa-a86c-997bb4cc2248"><testcase classname="backend.tests.test_phase52_google_auth_and_r2_cors" name="test_google_exchange_allows_existing_label_only_and_is_single_use" time="0.087" /><testcase classname="backend.tests.test_phase52_google_auth_and_r2_cors" name="test_auth_email_links_only_trust_same_https_origin" time="0.000" /><testcase classname="backend.tests.test_phase52_google_auth_and_r2_cors" name="test_r2_preflight_allows_apex_and_www_and_preserves_preview_origin" time="1.020" /><testcase classname="backend.tests.test_iter34_auth_playbook_public" name="test_seeded_password_hash_is_bcrypt_2b_prefix" time="0.004" /><testcase classname="backend.tests.test_iter34_auth_playbook_public" name="test_login_sets_secure_httponly_cookies_and_bearer_fallback_works" time="0.605" /><testcase classname="backend.tests.test_iter34_auth_playbook_public" name="test_cors_preflight_allows_credentials_with_explicit_origin" time="0.372" /><testcase classname="backend.tests.test_iter34_auth_playbook_public" name="test_bruteforce_lockout_after_five_failures" time="2.182" /><testcase classname="backend.tests.test_iter34_auth_playbook_public" name="test_seed_admin_updates_existing_admin_when_password_changes" time="2.937" /><testcase classname="backend.tests.test_phase41_multidevice_auth" name="test_two_devices_remain_active_after_one_refreshes" time="1.308" /><testcase classname="backend.tests.test_phase41_multidevice_auth" name="test_global_revocation_still_invalidates_every_device" time="1.209" /><testcase classname="backend.tests.test_phase41_multidevice_auth" name="test_disabled_account_cannot_start_or_refresh_session" time="1.001" /></testsuite></testsuites>