<?xml version="1.0" encoding="utf-8"?><testsuites name="pytest tests"><testsuite name="pytest" errors="0" failures="0" skipped="0" tests="14" time="9.930" timestamp="2026-06-24T20:43:14.255380+00:00" hostname="agent-env-b995bc2d-d561-43fa-a86c-997bb4cc2248"><testcase classname="backend.tests.test_refactor_smoke" name="test_health_ok" time="0.152" /><testcase classname="backend.tests.test_refactor_smoke" name="test_superadmin_login" time="0.326" /><testcase classname="backend.tests.test_refactor_smoke" name="test_subadmin_logins[finance1@rilismusik.com-Finance#2026]" time="0.328" /><testcase classname="backend.tests.test_refactor_smoke" name="test_subadmin_logins[support1@rilismusik.com-Support#2026]" time="0.327" /><testcase classname="backend.tests.test_refactor_smoke" name="test_subadmin_logins[release1@rilismusik.com-Release#2026]" time="0.314" /><testcase classname="backend.tests.test_refactor_smoke" name="test_subadmin_logins[marketing1@rilismusik.com-Marketing#2026]" time="0.326" /><testcase classname="backend.tests.test_refactor_smoke" name="test_register_returns_verification_token_then_logout" time="0.743" /><testcase classname="backend.tests.test_refactor_smoke" name="test_cms_landing_has_all_12_keys" time="0.094" /><testcase classname="backend.tests.test_refactor_smoke" name="test_admin_dashboards_and_lists" time="0.840" /><testcase classname="backend.tests.test_refactor_smoke" name="test_admin_cron_triggers_role_matrix" time="2.172" /><testcase classname="backend.tests.test_refactor_smoke" name="test_label_dashboard_strips_internal_fields" time="0.999" /><testcase classname="backend.tests.test_refactor_smoke" name="test_label_withdraw_window" time="0.851" /><testcase classname="backend.tests.test_refactor_smoke" name="test_notifications_me_shape" time="0.890" /><testcase classname="backend.tests.test_refactor_smoke" name="test_release_404_for_other_label" time="1.483" /></testsuite></testsuites>