<?xml version="1.0" encoding="utf-8"?><testsuites name="pytest tests"><testsuite name="pytest" errors="0" failures="0" skipped="1" tests="101" time="62.652" timestamp="2026-06-24T20:40:46.785016+00:00" hostname="agent-env-b995bc2d-d561-43fa-a86c-997bb4cc2248"><testcase classname="backend.tests.test_phase2_royalty_withdraw.TestRoyaltyImport" name="test_upload_csv_with_matched_isrc" time="0.459" /><testcase classname="backend.tests.test_phase2_royalty_withdraw.TestRoyaltyImport" name="test_calc_100eur_fee5_label60_rate17500" time="0.120" /><testcase classname="backend.tests.test_phase2_royalty_withdraw.TestRoyaltyImport" name="test_label_role_forbidden" time="0.439" /><testcase classname="backend.tests.test_phase2_royalty_withdraw.TestRoyaltyImport" name="test_publish_import" time="0.103" /><testcase classname="backend.tests.test_phase2_royalty_withdraw.TestRoyaltyImport" name="test_publish_again_fails" time="0.046" /><testcase classname="backend.tests.test_phase2_royalty_withdraw.TestRoyaltyImport" name="test_mark_dana_received" time="0.054" /><testcase classname="backend.tests.test_phase2_royalty_withdraw.TestRoyaltyImport" name="test_mark_dana_received_idempotent_block" time="0.050" /><testcase classname="backend.tests.test_phase2_royalty_withdraw.TestRoyaltyImport" name="test_list_imports_no_objectid" time="0.062" /><testcase classname="backend.tests.test_phase2_royalty_withdraw.TestLabelRoyaltyEndpoints" name="test_months" time="0.049" /><testcase classname="backend.tests.test_phase2_royalty_withdraw.TestLabelRoyaltyEndpoints" name="test_summary_for_period" time="0.049" /><testcase classname="backend.tests.test_phase2_royalty_withdraw.TestLabelRoyaltyEndpoints" name="test_lines_filtered" time="0.062" /><testcase classname="backend.tests.test_phase2_royalty_withdraw.TestLabelRoyaltyEndpoints" name="test_export_csv" time="0.048" /><testcase classname="backend.tests.test_phase2_royalty_withdraw.TestLabelRoyaltyEndpoints" name="test_multitenant_no_other_label_data" time="0.469" /><testcase classname="backend.tests.test_phase2_royalty_withdraw.TestManualMatch" name="test_manual_match_unmatched_line" time="0.308" /><testcase classname="backend.tests.test_phase2_royalty_withdraw.TestWithdraw" name="test_window" time="0.045" /><testcase classname="backend.tests.test_phase2_royalty_withdraw.TestWithdraw" name="test_request_blocked_when_closed_or_min" time="0.047" /><testcase classname="backend.tests.test_phase2_royalty_withdraw.TestWithdraw" name="test_request_min_idr_enforced" time="0.043" /><testcase classname="backend.tests.test_phase2_royalty_withdraw.TestWithdraw" name="test_admin_list_withdraws" time="0.053" /><testcase classname="backend.tests.test_phase3_tickets.TestCategories" name="test_list_categories" time="0.433" /><testcase classname="backend.tests.test_phase3_tickets.TestLabelCreate" name="test_create_takedown_success" time="0.061" /><testcase classname="backend.tests.test_phase3_tickets.TestLabelCreate" name="test_create_takedown_requires_reason" time="0.048" /><testcase classname="backend.tests.test_phase3_tickets.TestLabelCreate" name="test_create_edit_audio_requires_both" time="0.132" /><testcase classname="backend.tests.test_phase3_tickets.TestLabelCreate" name="test_create_edit_cover_requires_url" time="0.052" /><testcase classname="backend.tests.test_phase3_tickets.TestLabelCreate" name="test_create_edit_metadata_requires_both" time="0.105" /><testcase classname="backend.tests.test_phase3_tickets.TestLabelCreate" name="test_create_content_id_requires_originality" time="0.049" /><testcase classname="backend.tests.test_phase3_tickets.TestLabelCreate" name="test_cannot_create_for_other_label_release" time="0.372" /><testcase classname="backend.tests.test_phase3_tickets.TestListAndDetail" name="test_label_list_own_only" time="0.051" /><testcase classname="backend.tests.test_phase3_tickets.TestListAndDetail" name="test_other_label_cannot_read" time="0.049" /><testcase classname="backend.tests.test_phase3_tickets.TestListAndDetail" name="test_admin_list_all" time="0.371" /><testcase classname="backend.tests.test_phase3_tickets.TestListAndDetail" name="test_admin_filter_by_category" time="0.050" /><testcase classname="backend.tests.test_phase3_tickets.TestListAndDetail" name="test_admin_filter_by_status_q" time="0.054" /><testcase classname="backend.tests.test_phase3_tickets.TestCommentsAndStatusFlow" name="test_admin_comment_flips_to_waiting_label" time="0.059" /><testcase classname="backend.tests.test_phase3_tickets.TestCommentsAndStatusFlow" name="test_label_comment_flips_to_waiting_admin" time="0.051" /><testcase classname="backend.tests.test_phase3_tickets.TestCommentsAndStatusFlow" name="test_admin_update_status_in_progress" time="0.112" /><testcase classname="backend.tests.test_phase3_tickets.TestLabelCancel" name="test_cannot_cancel_done" time="0.211" /><testcase classname="backend.tests.test_phase3_tickets.TestLabelCancel" name="test_label_can_cancel_open" time="0.109" /><testcase classname="backend.tests.test_phase3_tickets.TestAttachmentUpload" name="test_audio_purpose_requires_wav" time="0.099" /><testcase classname="backend.tests.test_phase3_tickets.TestAttachmentUpload" name="test_cover_purpose_requires_3000" time="0.457" /><testcase classname="backend.tests.test_phase3_tickets.TestAttachmentUpload" name="test_general_purpose_accepts_pdf" time="0.122" /><testcase classname="backend.tests.test_phase3_tickets.TestAttachmentUpload" name="test_general_purpose_rejects_exe" time="0.113" /><testcase classname="backend.tests.test_phase4_addons.TestCurrencyRedaction" name="test_label_lines_no_eur" time="0.899" /><testcase classname="backend.tests.test_phase4_addons.TestCurrencyRedaction" name="test_admin_lines_keep_eur" time="0.109" /><testcase classname="backend.tests.test_phase4_addons.TestContracts" name="test_upload_pdf_rejects_non_pdf" time="0.101" /><testcase classname="backend.tests.test_phase4_addons.TestContracts" name="test_upload_pdf_accepts" time="0.093" /><testcase classname="backend.tests.test_phase4_addons.TestContracts" name="test_create_invalid_label" time="0.109" /><testcase classname="backend.tests.test_phase4_addons.TestContracts" name="test_create_invalid_dates" time="0.110" /><testcase classname="backend.tests.test_phase4_addons.TestContracts" name="test_effective_status_all_states" time="0.537" /><testcase classname="backend.tests.test_phase4_addons.TestContracts" name="test_admin_list_filter" time="0.110" /><testcase classname="backend.tests.test_phase4_addons.TestContracts" name="test_admin_detail_404" time="0.100" /><testcase classname="backend.tests.test_phase4_addons.TestContracts" name="test_extend_moves_to_active" time="0.304" /><testcase classname="backend.tests.test_phase4_addons.TestContracts" name="test_label_scope_isolation" time="0.863" /><testcase classname="backend.tests.test_phase4_addons.TestContracts" name="test_contract_creates_notification" time="2.687" /><testcase classname="backend.tests.test_phase4_addons.TestBlacklist" name="test_finance_cannot_blacklist" time="0.422" /><testcase classname="backend.tests.test_phase4_addons.TestBlacklist" name="test_blacklist_blocks_login_then_unblock" time="0.904" /><testcase classname="backend.tests.test_phase4_addons.TestNotifications" name="test_me_returns_shape" time="0.097" /><testcase classname="backend.tests.test_phase4_addons.TestNotifications" name="test_cross_user_mark_read_404" time="1.389" /><testcase classname="backend.tests.test_phase4_addons.TestNotifications" name="test_mark_read_and_mark_all_read" time="0.721" /><testcase classname="backend.tests.test_phase4_addons.TestNotifications" name="test_ticket_comment_notifies_label" time="1.540" /><testcase classname="backend.tests.test_phase4_addons.TestNotifications" name="test_ticket_status_change_notifies_label" time="1.469" /><testcase classname="backend.tests.test_phase4_addons.TestNotifications" name="test_label_comment_notifies_admin" time="1.879" /><testcase classname="backend.tests.test_phase5_redaction_cron.TestLabelProfileRedaction" name="test_login_response_redacts_label" time="0.772" /><testcase classname="backend.tests.test_phase5_redaction_cron.TestLabelProfileRedaction" name="test_auth_me_redacts_label" time="0.104" /><testcase classname="backend.tests.test_phase5_redaction_cron.TestLabelProfileRedaction" name="test_label_me_redacts" time="0.101" /><testcase classname="backend.tests.test_phase5_redaction_cron.TestLabelProfileRedaction" name="test_label_dashboard_redacts" time="0.100" /><testcase classname="backend.tests.test_phase5_redaction_cron.TestLabelProfileRedaction" name="test_register_new_label_redacts" time="0.352" /><testcase classname="backend.tests.test_phase5_redaction_cron.TestRoyaltyLinesRedaction" name="test_label_royalty_lines_redacted" time="0.101" /><testcase classname="backend.tests.test_phase5_redaction_cron.TestRoyaltyLinesRedaction" name="test_admin_royalty_lines_unredacted" time="0.425" /><testcase classname="backend.tests.test_phase5_redaction_cron.TestRoyaltyLinesRedaction" name="test_csv_export_columns_redacted" time="0.181" /><testcase classname="backend.tests.test_phase5_redaction_cron.TestAdminLabelDetailVisible" name="test_admin_sees_royalty_percentage" time="0.102" /><testcase classname="backend.tests.test_phase5_redaction_cron.TestSubscriptionCron" name="test_super_admin_can_trigger" time="0.103" /><testcase classname="backend.tests.test_phase5_redaction_cron.TestSubscriptionCron" name="test_finance_can_trigger" time="0.452" /><testcase classname="backend.tests.test_phase5_redaction_cron.TestSubscriptionCron" name="test_support_forbidden" time="0.441" /><testcase classname="backend.tests.test_phase5_redaction_cron.TestSubscriptionCron" name="test_release_forbidden" time="0.450" /><testcase classname="backend.tests.test_phase5_redaction_cron.TestSubscriptionCron" name="test_idempotent_no_duplicate_notifications" time="0.194" /><testcase classname="backend.tests.test_phase5_redaction_cron.TestContractCron" name="test_super_admin_can_trigger" time="0.115" /><testcase classname="backend.tests.test_phase5_redaction_cron.TestContractCron" name="test_release_can_trigger" time="0.096" /><testcase classname="backend.tests.test_phase5_redaction_cron.TestContractCron" name="test_finance_forbidden" time="0.098" /><testcase classname="backend.tests.test_phase5_redaction_cron.TestContractCron" name="test_support_forbidden" time="0.096" /><testcase classname="backend.tests.test_phase5_redaction_cron.TestContractCron" name="test_idempotent" time="0.257" /><testcase classname="backend.tests.test_phase5_redaction_cron.TestSubscriptionExpiredBehavior" name="test_manawa_transitions_to_expired" time="0.351" /><testcase classname="backend.tests.test_phase6_subscription_wami_legal.TestSubscriptionTiers" name="test_annual_normal_invoice_amount_and_tier" time="1.404" /><testcase classname="backend.tests.test_phase6_subscription_wami_legal.TestSubscriptionTiers" name="test_annual_vip_invoice_and_upgrade" time="0.310" /><testcase classname="backend.tests.test_phase6_subscription_wami_legal.TestSubscriptionTiers" name="test_invalid_tier_rejected" time="0.103" /><testcase classname="backend.tests.test_phase6_subscription_wami_legal.TestPayPerRelease" name="test_ppr_price_via_cms_pricing" time="0.095" /><testcase classname="backend.tests.test_phase6_subscription_wami_legal.TestPayPerRelease" name="test_ppr_invoice_via_release_submit" time="30.313"><skipped type="pytest.skip" message="Pay-per-release invoice cannot be created in isolation without cover upload; covered by CMS pricing assertion above.">/app/backend/tests/test_phase6_subscription_wami_legal.py:222: Pay-per-release invoice cannot be created in isolation without cover upload; covered by CMS pricing assertion above.</skipped></testcase><testcase classname="backend.tests.test_phase6_subscription_wami_legal.TestWamiNonVip" name="test_wami_paid_creates_order_and_invoice" time="1.124" /><testcase classname="backend.tests.test_phase6_subscription_wami_legal.TestWamiNonVip" name="test_wami_duplicate_prevention" time="0.100" /><testcase classname="backend.tests.test_phase6_subscription_wami_legal.TestWamiNonVip" name="test_wami_webhook_marks_paid_via_xendit" time="0.635" /><testcase classname="backend.tests.test_phase6_subscription_wami_legal.TestWamiVipFree" name="test_vip_wami_is_free" time="1.172" /><testcase classname="backend.tests.test_phase6_subscription_wami_legal.TestWamiLiveRequirement" name="test_draft_release_rejects_wami" time="0.303" /><testcase classname="backend.tests.test_phase6_subscription_wami_legal.TestWamiListings" name="test_label_lists_own_wami" time="0.198" /><testcase classname="backend.tests.test_phase6_subscription_wami_legal.TestWamiListings" name="test_admin_lists_all_wami" time="0.111" /><testcase classname="backend.tests.test_phase6_subscription_wami_legal.TestWamiAdminStatusUpdate" name="test_admin_in_progress_then_registered" time="0.226" /><testcase classname="backend.tests.test_phase6_subscription_wami_legal.TestWamiAdminStatusUpdate" name="test_admin_rejected" time="0.101" /><testcase classname="backend.tests.test_phase6_subscription_wami_legal.TestWamiAdminStatusUpdate" name="test_status_update_creates_notification" time="0.096" /><testcase classname="backend.tests.test_phase6_subscription_wami_legal.TestCmsLegalEntity" name="test_get_landing_has_legal_entity" time="0.094" /><testcase classname="backend.tests.test_phase6_subscription_wami_legal.TestCmsLegalEntity" name="test_patch_legal_entity_persists" time="0.503" /><testcase classname="backend.tests.test_phase6_subscription_wami_legal.TestRegressions" name="test_label_invoices_endpoint_works" time="0.141" /><testcase classname="backend.tests.test_phase6_subscription_wami_legal.TestRegressions" name="test_subscription_webhook_already_paid_idempotent" time="0.195" /><testcase classname="backend.tests.test_phase6_subscription_wami_legal.TestRegressions" name="test_royalty_lines_redaction_for_label" time="0.116" /><testcase classname="backend.tests.test_phase6_subscription_wami_legal.TestRegressions" name="test_no_pay_per_release_endpoint" time="0.121" /></testsuite></testsuites>