<?xml version="1.0" encoding="utf-8"?><testsuites name="pytest tests"><testsuite name="pytest" errors="0" failures="1" skipped="0" tests="5" time="18.948" timestamp="2026-09-03T13:53:29.669461+00:00" hostname="agent-env-b995bc2d-d561-43fa-a86c-997bb4cc2248"><testcase classname="backend.tests.test_phase66_mandatory_label_kyc" name="test_mandatory_kyc_private_document_and_review_flow" time="7.403" /><testcase classname="backend.tests.test_iter56_phase66_kyc_extended" name="test_unverified_label_notifications_access_but_core_blocked" time="1.153" /><testcase classname="backend.tests.test_iter56_phase66_kyc_extended" name="test_logo_5mb_and_ktp_10mb_limits_enforced_after_prerequisites" time="5.248" /><testcase classname="backend.tests.test_iter56_phase66_kyc_extended" name="test_reviewer_rbac_blocks_finance_allows_support_and_pending_dashboard" time="4.019" /><testcase classname="backend.tests.test_iter56_phase66_kyc_extended" name="test_verified_label_regression_core_endpoints_still_open" time="0.577"><failure message="AssertionError: assert False is True&#10; +  where False = &lt;built-in method get of dict object at 0xf8e871715d80&gt;('is_verified')&#10; +    where &lt;built-in method get of dict object at 0xf8e871715d80&gt; = {'status': 'incomplete', 'is_verified': False, 'prerequisites_complete': False, 'completed': 7, ...}.get&#10; +      where {'status': 'incomplete', 'is_verified': False, 'prerequisites_complete': False, 'completed': 7, ...} = json()&#10; +        where json = &lt;Response [200]&gt;.json">backend/tests/test_iter56_phase66_kyc_extended.py:146: in test_verified_label_regression_core_endpoints_still_open
    assert kyc.json().get("is_verified") is True
E   AssertionError: assert False is True
E    +  where False = &lt;built-in method get of dict object at 0xf8e871715d80&gt;('is_verified')
E    +    where &lt;built-in method get of dict object at 0xf8e871715d80&gt; = {'status': 'incomplete', 'is_verified': False, 'prerequisites_complete': False, 'completed': 7, ...}.get
E    +      where {'status': 'incomplete', 'is_verified': False, 'prerequisites_complete': False, 'completed': 7, ...} = json()
E    +        where json = &lt;Response [200]&gt;.json</failure></testcase></testsuite></testsuites>