<?xml version="1.0" encoding="utf-8"?><testsuites name="pytest tests"><testsuite name="pytest" errors="0" failures="0" skipped="0" tests="7" time="6.468" timestamp="2026-09-02T13:16:30.096919+00:00" hostname="agent-env-b995bc2d-d561-43fa-a86c-997bb4cc2248"><testcase classname="backend.tests.test_phase60_royalty_import_replacement" name="test_replacement_preserves_paid_history_adjusts_balance_and_active_request" time="1.424" /><testcase classname="backend.tests.test_iter50_royalty_import_replacement_guards" name="test_initiate_replacement_rejects_pending_review_import" time="0.533" /><testcase classname="backend.tests.test_iter50_royalty_import_replacement_guards" name="test_initiate_replacement_creates_staging_import_and_presigned_upload" time="0.611" /><testcase classname="backend.tests.test_iter50_royalty_import_replacement_guards" name="test_finance_can_preview_but_cannot_commit_replacement" time="1.696" /><testcase classname="backend.tests.test_iter50_royalty_import_replacement_guards" name="test_commit_rejects_if_replacement_signature_changed_after_preview" time="0.877" /><testcase classname="backend.tests.test_iter50_royalty_import_replacement_guards" name="test_staged_replacement_lines_excluded_from_admin_label_balance_snapshot" time="0.558" /><testcase classname="backend.tests.test_iter50_royalty_import_replacement_guards" name="test_cancel_replacement_blocked_while_committing" time="0.613" /></testsuite></testsuites>