<?xml version="1.0" encoding="utf-8"?><testsuites name="pytest tests"><testsuite name="pytest" errors="0" failures="0" skipped="0" tests="13" time="6.346" timestamp="2026-08-22T06:35:19.540253+00:00" hostname="agent-env-b995bc2d-d561-43fa-a86c-997bb4cc2248"><testcase classname="backend.tests.test_phase32_dynamic_royalty_legacy" name="test_dynamic_percentage_and_legacy_cutoff_end_to_end" time="2.357" /><testcase classname="backend.tests.test_phase22_legacy_withdraw_migration" name="test_rbac_non_super_admin_rejected" time="0.525" /><testcase classname="backend.tests.test_phase22_legacy_withdraw_migration" name="test_empty_csv_rejected" time="0.420" /><testcase classname="backend.tests.test_phase22_legacy_withdraw_migration" name="test_missing_period_end_column_rejected" time="0.095" /><testcase classname="backend.tests.test_phase22_legacy_withdraw_migration" name="test_dry_run_does_not_mutate" time="0.102" /><testcase classname="backend.tests.test_phase22_legacy_withdraw_migration" name="test_fuzzy_matcher_handles_punctuation_and_pt_prefix" time="0.098" /><testcase classname="backend.tests.test_phase22_legacy_withdraw_migration" name="test_commit_idempotent" time="0.413" /><testcase classname="backend.tests.test_phase22_legacy_withdraw_migration" name="test_b_label_only_advances_not_regresses" time="0.203" /><testcase classname="backend.tests.test_phase22_extras" name="test_rbac_other_subadmins_rejected[creds0]" time="0.428" /><testcase classname="backend.tests.test_phase22_extras" name="test_rbac_other_subadmins_rejected[creds1]" time="0.415" /><testcase classname="backend.tests.test_phase22_extras" name="test_flip_lines_false_keeps_statuses" time="0.555" /><testcase classname="backend.tests.test_phase22_extras" name="test_adjust_balances_false_keeps_balances" time="0.207" /><testcase classname="backend.tests.test_phase22_extras" name="test_flip_lines_true_and_adjust_true_full_effect" time="0.207" /></testsuite></testsuites>