<?xml version="1.0" encoding="utf-8"?><testsuites name="pytest tests"><testsuite name="pytest" errors="0" failures="0" skipped="0" tests="9" time="21.357" timestamp="2026-09-04T09:48:09.018219+00:00" hostname="agent-env-b995bc2d-d561-43fa-a86c-997bb4cc2248"><testcase classname="backend.tests.test_phase68_artist_social_whatsapp" name="test_artist_account_requires_valid_social_links_and_supports_updates" time="1.443" /><testcase classname="backend.tests.test_phase68_artist_social_whatsapp" name="test_submit_snapshots_saved_socials_persists_new_artist_and_exposes_whatsapp" time="1.745" /><testcase classname="backend.tests.test_phase65_release_submission_workflow" name="test_complete_ppr_revision_payment_believe_live_takedown_flow" time="3.794" /><testcase classname="backend.tests.test_phase65_release_submission_workflow" name="test_annual_release_bypasses_payment_after_review" time="0.557" /><testcase classname="backend.tests.test_iter55_release_rbac_revision" name="test_only_owner_label_can_edit_release_draft" time="1.564" /><testcase classname="backend.tests.test_iter55_release_rbac_revision" name="test_need_revision_resubmit_clears_active_note_preserves_history" time="2.079" /><testcase classname="backend.tests.test_iter55_release_rbac_revision" name="test_finance_cannot_mutate_release_workflow" time="1.250" /><testcase classname="backend.tests.test_iter55_release_rbac_revision" name="test_draft_rejects_custom_youtube_handle" time="0.701" /><testcase classname="backend.tests.test_phase66_mandatory_label_kyc" name="test_mandatory_kyc_private_document_and_review_flow" time="7.749" /></testsuite></testsuites>