<?xml version="1.0" encoding="utf-8"?><testsuites name="pytest tests"><testsuite name="pytest" errors="0" failures="2" skipped="0" tests="8" time="15.101" timestamp="2026-09-09T10:05:30.262774+00:00" hostname="agent-env-b995bc2d-d561-43fa-a86c-997bb4cc2248"><testcase classname="backend.tests.test_iter68_content_id_claim" name="test_content_id_claim_requires_creator_payload" time="1.320" /><testcase classname="backend.tests.test_iter68_content_id_claim" name="test_non_claim_category_rejects_creator_payload" time="0.123" /><testcase classname="backend.tests.test_iter68_content_id_claim" name="test_asset_upload_validation_and_private_headers" time="1.862"><failure message="AssertionError: assert 'no-store, no...st-revalidate' == 'no-store, private'&#10;  &#10;  - no-store, private&#10;  + no-store, no-cache, must-revalidate">backend/tests/test_iter68_content_id_claim.py:205: in test_asset_upload_validation_and_private_headers
    assert fetched.headers.get("cache-control") == "no-store, private"
E   AssertionError: assert 'no-store, no...st-revalidate' == 'no-store, private'
E     
E     - no-store, private
E     + no-store, no-cache, must-revalidate</failure></testcase><testcase classname="backend.tests.test_iter68_content_id_claim" name="test_asset_upload_rejects_oversize_and_gif_bytes" time="1.640" /><testcase classname="backend.tests.test_iter68_content_id_claim" name="test_content_id_ticket_idempotency_docs_and_visibility" time="3.615"><failure message="AssertionError: assert 'no-store, no...st-revalidate' == 'no-store, private'&#10;  &#10;  - no-store, private&#10;  + no-store, no-cache, must-revalidate">backend/tests/test_iter68_content_id_claim.py:301: in test_content_id_ticket_idempotency_docs_and_visibility
    assert docs_owner.headers.get("cache-control") == "no-store, private"
E   AssertionError: assert 'no-store, no...st-revalidate' == 'no-store, private'
E     
E     - no-store, private
E     + no-store, no-cache, must-revalidate</failure></testcase><testcase classname="backend.tests.test_iter68_content_id_claim" name="test_duplicate_nik_rejected" time="3.701" /><testcase classname="backend.tests.test_iter68_content_id_claim" name="test_swapped_signature_and_ktp_asset_ids_rejected" time="2.338" /><testcase classname="backend.tests.test_iter68_content_id_claim" name="test_content_id_request_in_progress_returns_409" time="0.152" /></testsuite></testsuites>