<?xml version="1.0" encoding="utf-8"?><testsuites name="pytest tests"><testsuite name="pytest" errors="0" failures="0" skipped="0" tests="6" time="30.939" timestamp="2026-09-09T10:23:59.790143+00:00" hostname="agent-env-b995bc2d-d561-43fa-a86c-997bb4cc2248"><testcase classname="backend.tests.test_iter69_content_id_followup" name="test_multi_creator_submission_and_privacy" time="11.423" /><testcase classname="backend.tests.test_iter69_content_id_followup" name="test_signature_ink_visibility_and_track_coverage_validation" time="2.324" /><testcase classname="backend.tests.test_iter69_content_id_followup" name="test_foreign_release_denied_and_single_creator_all_tracks" time="3.536" /><testcase classname="backend.tests.test_iter69_content_id_followup" name="test_shared_track_joint_authorship_wording" time="8.619" /><testcase classname="backend.tests.test_iter69_content_id_followup" name="test_pdf_long_content_pagination_and_render_artifacts" time="0.356" /><testcase classname="backend.tests.test_iter69_content_id_followup" name="test_unit_pdf_upload_failure_rolls_back" time="4.098" /></testsuite></testsuites>