<?xml version="1.0" encoding="utf-8"?><testsuites name="pytest tests"><testsuite name="pytest" errors="0" failures="0" skipped="1" tests="30" time="19.061" timestamp="2026-08-23T10:22:16.174349+00:00" hostname="agent-env-b995bc2d-d561-43fa-a86c-997bb4cc2248"><testcase classname="tests.test_phase25_label_account_lifecycle" name="test_revoke_account_clears_user_id_and_disables_user" time="0.839" /><testcase classname="tests.test_phase25_label_account_lifecycle" name="test_revoke_account_cascade_disables_artists" time="0.360" /><testcase classname="tests.test_phase25_label_account_lifecycle" name="test_revoke_account_rejects_label_without_user" time="0.099" /><testcase classname="tests.test_phase25_label_account_lifecycle" name="test_revoke_account_rbac_finance_denied" time="0.705" /><testcase classname="tests.test_phase25_label_account_lifecycle" name="test_change_email_updates_user_and_label" time="0.328" /><testcase classname="tests.test_phase25_label_account_lifecycle" name="test_change_email_rejects_duplicate" time="0.348" /><testcase classname="tests.test_phase25_label_account_lifecycle" name="test_change_email_rejects_invalid_format" time="0.339" /><testcase classname="tests.test_phase25_label_account_lifecycle" name="test_change_email_rejects_same_email" time="0.348" /><testcase classname="tests.test_phase25_label_account_lifecycle" name="test_change_email_rbac_finance_denied" time="0.642" /><testcase classname="tests.test_phase25_label_account_lifecycle" name="test_label_dashboard_reads_latest_unwithdrawn_revenue" time="0.662" /><testcase classname="tests.test_phase33_xendit_polling" name="test_session_payload_and_mocked_provider_fulfillment" time="0.066" /><testcase classname="tests.test_phase33_xendit_polling" name="test_custom_product_and_local_invoices_do_not_call_xendit" time="1.586" /><testcase classname="tests.test_phase33_xendit_polling" name="test_completed_amount_mismatch_is_rejected" time="0.001" /><testcase classname="tests.test_phase33_xendit_polling" name="test_subscription_wami_and_custom_service_fulfillment_are_idempotent" time="0.021" /><testcase classname="tests.test_phase33_xendit_safe_api" name="test_config_disabled_endpoints_and_ownership_access_without_checkout" time="2.508" /><testcase classname="tests.test_phase33_xendit_safe_api" name="test_custom_product_and_invoice_creation_are_local_and_objectid_hidden" time="1.360" /><testcase classname="tests.test_phase32_dynamic_royalty_legacy" name="test_dynamic_percentage_and_legacy_cutoff_end_to_end" time="2.201" /><testcase classname="tests.test_phase32_label_visibility_endpoints" name="test_label_endpoints_hide_legacy_and_compute_only_post_cutoff_available" time="1.147" /><testcase classname="tests.test_phase32_percentage_blocked_by_active_withdraw" name="test_patch_label_percentage_returns_409_when_withdraw_requested_exists" time="0.645" /><testcase classname="tests.test_phase16_4_delete_import_and_dashboard_cache.TestRoyaltyImportDelete" name="test_delete_awaiting_upload_succeeds" time="1.300" /><testcase classname="tests.test_phase16_4_delete_import_and_dashboard_cache.TestRoyaltyImportDelete" name="test_finance_admin_gets_403" time="0.619" /><testcase classname="tests.test_phase16_4_delete_import_and_dashboard_cache.TestRoyaltyImportDelete" name="test_delete_unauthenticated_blocked" time="0.295" /><testcase classname="tests.test_phase16_4_delete_import_and_dashboard_cache.TestRoyaltyImportDelete" name="test_delete_nonexistent_returns_404" time="0.094" /><testcase classname="tests.test_phase16_4_delete_import_and_dashboard_cache.TestRoyaltyImportDelete" name="test_delete_published_returns_400" time="0.092"><skipped type="pytest.skip" message="no published imports in DB to test against">/app/backend/tests/test_phase16_4_delete_import_and_dashboard_cache.py:154: no published imports in DB to test against</skipped></testcase><testcase classname="tests.test_phase16_4_delete_import_and_dashboard_cache.TestDashboardRevenueCache" name="test_dashboard_response_has_cache_age_field" time="0.091" /><testcase classname="tests.test_phase16_4_delete_import_and_dashboard_cache.TestDashboardRevenueCache" name="test_second_call_serves_from_cache_fast" time="0.201" /><testcase classname="tests.test_phase16_4_delete_import_and_dashboard_cache.TestDashboardRevenueCache" name="test_refresh_revenue_super_admin" time="0.107" /><testcase classname="tests.test_phase16_4_delete_import_and_dashboard_cache.TestDashboardRevenueCache" name="test_refresh_revenue_finance_admin_allowed" time="0.088" /><testcase classname="tests.test_phase16_4_delete_import_and_dashboard_cache.TestDashboardRevenueCache" name="test_refresh_revenue_unauthenticated_blocked" time="0.107" /><testcase classname="tests.test_phase16_4_delete_import_and_dashboard_cache.TestCacheInvalidationAfterDelete" name="test_delete_triggers_background_recompute" time="1.506" /></testsuite></testsuites>