<?xml version="1.0" encoding="utf-8"?><testsuites name="pytest tests"><testsuite name="pytest" errors="0" failures="1" skipped="0" tests="14" time="29.193" timestamp="2026-06-28T18:26:01.862440+00:00" hostname="agent-env-b995bc2d-d561-43fa-a86c-997bb4cc2248"><testcase classname="tests.test_phase13_reset_all_data.TestRBAC" name="test_a1_no_auth_returns_401" time="0.226" /><testcase classname="tests.test_phase13_reset_all_data.TestRBAC" name="test_a2_non_super_admin_returns_403" time="0.447" /><testcase classname="tests.test_phase13_reset_all_data.TestRBAC" name="test_a3_wrong_confirm_returns_400" time="0.461" /><testcase classname="tests.test_phase13_reset_all_data.TestSeedThenReset" name="test_b1_seed_label_account" time="2.787" /><testcase classname="tests.test_phase13_reset_all_data.TestSeedThenReset" name="test_b2_seed_release_draft" time="0.510" /><testcase classname="tests.test_phase13_reset_all_data.TestSeedThenReset" name="test_b3_seed_royalty_csv" time="2.408" /><testcase classname="tests.test_phase13_reset_all_data.TestSeedThenReset" name="test_b4_seed_r2_file" time="0.693" /><testcase classname="tests.test_phase13_reset_all_data.TestSeedThenReset" name="test_c1_reset_success" time="20.119" /><testcase classname="tests.test_phase13_reset_all_data.TestSeedThenReset" name="test_c2_labels_empty" time="0.142" /><testcase classname="tests.test_phase13_reset_all_data.TestSeedThenReset" name="test_c3_royalty_imports_empty" time="0.105" /><testcase classname="tests.test_phase13_reset_all_data.TestSeedThenReset" name="test_c4_test_label_cannot_login" time="0.115" /><testcase classname="tests.test_phase13_reset_all_data.TestSeedThenReset" name="test_c5_super_admin_login_still_works" time="0.387" /><testcase classname="tests.test_phase13_reset_all_data.TestSeedThenReset" name="test_c6_cms_landing_still_works" time="0.102" /><testcase classname="tests.test_phase13_reset_all_data.TestSeedThenReset" name="test_d1_reset_idempotent" time="0.585"><failure message="AssertionError: expected 0 users on re-run, got {'users_deleted_non_admin': 1, 'labels': 0, 'releases': 0, 'tracks': 0, 'artists': 0, 'bank_accounts': 0, 'royalty_imports': 0, 'royalty_lines': 0, 'royalty_percentage_history': 0, 'balance_transactions': 0, 'withdraw_requests': 0, 'contracts': 0, 'support_tickets': 0, 'ticket_comments': 0, 'payments': 0, 'wami_orders': 0, 'notifications': 0, 'activity_logs': 1, 'login_attempts': 1, 'email_verification_tokens': 0, 'password_reset_tokens': 0, 'reseed': 'ok'}&#10;assert 1 == 0&#10; +  where 1 = &lt;built-in method get of dict object at 0xfda81b31e480&gt;('users_deleted_non_admin', 0)&#10; +    where &lt;built-in method get of dict object at 0xfda81b31e480&gt; = {'users_deleted_non_admin': 1, 'labels': 0, 'releases': 0, 'tracks': 0, ...}.get">tests/test_phase13_reset_all_data.py:269: in test_d1_reset_idempotent
    assert rep.get("users_deleted_non_admin", 0) == 0, f"expected 0 users on re-run, got {rep}"
E   AssertionError: expected 0 users on re-run, got {'users_deleted_non_admin': 1, 'labels': 0, 'releases': 0, 'tracks': 0, 'artists': 0, 'bank_accounts': 0, 'royalty_imports': 0, 'royalty_lines': 0, 'royalty_percentage_history': 0, 'balance_transactions': 0, 'withdraw_requests': 0, 'contracts': 0, 'support_tickets': 0, 'ticket_comments': 0, 'payments': 0, 'wami_orders': 0, 'notifications': 0, 'activity_logs': 1, 'login_attempts': 1, 'email_verification_tokens': 0, 'password_reset_tokens': 0, 'reseed': 'ok'}
E   assert 1 == 0
E    +  where 1 = &lt;built-in method get of dict object at 0xfda81b31e480&gt;('users_deleted_non_admin', 0)
E    +    where &lt;built-in method get of dict object at 0xfda81b31e480&gt; = {'users_deleted_non_admin': 1, 'labels': 0, 'releases': 0, 'tracks': 0, ...}.get</failure></testcase></testsuite></testsuites>