<?xml version="1.0" encoding="utf-8"?><testsuites name="pytest tests"><testsuite name="pytest" errors="0" failures="0" skipped="0" tests="7" time="7.152" timestamp="2026-09-14T19:51:32.548654+00:00" hostname="agent-env-b995bc2d-d561-43fa-a86c-997bb4cc2248"><testcase classname="tests.test_iter79_email_hooks.TestCron" name="test_payment_reminders_endpoint" time="1.479" /><testcase classname="tests.test_iter79_email_hooks.TestCron" name="test_payment_reminders_marks_stale_invoice" time="3.228" /><testcase classname="tests.test_iter79_email_hooks.TestCron" name="test_subscription_check_endpoint" time="0.201" /><testcase classname="tests.test_iter79_email_hooks.TestTicketEmailHooks" name="test_ticket_create_includes_email_hook" time="0.388" /><testcase classname="tests.test_iter79_email_hooks.TestTicketEmailHooks" name="test_admin_ticket_status_transitions_dont_500" time="0.600" /><testcase classname="tests.test_iter79_email_hooks.TestReleaseAdminActionEmailHooks" name="test_all_lifecycle_actions_do_not_500" time="0.819" /><testcase classname="tests.test_iter79_email_hooks.TestAddonOrderEmailHooks" name="test_admin_status_and_delivery_hooks" time="0.287" /></testsuite></testsuites>