<?xml version="1.0" encoding="utf-8"?><testsuites name="pytest tests"><testsuite name="pytest" errors="0" failures="0" skipped="0" tests="8" time="19.013" timestamp="2026-09-09T10:11:46.249965+00:00" hostname="agent-env-b995bc2d-d561-43fa-a86c-997bb4cc2248"><testcase classname="tests.test_iter68_content_id_claim" name="test_content_id_claim_requires_creator_payload" time="1.337" /><testcase classname="tests.test_iter68_content_id_claim" name="test_non_claim_category_rejects_creator_payload" time="0.130" /><testcase classname="tests.test_iter68_content_id_claim" name="test_asset_upload_validation_and_private_headers" time="2.478" /><testcase classname="tests.test_iter68_content_id_claim" name="test_asset_upload_rejects_oversize_and_gif_bytes" time="1.884" /><testcase classname="tests.test_iter68_content_id_claim" name="test_content_id_ticket_idempotency_docs_and_visibility" time="5.000" /><testcase classname="tests.test_iter68_content_id_claim" name="test_duplicate_nik_rejected" time="3.635" /><testcase classname="tests.test_iter68_content_id_claim" name="test_swapped_signature_and_ktp_asset_ids_rejected" time="1.722" /><testcase classname="tests.test_iter68_content_id_claim" name="test_content_id_request_in_progress_returns_409" time="2.546" /></testsuite></testsuites>