<?xml version="1.0" encoding="utf-8"?><testsuites name="pytest tests"><testsuite name="pytest" errors="0" failures="0" skipped="0" tests="9" time="2.998" timestamp="2026-09-15T21:46:40.663809+00:00" hostname="agent-env-b995bc2d-d561-43fa-a86c-997bb4cc2248"><testcase classname="backend.tests.test_iter91_work_scope.TestSuperAdminWorkScope" name="test_my_only_super_admin_only_and_no_gaps" time="1.580" /><testcase classname="backend.tests.test_iter91_work_scope.TestSuperAdminWorkScope" name="test_team_only_permission_scope" time="0.184" /><testcase classname="backend.tests.test_iter91_work_scope.TestSuperAdminWorkScope" name="test_my_and_team_are_disjoint" time="0.294" /><testcase classname="backend.tests.test_iter91_work_scope.TestWorkSettingsAndRemovedResponsibilities" name="test_settings_shape" time="0.124" /><testcase classname="backend.tests.test_iter91_work_scope.TestWorkSettingsAndRemovedResponsibilities" name="test_responsibilities_endpoint_removed" time="0.143" /><testcase classname="backend.tests.test_iter91_work_scope.TestWorkSettingsAndRemovedResponsibilities" name="test_responsibilities_put_removed" time="0.122" /><testcase classname="backend.tests.test_iter91_work_scope.TestDynamicRoleMyWork" name="test_release_admin" time="0.146" /><testcase classname="backend.tests.test_iter91_work_scope.TestDynamicRoleMyWork" name="test_finance_admin" time="0.153" /><testcase classname="backend.tests.test_iter91_work_scope.TestPerformanceRegression" name="test_overview_ok" time="0.165" /></testsuite></testsuites>