<?xml version="1.0" encoding="utf-8"?><testsuites name="pytest tests"><testsuite name="pytest" errors="0" failures="0" skipped="0" tests="17" time="5.114" timestamp="2026-09-14T10:27:43.526728+00:00" hostname="agent-env-b995bc2d-d561-43fa-a86c-997bb4cc2248"><testcase classname="backend.tests.test_iter72_rbac_rate_change.TestRateChangeWorkflow" name="test_finance_direct_forbidden" time="1.772" /><testcase classname="backend.tests.test_iter72_rbac_rate_change.TestRateChangeWorkflow" name="test_finance_patch_label_royalty_forbidden" time="0.140" /><testcase classname="backend.tests.test_iter72_rbac_rate_change.TestRateChangeWorkflow" name="test_finance_creates_pending_request_and_live_unchanged" time="0.380" /><testcase classname="backend.tests.test_iter72_rbac_rate_change.TestRateChangeWorkflow" name="test_duplicate_pending_guard" time="0.122" /><testcase classname="backend.tests.test_iter72_rbac_rate_change.TestRateChangeWorkflow" name="test_finance_cannot_approve" time="0.136" /><testcase classname="backend.tests.test_iter72_rbac_rate_change.TestRateChangeWorkflow" name="test_super_admin_approves_applies_value" time="0.275" /><testcase classname="backend.tests.test_iter72_rbac_rate_change.TestRateChangeWorkflow" name="test_super_admin_direct_restore" time="0.237" /><testcase classname="backend.tests.test_iter72_rbac_rate_change.TestValidateAndPreview" name="test_validate_redundant" time="0.118" /><testcase classname="backend.tests.test_iter72_rbac_rate_change.TestValidateAndPreview" name="test_validate_missing_prerequisite" time="0.135" /><testcase classname="backend.tests.test_iter72_rbac_rate_change.TestValidateAndPreview" name="test_preview_labels_view_readonly" time="0.117" /><testcase classname="backend.tests.test_iter72_rbac_rate_change.TestValidateAndPreview" name="test_preview_inactive_all_unavailable" time="0.146" /><testcase classname="backend.tests.test_iter72_rbac_rate_change.TestRoleCRUD" name="test_full_lifecycle_and_builtin_protection" time="0.820" /><testcase classname="backend.tests.test_iter72_rbac_rate_change.TestModuleRegression" name="test_module_access[finance-/admin/labels?limit=1-200]" time="0.115" /><testcase classname="backend.tests.test_iter72_rbac_rate_change.TestModuleRegression" name="test_module_access[finance-/admin/payments?limit=1-200]" time="0.133" /><testcase classname="backend.tests.test_iter72_rbac_rate_change.TestModuleRegression" name="test_module_access[finance-/withdraw/admin?limit=1-200]" time="0.117" /><testcase classname="backend.tests.test_iter72_rbac_rate_change.TestModuleRegression" name="test_module_access[support-/tickets/admin?limit=1-200]" time="0.119" /><testcase classname="backend.tests.test_iter72_rbac_rate_change.TestModuleRegression" name="test_module_access[release-/admin/releases?limit=1-200]" time="0.142" /></testsuite></testsuites>