<?xml version="1.0" encoding="utf-8"?><testsuites name="pytest tests"><testsuite name="pytest" errors="0" failures="0" skipped="1" tests="21" time="3.349" timestamp="2026-06-29T16:07:53.904628+00:00" hostname="agent-env-b995bc2d-d561-43fa-a86c-997bb4cc2248"><testcase classname="tests.test_phase18_analytics.TestAnalyticsPeriods" name="test_periods_super_admin" time="0.653" /><testcase classname="tests.test_phase18_analytics.TestAnalyticsPeriods" name="test_periods_finance_allowed" time="0.378" /><testcase classname="tests.test_phase18_analytics.TestAnalyticsPeriods" name="test_periods_support_allowed" time="0.394" /><testcase classname="tests.test_phase18_analytics.TestAnalyticsStatus" name="test_status_super" time="0.049" /><testcase classname="tests.test_phase18_analytics.TestAnalyticsStatus" name="test_status_finance" time="0.047" /><testcase classname="tests.test_phase18_analytics.TestAnalyticsStatus" name="test_status_support" time="0.106" /><testcase classname="tests.test_phase18_analytics.TestRecomputeAuth" name="test_recompute_finance_forbidden" time="0.050" /><testcase classname="tests.test_phase18_analytics.TestRecomputeAuth" name="test_recompute_support_forbidden" time="0.100" /><testcase classname="tests.test_phase18_analytics.TestRecomputeAuth" name="test_recompute_release_forbidden" time="0.415" /><testcase classname="tests.test_phase18_analytics.TestRecomputeAuth" name="test_recompute_super_allowed" time="0.134" /><testcase classname="tests.test_phase18_analytics.TestMonthlyCachePath" name="test_monthly_default_returns_cache" time="0.054" /><testcase classname="tests.test_phase18_analytics.TestMonthlyCachePath" name="test_monthly_period_range_filters" time="0.098" /><testcase classname="tests.test_phase18_analytics.TestMonthlyCachePath" name="test_monthly_response_under_3s" time="0.051" /><testcase classname="tests.test_phase18_analytics.TestMonthlyLivePath" name="test_filter_by_platform_is_live" time="0.108" /><testcase classname="tests.test_phase18_analytics.TestMonthlyLivePath" name="test_filter_by_country_is_live" time="0.099" /><testcase classname="tests.test_phase18_analytics.TestMonthlyLivePath" name="test_filter_by_label_is_live" time="0.099" /><testcase classname="tests.test_phase18_analytics.TestMonthlyLivePath" name="test_filter_by_artist_is_live" time="0.050"><skipped type="pytest.skip" message="No artist data">/app/backend/tests/test_phase18_analytics.py:229: No artist data</skipped></testcase><testcase classname="tests.test_phase18_analytics.TestMonthlyLivePath" name="test_filter_by_track_is_live" time="0.104" /><testcase classname="tests.test_phase18_analytics.TestMonthlyAuth" name="test_monthly_no_auth" time="0.098" /><testcase classname="tests.test_phase18_analytics.TestMonthlyAuth" name="test_monthly_finance_allowed" time="0.048" /><testcase classname="tests.test_phase18_analytics.TestMonthlyAuth" name="test_monthly_support_allowed" time="0.059" /></testsuite></testsuites>