<?xml version="1.0" encoding="utf-8"?><testsuites name="pytest tests"><testsuite name="pytest" errors="0" failures="0" skipped="0" tests="18" time="28.602" timestamp="2026-06-29T07:41:41.151036+00:00" hostname="agent-env-b995bc2d-d561-43fa-a86c-997bb4cc2248"><testcase classname="tests.test_phase17_regression.TestLabelAuthRegression" name="test_register_login_me_logout_flow" time="3.054" /><testcase classname="tests.test_phase17_regression.TestLabelAuthRegression" name="test_forgot_then_reset_then_relogin" time="5.044" /><testcase classname="tests.test_phase17_regression.TestLabelAuthRegression" name="test_forgot_unknown_email_returns_ok_no_enumeration" time="0.094" /><testcase classname="tests.test_phase17_regression.TestSuperAdminRegression" name="test_super_admin_login_and_me" time="0.418" /><testcase classname="tests.test_phase17_regression.TestSuperAdminRegression" name="test_jwt_carries_tv_claim" time="0.000" /><testcase classname="tests.test_phase17_regression.TestSuperAdminRegression" name="test_admin_endpoints_return_200[/admin/labels-200]" time="0.098" /><testcase classname="tests.test_phase17_regression.TestSuperAdminRegression" name="test_admin_endpoints_return_200[/label/invoices-403]" time="0.100" /><testcase classname="tests.test_phase17_regression.TestSuperAdminRegression" name="test_admin_endpoints_return_200[/contracts/admin-200]" time="0.097" /><testcase classname="tests.test_phase17_regression.TestSuperAdminRegression" name="test_admin_endpoints_return_200[/withdraw/window-200]" time="0.099" /><testcase classname="tests.test_phase17_regression.TestSuperAdminRegression" name="test_admin_endpoints_return_200[/royalty/admin/imports-200]" time="0.092" /><testcase classname="tests.test_phase17_regression.TestSuperAdminRegression" name="test_admin_endpoints_return_200[/cms/landing-200]" time="0.094" /><testcase classname="tests.test_phase17_security" name="test_sec001_forgot_password_does_not_leak_token" time="1.476" /><testcase classname="tests.test_phase17_security" name="test_sec001_register_does_not_leak_token" time="2.200" /><testcase classname="tests.test_phase17_security" name="test_sec001_xendit_webhook_rejects_unauthenticated_calls" time="0.093" /><testcase classname="tests.test_phase17_security" name="test_sec002_login_lockout_per_email_even_with_rotating_xff" time="0.401" /><testcase classname="tests.test_phase17_security" name="test_sec003_reset_invalidates_old_access_token" time="4.177" /><testcase classname="tests.test_phase17_security" name="test_sec003_reset_invalidates_other_outstanding_reset_tokens" time="10.988" /><testcase classname="tests.test_phase17_security" name="test_sec004_email_h_escapes_html" time="0.004" /></testsuite></testsuites>