<?xml version="1.0" encoding="utf-8"?><testsuites name="pytest tests"><testsuite name="pytest" errors="0" failures="0" skipped="0" tests="5" time="3.116" timestamp="2026-09-09T08:03:16.636238+00:00" hostname="agent-env-b995bc2d-d561-43fa-a86c-997bb4cc2248"><testcase classname="backend.tests.test_iter65_p0_refresh_regression" name="test_auth_login_sets_http_only_cookie_and_bcrypt_hash_uses_2b_prefix" time="0.477" /><testcase classname="backend.tests.test_iter65_p0_refresh_regression" name="test_admin_access_catalog_excludes_label_rates_and_has_navigation_payload" time="0.629" /><testcase classname="backend.tests.test_iter65_p0_refresh_regression" name="test_admin_navigation_excludes_label_rates_for_super_admin" time="0.494" /><testcase classname="backend.tests.test_iter65_p0_refresh_regression" name="test_chat_unread_includes_latest_incoming_fields_and_integer_unread_count" time="0.524" /><testcase classname="backend.tests.test_iter65_p0_refresh_regression" name="test_removed_reset_all_data_endpoint_is_not_available" time="0.475" /></testsuite></testsuites>