<?xml version="1.0" encoding="utf-8"?><testsuites name="pytest tests"><testsuite name="pytest" errors="0" failures="0" skipped="0" tests="3" time="6.298" timestamp="2026-08-22T07:05:51.843934+00:00" hostname="agent-env-b995bc2d-d561-43fa-a86c-997bb4cc2248"><testcase classname="backend.tests.test_phase32_dynamic_royalty_legacy" name="test_dynamic_percentage_and_legacy_cutoff_end_to_end" time="3.471" /><testcase classname="backend.tests.test_phase32_label_visibility_endpoints" name="test_label_endpoints_hide_legacy_and_compute_only_post_cutoff_available" time="1.634" /><testcase classname="backend.tests.test_phase32_percentage_blocked_by_active_withdraw" name="test_patch_label_percentage_returns_409_when_withdraw_requested_exists" time="0.893" /></testsuite></testsuites>