<?xml version="1.0" encoding="utf-8"?><testsuites name="pytest tests"><testsuite name="pytest" errors="0" failures="0" skipped="0" tests="7" time="1.820" timestamp="2026-06-29T16:55:20.307338+00:00" hostname="agent-env-b995bc2d-d561-43fa-a86c-997bb4cc2248"><testcase classname="tests.test_phase22_legacy_withdraw_migration" name="test_rbac_non_super_admin_rejected" time="0.628" /><testcase classname="tests.test_phase22_legacy_withdraw_migration" name="test_empty_csv_rejected" time="0.448" /><testcase classname="tests.test_phase22_legacy_withdraw_migration" name="test_missing_period_end_column_rejected" time="0.112" /><testcase classname="tests.test_phase22_legacy_withdraw_migration" name="test_dry_run_does_not_mutate" time="0.110" /><testcase classname="tests.test_phase22_legacy_withdraw_migration" name="test_fuzzy_matcher_handles_punctuation_and_pt_prefix" time="0.109" /><testcase classname="tests.test_phase22_legacy_withdraw_migration" name="test_commit_idempotent" time="0.233" /><testcase classname="tests.test_phase22_legacy_withdraw_migration" name="test_b_label_only_advances_not_regresses" time="0.117" /></testsuite></testsuites>