<?xml version="1.0" encoding="utf-8"?><testsuites name="pytest tests"><testsuite name="pytest" errors="0" failures="0" skipped="0" tests="24" time="11.723" timestamp="2026-06-28T20:59:39.774395+00:00" hostname="agent-env-b995bc2d-d561-43fa-a86c-997bb4cc2248"><testcase classname="backend.tests.test_phase16_background_publish.TestHealth" name="test_backend_reachable" time="0.293" /><testcase classname="backend.tests.test_phase16_background_publish.TestHealth" name="test_super_admin_login" time="0.363" /><testcase classname="backend.tests.test_phase16_background_publish.TestHealth" name="test_finance_login" time="0.377" /><testcase classname="backend.tests.test_phase16_background_publish.TestHealth" name="test_release_admin_login" time="0.326" /><testcase classname="backend.tests.test_phase16_background_publish.TestAuthGates" name="test_anon_publish_401" time="3.950" /><testcase classname="backend.tests.test_phase16_background_publish.TestAuthGates" name="test_release_admin_publish_403" time="0.109" /><testcase classname="backend.tests.test_phase16_background_publish.TestBackgroundPublish" name="test_step1_publish_returns_immediately" time="0.113" /><testcase classname="backend.tests.test_phase16_background_publish.TestBackgroundPublish" name="test_step2_race_repeat_publish_is_idempotent" time="0.097" /><testcase classname="backend.tests.test_phase16_background_publish.TestBackgroundPublish" name="test_step3_poll_until_published" time="0.113" /><testcase classname="backend.tests.test_phase16_background_publish.TestBackgroundPublish" name="test_step4_exactly_one_balance_transaction_per_label" time="0.006" /><testcase classname="backend.tests.test_phase16_background_publish.TestBackgroundPublish" name="test_step5_label_pending_balance_present" time="1.005" /><testcase classname="backend.tests.test_phase16_background_publish.TestBackgroundPublish" name="test_step6_royalty_lines_status_pending" time="0.001" /><testcase classname="backend.tests.test_phase16_background_publish.TestRepublishGuards" name="test_already_published_returns_400" time="0.105" /><testcase classname="backend.tests.test_phase16_background_publish.TestRepublishGuards" name="test_publish_on_processing_returns_400" time="0.115" /><testcase classname="backend.tests.test_phase16_background_publish.TestResumeOnRestart" name="test_resume_moves_status_forward" time="2.610" /><testcase classname="backend.tests.test_phase16_1_defensive_wrapper.TestAuthGates161" name="test_anon_publish_401" time="0.098" /><testcase classname="backend.tests.test_phase16_1_defensive_wrapper.TestAuthGates161" name="test_release_admin_publish_403" time="0.431" /><testcase classname="backend.tests.test_phase16_1_defensive_wrapper.TestAuthGates161" name="test_finance_admin_publish_200" time="0.460" /><testcase classname="backend.tests.test_phase16_1_defensive_wrapper.TestAuthGates161" name="test_super_admin_publish_200" time="0.440" /><testcase classname="backend.tests.test_phase16_1_defensive_wrapper.TestFrozenStatus" name="test_frozen_status_returns_400_with_description" time="0.099" /><testcase classname="backend.tests.test_phase16_1_defensive_wrapper.TestFrozenStatus" name="test_published_status_returns_400" time="0.103" /><testcase classname="backend.tests.test_phase16_1_defensive_wrapper.TestMissingStatusField" name="test_doc_without_status_field_defaults_to_pending_review" time="0.208" /><testcase classname="backend.tests.test_phase16_1_defensive_wrapper.TestNotFound" name="test_publish_unknown_id_returns_404" time="0.101" /><testcase classname="backend.tests.test_phase16_1_defensive_wrapper.TestPublishErrorRetry" name="test_publish_error_status_can_be_republished" time="0.105" /></testsuite></testsuites>