<?xml version="1.0" encoding="utf-8"?><testsuites name="pytest tests"><testsuite name="pytest" errors="0" failures="0" skipped="0" tests="6" time="5.333" timestamp="2026-09-02T07:31:35.982891+00:00" hostname="agent-env-b995bc2d-d561-43fa-a86c-997bb4cc2248"><testcase classname="backend.tests.test_phase55_orphan_withdrawn_recovery" name="test_global_audit_restores_only_guarded_post_cutoff_orphans" time="1.591" /><testcase classname="backend.tests.test_phase38_balance_reconciliation" name="test_global_preview_and_commit_reconcile_cutoff_balances" time="1.316" /><testcase classname="backend.tests.test_phase38_balance_reconciliation" name="test_mark_dana_never_recredits_period_at_or_before_withdraw_cutoff" time="0.114" /><testcase classname="backend.tests.test_phase38_balance_reconciliation" name="test_rate_recalculation_ignores_lines_at_or_before_cutoff" time="0.384" /><testcase classname="backend.tests.test_iter33_balance_audit_api" name="test_balance_audit_preview_rbac_enforced" time="1.076" /><testcase classname="backend.tests.test_iter33_balance_audit_api" name="test_balance_audit_preview_poetra_cutoff_payload_invariants" time="0.698" /></testsuite></testsuites>