<?xml version="1.0" encoding="utf-8"?><testsuites name="pytest tests"><testsuite name="pytest" errors="0" failures="1" skipped="0" tests="8" time="16.734" timestamp="2026-09-10T10:23:50.632019+00:00" hostname="agent-env-b995bc2d-d561-43fa-a86c-997bb4cc2248"><testcase classname="backend.tests.test_iter70_release_quota_cover_takedown" name="test_optional_artist_web_url_accepts_blank_or_null_and_rejects_malformed" time="1.887" /><testcase classname="backend.tests.test_iter70_release_quota_cover_takedown" name="test_track_featured_artists_save_read_edit_and_clear_without_resurrection" time="1.210" /><testcase classname="backend.tests.test_iter70_release_quota_cover_takedown" name="test_submit_rejects_cross_label_artist_id_in_track_featured_artist" time="1.110" /><testcase classname="backend.tests.test_iter70_release_quota_cover_takedown" name="test_daily_quota_allows_only_seven_distinct_submissions_and_returns_429_for_eighth" time="3.348" /><testcase classname="backend.tests.test_iter70_release_quota_cover_takedown" name="test_duplicate_concurrent_same_release_only_one_success_and_one_history_entry" time="0.905" /><testcase classname="backend.tests.test_iter70_release_quota_cover_takedown" name="test_same_day_rejected_resubmit_when_quota_full_keeps_same_quota_slot" time="4.309" /><testcase classname="backend.tests.test_iter70_release_quota_cover_takedown" name="test_internal_cover_owner_upload_and_permission_guards" time="1.451"><failure message="AssertionError: Internal Server Error&#10;assert 500 == 200&#10; +  where 500 = &lt;Response [500]&gt;.status_code">backend/tests/test_iter70_release_quota_cover_takedown.py:472: in test_internal_cover_owner_upload_and_permission_guards
    assert upload.status_code == 200, upload.text
E   AssertionError: Internal Server Error
E   assert 500 == 200
E    +  where 500 = &lt;Response [500]&gt;.status_code</failure></testcase><testcase classname="backend.tests.test_iter70_release_quota_cover_takedown" name="test_support_done_takedown_changes_release_status_and_finance_forbidden" time="1.902" /></testsuite></testsuites>