<?xml version="1.0" encoding="utf-8"?><testsuites name="pytest tests"><testsuite name="pytest" errors="0" failures="1" skipped="0" tests="8" time="6.897" timestamp="2026-09-04T09:13:38.614108+00:00" hostname="agent-env-b995bc2d-d561-43fa-a86c-997bb4cc2248"><testcase classname="backend.tests.test_iter57_withdraw_search_and_label_logo" name="test_withdraw_admin_search_ignores_period_and_supports_unordered_multiword_with_status" time="0.486" /><testcase classname="backend.tests.test_iter57_withdraw_search_and_label_logo" name="test_withdraw_admin_without_q_keeps_period_filter_and_requires_complete_year_month_pair" time="0.578" /><testcase classname="backend.tests.test_iter57_withdraw_search_and_label_logo" name="test_admin_labels_and_label_endpoints_include_logo_url_contract" time="1.097"><failure message="AssertionError: assert 'logo_url' in {'id': '97bab443-2f43-436c-86e0-d0a1324164dc', 'user_id': '09306c41-50c4-4ebe-a5e1-ca73ab6add28', 'label_name': 'Demo Label PPR', 'pic_name': 'Demo PPR PIC', ...}&#10; +  where {'id': '97bab443-2f43-436c-86e0-d0a1324164dc', 'user_id': '09306c41-50c4-4ebe-a5e1-ca73ab6add28', 'label_name': 'Demo Label PPR', 'pic_name': 'Demo PPR PIC', ...} = json()&#10; +    where json = &lt;Response [200]&gt;.json">backend/tests/test_iter57_withdraw_search_and_label_logo.py:211: in test_admin_labels_and_label_endpoints_include_logo_url_contract
    assert "logo_url" in profile.json()
E   AssertionError: assert 'logo_url' in {'id': '97bab443-2f43-436c-86e0-d0a1324164dc', 'user_id': '09306c41-50c4-4ebe-a5e1-ca73ab6add28', 'label_name': 'Demo Label PPR', 'pic_name': 'Demo PPR PIC', ...}
E    +  where {'id': '97bab443-2f43-436c-86e0-d0a1324164dc', 'user_id': '09306c41-50c4-4ebe-a5e1-ca73ab6add28', 'label_name': 'Demo Label PPR', 'pic_name': 'Demo PPR PIC', ...} = json()
E    +    where json = &lt;Response [200]&gt;.json</failure></testcase><testcase classname="backend.tests.test_iter53_finance_release_reporting" name="test_admin_releases_default_priority_status_and_recency_order" time="0.506" /><testcase classname="backend.tests.test_iter53_finance_release_reporting" name="test_admin_payments_summary_counts_only_paid_with_paid_at_amount_and_rejects_invalid_period" time="0.798" /><testcase classname="backend.tests.test_iter53_finance_release_reporting" name="test_withdraw_admin_summary_pending_and_outgoing_are_date_scoped_correctly" time="0.553" /><testcase classname="backend.tests.test_iter53_finance_release_reporting" name="test_withdraw_admin_list_filters_paid_by_paid_date_and_requires_year_month_pair" time="1.268" /><testcase classname="backend.tests.test_phase49_admin_label_available_balance" name="test_admin_label_list_exposes_nonnegative_reconciled_available_balance" time="1.410" /></testsuite></testsuites>