<?xml version="1.0" encoding="utf-8"?><testsuites name="pytest tests"><testsuite name="pytest" errors="0" failures="0" skipped="0" tests="27" time="10.110" timestamp="2026-08-30T19:54:47.661631+00:00" hostname="agent-env-b995bc2d-d561-43fa-a86c-997bb4cc2248"><testcase classname="backend.tests.test_phase40_label_artist_unwithdrawn" name="test_label_artist_cards_exclude_withdrawn_cutoff_draft_and_legacy" time="1.006" /><testcase classname="backend.tests.test_phase20_21_withdraw_fifo_rollup.TestPhase20WithdrawComputed" name="test_computed_label_rbac_admin_forbidden" time="0.412" /><testcase classname="backend.tests.test_phase20_21_withdraw_fifo_rollup.TestPhase20WithdrawComputed" name="test_computed_label_rbac_support_forbidden" time="0.385" /><testcase classname="backend.tests.test_phase20_21_withdraw_fifo_rollup.TestPhase20WithdrawComputed" name="test_computed_label_ok_shape" time="0.410" /><testcase classname="backend.tests.test_phase20_21_withdraw_fifo_rollup.TestPhase20WithdrawRequest" name="test_request_below_min_returns_400" time="0.122" /><testcase classname="backend.tests.test_phase20_21_withdraw_fifo_rollup.TestPhase20WithdrawRequest" name="test_request_no_body_accepted" time="0.059" /><testcase classname="backend.tests.test_phase20_21_withdraw_fifo_rollup.TestPhase20WithdrawRequest" name="test_request_admin_forbidden" time="0.056" /><testcase classname="backend.tests.test_phase20_21_withdraw_fifo_rollup.TestPhase20AdminAction" name="test_mark_paid_support_forbidden" time="0.059" /><testcase classname="backend.tests.test_phase20_21_withdraw_fifo_rollup.TestPhase20AdminAction" name="test_admin_list_withdraws_finance_ok" time="0.499" /><testcase classname="backend.tests.test_phase20_21_withdraw_fifo_rollup.TestPhase20AdminAction" name="test_admin_list_withdraws_support_ok" time="0.059" /><testcase classname="backend.tests.test_phase20_21_withdraw_fifo_rollup.TestPhase21AdminArtists" name="test_admin_artists_shape" time="0.065" /><testcase classname="backend.tests.test_phase20_21_withdraw_fifo_rollup.TestPhase21AdminArtists" name="test_admin_artists_period_filter" time="0.059" /><testcase classname="backend.tests.test_phase20_21_withdraw_fifo_rollup.TestPhase21AdminArtists" name="test_admin_artists_period_2024" time="0.066" /><testcase classname="backend.tests.test_phase20_21_withdraw_fifo_rollup.TestPhase21AdminArtists" name="test_admin_artists_finance_ok" time="0.084" /><testcase classname="backend.tests.test_phase20_21_withdraw_fifo_rollup.TestPhase21AdminReleases" name="test_admin_releases_shape" time="0.061" /><testcase classname="backend.tests.test_phase20_21_withdraw_fifo_rollup.TestPhase21AdminReleases" name="test_admin_releases_period_filter" time="0.063" /><testcase classname="backend.tests.test_phase20_21_withdraw_fifo_rollup.TestPhase21AdminReleases" name="test_admin_releases_status_filter_combined_with_period" time="0.055" /><testcase classname="backend.tests.test_phase20_21_withdraw_fifo_rollup.TestPhase21LabelArtistsReleases" name="test_label_artists_with_rollup" time="0.060" /><testcase classname="backend.tests.test_phase20_21_withdraw_fifo_rollup.TestPhase21LabelArtistsReleases" name="test_label_releases_with_rollup" time="0.065" /><testcase classname="backend.tests.test_phase20_21_withdraw_fifo_rollup.TestPhase21LabelArtistsReleases" name="test_label_releases_period_filter" time="0.063" /><testcase classname="backend.tests.test_phase20_21_withdraw_fifo_rollup.TestRegressionWithdrawRBAC" name="test_withdraw_window_authenticated" time="0.057" /><testcase classname="backend.tests.test_phase20_21_withdraw_fifo_rollup.TestRegressionWithdrawRBAC" name="test_withdraw_label_list" time="0.063" /><testcase classname="backend.tests.test_iter34_auth_playbook_public" name="test_seeded_password_hash_is_bcrypt_2b_prefix" time="0.004" /><testcase classname="backend.tests.test_iter34_auth_playbook_public" name="test_login_sets_secure_httponly_cookies_and_bearer_fallback_works" time="0.533" /><testcase classname="backend.tests.test_iter34_auth_playbook_public" name="test_cors_preflight_allows_credentials_with_explicit_origin" time="0.458" /><testcase classname="backend.tests.test_iter34_auth_playbook_public" name="test_bruteforce_lockout_after_five_failures" time="2.074" /><testcase classname="backend.tests.test_iter34_auth_playbook_public" name="test_seed_admin_updates_existing_admin_when_password_changes" time="2.828" /></testsuite></testsuites>