<?xml version="1.0" encoding="utf-8"?><testsuites name="pytest tests"><testsuite name="pytest" errors="0" failures="0" skipped="0" tests="12" time="18.920" timestamp="2026-09-03T12:00:50.487452+00:00" hostname="agent-env-b995bc2d-d561-43fa-a86c-997bb4cc2248"><testcase classname="backend.tests.test_phase55_orphan_withdrawn_recovery" name="test_global_audit_restores_only_guarded_post_cutoff_orphans" time="1.648" /><testcase classname="backend.tests.test_phase55_orphan_withdrawn_recovery" name="test_stale_recalculation_is_closed_but_recent_job_still_blocks_commit" time="1.074" /><testcase classname="backend.tests.test_phase57_import_line_status_recovery" name="test_received_import_draft_and_pending_lines_become_available" time="1.613" /><testcase classname="backend.tests.test_phase38_balance_reconciliation" name="test_global_preview_and_commit_reconcile_cutoff_balances" time="1.677" /><testcase classname="backend.tests.test_phase38_balance_reconciliation" name="test_mark_dana_never_recredits_period_at_or_before_withdraw_cutoff" time="0.182" /><testcase classname="backend.tests.test_phase38_balance_reconciliation" name="test_rate_recalculation_ignores_lines_at_or_before_cutoff" time="0.433" /><testcase classname="backend.tests.test_iter52_legacy_withdraw_edit" name="test_admin_list_marks_legacy_editable_only_for_paid_legacy_with_period_to" time="1.450" /><testcase classname="backend.tests.test_iter52_legacy_withdraw_edit" name="test_preview_role_gate_and_web_withdraw_rejected" time="1.622" /><testcase classname="backend.tests.test_iter52_legacy_withdraw_edit" name="test_preview_decrease_returns_expected_math_and_does_not_mutate_rows" time="1.930" /><testcase classname="backend.tests.test_iter52_legacy_withdraw_edit" name="test_commit_decrease_then_increase_restores_and_re_settles_without_touching_web_withdraw" time="2.335" /><testcase classname="backend.tests.test_iter52_legacy_withdraw_edit" name="test_preview_blocked_by_active_web_withdraw_and_paid_history_without_period_to" time="1.699" /><testcase classname="backend.tests.test_iter52_legacy_withdraw_edit" name="test_preview_validation_and_single_use_preview_and_stale_preview_rejected" time="2.924" /></testsuite></testsuites>