<?xml version="1.0" encoding="utf-8"?><testsuites name="pytest tests"><testsuite name="pytest" errors="0" failures="0" skipped="0" tests="4" time="2.179" timestamp="2026-08-22T07:05:44.012283+00:00" hostname="agent-env-b995bc2d-d561-43fa-a86c-997bb4cc2248"><testcase classname="backend.tests.test_phase33_xendit_polling" name="test_session_payload_and_mocked_provider_fulfillment" time="0.066" /><testcase classname="backend.tests.test_phase33_xendit_polling" name="test_custom_product_and_local_invoices_do_not_call_xendit" time="1.786" /><testcase classname="backend.tests.test_phase33_xendit_polling" name="test_completed_amount_mismatch_is_rejected" time="0.001" /><testcase classname="backend.tests.test_phase33_xendit_polling" name="test_subscription_wami_and_custom_service_fulfillment_are_idempotent" time="0.020" /></testsuite></testsuites>