<?xml version="1.0" encoding="utf-8"?><testsuites name="pytest tests"><testsuite name="pytest" errors="0" failures="0" skipped="0" tests="6" time="31.693" timestamp="2026-08-23T11:15:46.414707+00:00" hostname="agent-env-b995bc2d-d561-43fa-a86c-997bb4cc2248"><testcase classname="backend.tests.test_phase35_production_bugfixes" name="test_period_column_is_strictly_bulan_laporan" time="0.002" /><testcase classname="backend.tests.test_phase35_production_bugfixes" name="test_upload_uses_bulan_laporan_and_rejects_invalid_rows" time="0.531" /><testcase classname="backend.tests.test_phase35_production_bugfixes" name="test_upload_rejects_bulan_penjualan_without_bulan_laporan" time="30.124" /><testcase classname="backend.tests.test_phase35_production_bugfixes" name="test_mark_dana_received_runs_background_and_is_idempotent" time="0.273" /><testcase classname="backend.tests.test_phase35_production_bugfixes" name="test_legacy_withdraw_preview_and_commit_are_background_jobs" time="0.384" /><testcase classname="backend.tests.test_phase35_production_bugfixes" name="test_existing_import_period_can_be_repaired_from_retained_csv" time="0.239" /></testsuite></testsuites>