<?xml version="1.0" encoding="utf-8"?><testsuites name="pytest tests"><testsuite name="pytest" errors="0" failures="1" skipped="0" tests="11" time="10.610" timestamp="2026-06-29T09:15:41.321795+00:00" hostname="agent-env-b995bc2d-d561-43fa-a86c-997bb4cc2248"><testcase classname="tests.test_phase16_4_delete_import_and_dashboard_cache.TestRoyaltyImportDelete" name="test_delete_awaiting_upload_succeeds" time="0.975" /><testcase classname="tests.test_phase16_4_delete_import_and_dashboard_cache.TestRoyaltyImportDelete" name="test_finance_admin_gets_403" time="0.861" /><testcase classname="tests.test_phase16_4_delete_import_and_dashboard_cache.TestRoyaltyImportDelete" name="test_delete_unauthenticated_blocked" time="0.523" /><testcase classname="tests.test_phase16_4_delete_import_and_dashboard_cache.TestRoyaltyImportDelete" name="test_delete_nonexistent_returns_404" time="0.162" /><testcase classname="tests.test_phase16_4_delete_import_and_dashboard_cache.TestRoyaltyImportDelete" name="test_delete_published_returns_400" time="0.094"><failure message="AttributeError: 'list' object has no attribute 'get'">tests/test_phase16_4_delete_import_and_dashboard_cache.py:144: in test_delete_published_returns_400
    items = r.json().get("items") or r.json().get("imports") or []
            ^^^^^^^^^^^^
E   AttributeError: 'list' object has no attribute 'get'</failure></testcase><testcase classname="tests.test_phase16_4_delete_import_and_dashboard_cache.TestDashboardRevenueCache" name="test_dashboard_response_has_cache_age_field" time="0.104" /><testcase classname="tests.test_phase16_4_delete_import_and_dashboard_cache.TestDashboardRevenueCache" name="test_second_call_serves_from_cache_fast" time="0.212" /><testcase classname="tests.test_phase16_4_delete_import_and_dashboard_cache.TestDashboardRevenueCache" name="test_refresh_revenue_super_admin" time="0.097" /><testcase classname="tests.test_phase16_4_delete_import_and_dashboard_cache.TestDashboardRevenueCache" name="test_refresh_revenue_finance_admin_allowed" time="0.100" /><testcase classname="tests.test_phase16_4_delete_import_and_dashboard_cache.TestDashboardRevenueCache" name="test_refresh_revenue_unauthenticated_blocked" time="0.096" /><testcase classname="tests.test_phase16_4_delete_import_and_dashboard_cache.TestCacheInvalidationAfterDelete" name="test_delete_triggers_background_recompute" time="7.285" /></testsuite></testsuites>