<?xml version="1.0" encoding="utf-8"?><testsuites name="pytest tests"><testsuite name="pytest" errors="0" failures="0" skipped="0" tests="13" time="11.573" timestamp="2026-06-28T17:27:40.506299+00:00" hostname="agent-env-b995bc2d-d561-43fa-a86c-997bb4cc2248"><testcase classname="backend.tests.test_phase12_r2_storage" name="test_storage_service_imports" time="0.067" /><testcase classname="backend.tests.test_phase12_r2_storage" name="test_r2_roundtrip_upload_head_presign_delete" time="2.061" /><testcase classname="backend.tests.test_phase12_r2_storage" name="test_files_endpoint_redirects_to_presigned_url_when_r2_has_object" time="2.265" /><testcase classname="backend.tests.test_phase12_r2_storage" name="test_files_endpoint_returns_404_for_unknown_key" time="0.288" /><testcase classname="backend.tests.test_phase12_r2_storage" name="test_mda_preview_streams_valid_pdf" time="0.122" /><testcase classname="backend.tests.test_phase11_email" name="test_email_service_import_safe" time="0.002" /><testcase classname="backend.tests.test_phase11_email" name="test_send_verification_email_via_smtp" time="1.543" /><testcase classname="backend.tests.test_phase11_email" name="test_send_password_reset_email_via_smtp" time="1.248" /><testcase classname="backend.tests.test_phase10_csv_recovery" name="test_detail_endpoint_returns_lines_and_per_label" time="2.791" /><testcase classname="backend.tests.test_phase10_csv_recovery" name="test_retry_404_for_unknown_import" time="0.112" /><testcase classname="backend.tests.test_phase10_csv_recovery" name="test_retry_rejects_non_processing_status" time="0.103" /><testcase classname="backend.tests.test_phase10_csv_recovery" name="test_retry_rbac_release_admin_forbidden" time="0.759" /><testcase classname="backend.tests.test_phase10_csv_recovery" name="test_imports_list_includes_progress_pct" time="0.133" /></testsuite></testsuites>