<?xml version="1.0" encoding="utf-8"?><testsuites name="pytest tests"><testsuite name="pytest" errors="0" failures="0" skipped="0" tests="8" time="5.123" timestamp="2026-08-27T14:20:20.286454+00:00" hostname="agent-env-b995bc2d-d561-43fa-a86c-997bb4cc2248"><testcase classname="backend.tests.test_iter32_label_rate_import_regression" name="test_role_access_and_semicolon_csv_preview" time="1.119" /><testcase classname="backend.tests.test_iter32_label_rate_import_regression" name="test_preview_rejects_unsupported_missing_headers_empty_and_too_many_rows" time="1.032" /><testcase classname="backend.tests.test_iter32_label_rate_import_regression" name="test_preview_classifies_invalid_and_duplicate_rows" time="0.175" /><testcase classname="backend.tests.test_iter32_label_rate_import_regression" name="test_preview_has_no_side_effects" time="0.325" /><testcase classname="backend.tests.test_iter32_label_rate_import_regression" name="test_commit_ownership_override_idempotent_and_job_shape" time="1.006" /><testcase classname="backend.tests.test_iter32_label_rate_import_regression" name="test_commit_skips_stale_rate_change_after_preview" time="0.502" /><testcase classname="backend.tests.test_iter32_label_rate_import_regression" name="test_resume_queued_label_rate_sync_job" time="0.182" /><testcase classname="backend.tests.test_iter32_label_rate_import_regression" name="test_resume_processing_job_skips_already_done_rows" time="0.216" /></testsuite></testsuites>