<?xml version="1.0" encoding="utf-8"?><testsuites name="pytest tests"><testsuite name="pytest" errors="0" failures="0" skipped="0" tests="3" time="3.986" timestamp="2026-09-15T20:44:25.573571+00:00" hostname="agent-env-b995bc2d-d561-43fa-a86c-997bb4cc2248"><testcase classname="backend.tests.test_iter90_role_audit_quick_grant.TestRoleAudit" name="test_role_audit_shape" time="0.737" /><testcase classname="backend.tests.test_iter90_role_audit_quick_grant.TestRoleAudit" name="test_patch_admin_finance_creates_audit_entry_with_diff" time="2.408" /><testcase classname="backend.tests.test_iter90_role_audit_quick_grant.TestQuickGrant" name="test_quick_grant_flow" time="0.759" /></testsuite></testsuites>