<?xml version="1.0" encoding="utf-8"?><testsuites name="pytest tests"><testsuite name="pytest" errors="0" failures="0" skipped="0" tests="10" time="2.912" timestamp="2026-06-24T21:42:53.493558+00:00" hostname="agent-env-b995bc2d-d561-43fa-a86c-997bb4cc2248"><testcase classname="backend.tests.test_phase8_extras.TestTemplates" name="test_templates[releases-label_legacy_id]" time="0.477" /><testcase classname="backend.tests.test_phase8_extras.TestTemplates" name="test_templates[tracks-release_legacy_id]" time="0.119" /><testcase classname="backend.tests.test_phase8_extras.TestTemplates" name="test_templates[withdraws-label_legacy_id]" time="0.102" /><testcase classname="backend.tests.test_phase8_extras.TestBulkReleasesAndTracks" name="test_releases_import_and_dedupe" time="0.366" /><testcase classname="backend.tests.test_phase8_extras.TestBulkReleasesAndTracks" name="test_tracks_import_audio_url_optional" time="0.092" /><testcase classname="backend.tests.test_phase8_extras.TestBulkWithdraws" name="test_withdraws_import_no_balance_mutation" time="0.313" /><testcase classname="backend.tests.test_phase8_extras.TestMultiPeriodPublish" name="test_publish_multi_period_description" time="0.308" /><testcase classname="backend.tests.test_phase8_extras.TestRejectClaim" name="test_reject_claim" time="0.542" /><testcase classname="backend.tests.test_phase8_extras.TestPermissionsExtra" name="test_finance_cannot_link_claim" time="0.428" /><testcase classname="backend.tests.test_phase8_extras.TestPermissionsExtra" name="test_template_requires_admin" time="0.093" /></testsuite></testsuites>