<?xml version="1.0" encoding="utf-8"?><testsuites name="pytest tests"><testsuite name="pytest" errors="0" failures="0" skipped="0" tests="6" time="11.384" timestamp="2026-08-31T14:38:29.416482+00:00" hostname="agent-env-b995bc2d-d561-43fa-a86c-997bb4cc2248"><testcase classname="backend.tests.test_iter40_manual_legacy_roles_validations" name="test_manual_legacy_preview_and_commit_role_guards_and_validations" time="3.746" /><testcase classname="backend.tests.test_iter34_auth_playbook_public" name="test_seeded_password_hash_is_bcrypt_2b_prefix" time="0.011" /><testcase classname="backend.tests.test_iter34_auth_playbook_public" name="test_login_sets_secure_httponly_cookies_and_bearer_fallback_works" time="0.709" /><testcase classname="backend.tests.test_iter34_auth_playbook_public" name="test_cors_preflight_allows_credentials_with_explicit_origin" time="0.520" /><testcase classname="backend.tests.test_iter34_auth_playbook_public" name="test_bruteforce_lockout_after_five_failures" time="2.646" /><testcase classname="backend.tests.test_iter34_auth_playbook_public" name="test_seed_admin_updates_existing_admin_when_password_changes" time="3.392" /></testsuite></testsuites>