<?xml version="1.0" encoding="utf-8"?><testsuites name="pytest tests"><testsuite name="pytest" errors="0" failures="3" skipped="1" tests="178" time="73.982" timestamp="2026-06-24T21:00:57.955930+00:00" hostname="agent-env-b995bc2d-d561-43fa-a86c-997bb4cc2248"><testcase classname="backend.tests.test_believe_royalty.TestParseAmount" name="test_parse_amount[0,000407547753-0.000407547753]" time="0.000" /><testcase classname="backend.tests.test_believe_royalty.TestParseAmount" name="test_parse_amount[1.234,56-1234.56]" time="0.000" /><testcase classname="backend.tests.test_believe_royalty.TestParseAmount" name="test_parse_amount[1,234.56-1234.56]" time="0.000" /><testcase classname="backend.tests.test_believe_royalty.TestParseAmount" name="test_parse_amount[0,70000000-0.7]" time="0.000" /><testcase classname="backend.tests.test_believe_royalty.TestParseAmount" name="test_parse_amount[0,000000-0.0]" time="0.000" /><testcase classname="backend.tests.test_believe_royalty.TestParseAmount" name="test_parse_amount[0-0.0]" time="0.000" /><testcase classname="backend.tests.test_believe_royalty.TestParseAmount" name="test_parse_amount[-0.0]" time="0.000" /><testcase classname="backend.tests.test_believe_royalty.TestParseAmount" name="test_parse_amount[None-0.0]" time="0.000" /><testcase classname="backend.tests.test_believe_royalty.TestParseAmount" name="test_parse_amount[1234-1234.0]" time="0.000" /><testcase classname="backend.tests.test_believe_royalty.TestParseAmount" name="test_parse_amount[1234.56-1234.56]" time="0.000" /><testcase classname="backend.tests.test_believe_royalty.TestParseAmount" name="test_parse_amount[  42,5 -42.5]" time="0.000" /><testcase classname="backend.tests.test_believe_royalty.TestParseAmount" name="test_parse_amount[\xa01.000,00-1000.0]" time="0.000" /><testcase classname="backend.tests.test_believe_royalty.TestParseAmount" name="test_parse_amount[garbage-0.0]" time="0.000" /><testcase classname="backend.tests.test_believe_royalty.TestParsePeriod" name="test_parse_period[2025/05/01-2025-05]" time="0.001" /><testcase classname="backend.tests.test_believe_royalty.TestParsePeriod" name="test_parse_period[2025-05-01-2025-05]" time="0.000" /><testcase classname="backend.tests.test_believe_royalty.TestParsePeriod" name="test_parse_period[2025-05-2025-05]" time="0.001" /><testcase classname="backend.tests.test_believe_royalty.TestParsePeriod" name="test_parse_period[05/2025-2025-05]" time="0.000" /><testcase classname="backend.tests.test_believe_royalty.TestParsePeriod" name="test_parse_period[-None]" time="0.000" /><testcase classname="backend.tests.test_believe_royalty.TestParsePeriod" name="test_parse_period[None-None]" time="0.000" /><testcase classname="backend.tests.test_believe_royalty.TestParseCsv" name="test_semicolon_autodetect_and_indonesian_headers" time="0.001" /><testcase classname="backend.tests.test_believe_royalty.TestParseCsv" name="test_row_values" time="0.000" /><testcase classname="backend.tests.test_believe_royalty.TestStripSensitive" name="test_strip_sensitive_removes_all_4_fields" time="0.000"><failure message="KeyError: 'revenue_eur'">E   KeyError: 'revenue_eur'</failure></testcase><testcase classname="backend.tests.test_believe_royalty.TestSensitiveFieldsHidden" name="test_label_royalty_lines_no_sensitive_fields" time="0.900" /><testcase classname="backend.tests.test_believe_royalty.TestSensitiveFieldsHidden" name="test_admin_get_import_includes_sensitive" time="0.102" /><testcase classname="backend.tests.test_believe_royalty.TestBelieveCsvUpload" name="test_upload_and_totals" time="0.072" /><testcase classname="backend.tests.test_believe_royalty.TestBelieveCsvUpload" name="test_label_name_fallback_match" time="0.082" /><testcase classname="backend.tests.test_believe_royalty.TestBelieveCsvUpload" name="test_cleanup_test_import" time="0.049" /><testcase classname="backend.tests.test_believe_royalty.TestResetDemoData" name="test_wrong_confirm_returns_400" time="0.045" /><testcase classname="backend.tests.test_believe_royalty.TestResetDemoData" name="test_empty_confirm_returns_400_or_422" time="0.049" /><testcase classname="backend.tests.test_believe_royalty.TestResetDemoData" name="test_admin_finance_forbidden" time="0.647" /><testcase classname="backend.tests.test_believe_royalty.TestResetDemoData" name="test_unauthenticated_forbidden" time="0.124" /><testcase classname="backend.tests.test_phase2_royalty_withdraw.TestRoyaltyImport" name="test_upload_csv_with_matched_isrc" time="0.513" /><testcase classname="backend.tests.test_phase2_royalty_withdraw.TestRoyaltyImport" name="test_calc_100eur_fee5_label60_rate17500" time="0.119" /><testcase classname="backend.tests.test_phase2_royalty_withdraw.TestRoyaltyImport" name="test_label_role_forbidden" time="0.436" /><testcase classname="backend.tests.test_phase2_royalty_withdraw.TestRoyaltyImport" name="test_publish_import" time="0.251" /><testcase classname="backend.tests.test_phase2_royalty_withdraw.TestRoyaltyImport" name="test_publish_again_fails" time="0.118" /><testcase classname="backend.tests.test_phase2_royalty_withdraw.TestRoyaltyImport" name="test_mark_dana_received" time="0.139" /><testcase classname="backend.tests.test_phase2_royalty_withdraw.TestRoyaltyImport" name="test_mark_dana_received_idempotent_block" time="0.085" /><testcase classname="backend.tests.test_phase2_royalty_withdraw.TestRoyaltyImport" name="test_list_imports_no_objectid" time="0.147" /><testcase classname="backend.tests.test_phase2_royalty_withdraw.TestLabelRoyaltyEndpoints" name="test_months" time="0.054" /><testcase classname="backend.tests.test_phase2_royalty_withdraw.TestLabelRoyaltyEndpoints" name="test_summary_for_period" time="0.050" /><testcase classname="backend.tests.test_phase2_royalty_withdraw.TestLabelRoyaltyEndpoints" name="test_lines_filtered" time="0.067" /><testcase classname="backend.tests.test_phase2_royalty_withdraw.TestLabelRoyaltyEndpoints" name="test_export_csv" time="0.065" /><testcase classname="backend.tests.test_phase2_royalty_withdraw.TestLabelRoyaltyEndpoints" name="test_multitenant_no_other_label_data" time="0.430" /><testcase classname="backend.tests.test_phase2_royalty_withdraw.TestManualMatch" name="test_manual_match_unmatched_line" time="0.565" /><testcase classname="backend.tests.test_phase2_royalty_withdraw.TestWithdraw" name="test_window" time="0.046" /><testcase classname="backend.tests.test_phase2_royalty_withdraw.TestWithdraw" name="test_request_blocked_when_closed_or_min" time="0.051" /><testcase classname="backend.tests.test_phase2_royalty_withdraw.TestWithdraw" name="test_request_min_idr_enforced" time="0.043" /><testcase classname="backend.tests.test_phase2_royalty_withdraw.TestWithdraw" name="test_admin_list_withdraws" time="0.059" /><testcase classname="backend.tests.test_phase3_tickets.TestCategories" name="test_list_categories" time="0.548" /><testcase classname="backend.tests.test_phase3_tickets.TestLabelCreate" name="test_create_takedown_success" time="0.055" /><testcase classname="backend.tests.test_phase3_tickets.TestLabelCreate" name="test_create_takedown_requires_reason" time="0.049" /><testcase classname="backend.tests.test_phase3_tickets.TestLabelCreate" name="test_create_edit_audio_requires_both" time="0.096" /><testcase classname="backend.tests.test_phase3_tickets.TestLabelCreate" name="test_create_edit_cover_requires_url" time="0.064" /><testcase classname="backend.tests.test_phase3_tickets.TestLabelCreate" name="test_create_edit_metadata_requires_both" time="0.106" /><testcase classname="backend.tests.test_phase3_tickets.TestLabelCreate" name="test_create_content_id_requires_originality" time="0.131" /><testcase classname="backend.tests.test_phase3_tickets.TestLabelCreate" name="test_cannot_create_for_other_label_release" time="0.388" /><testcase classname="backend.tests.test_phase3_tickets.TestListAndDetail" name="test_label_list_own_only" time="0.052" /><testcase classname="backend.tests.test_phase3_tickets.TestListAndDetail" name="test_other_label_cannot_read" time="0.046" /><testcase classname="backend.tests.test_phase3_tickets.TestListAndDetail" name="test_admin_list_all" time="0.430" /><testcase classname="backend.tests.test_phase3_tickets.TestListAndDetail" name="test_admin_filter_by_category" time="0.053" /><testcase classname="backend.tests.test_phase3_tickets.TestListAndDetail" name="test_admin_filter_by_status_q" time="0.057" /><testcase classname="backend.tests.test_phase3_tickets.TestCommentsAndStatusFlow" name="test_admin_comment_flips_to_waiting_label" time="0.059" /><testcase classname="backend.tests.test_phase3_tickets.TestCommentsAndStatusFlow" name="test_label_comment_flips_to_waiting_admin" time="0.056" /><testcase classname="backend.tests.test_phase3_tickets.TestCommentsAndStatusFlow" name="test_admin_update_status_in_progress" time="0.109" /><testcase classname="backend.tests.test_phase3_tickets.TestLabelCancel" name="test_cannot_cancel_done" time="0.202" /><testcase classname="backend.tests.test_phase3_tickets.TestLabelCancel" name="test_label_can_cancel_open" time="0.099" /><testcase classname="backend.tests.test_phase3_tickets.TestAttachmentUpload" name="test_audio_purpose_requires_wav" time="0.121" /><testcase classname="backend.tests.test_phase3_tickets.TestAttachmentUpload" name="test_cover_purpose_requires_3000" time="0.248" /><testcase classname="backend.tests.test_phase3_tickets.TestAttachmentUpload" name="test_general_purpose_accepts_pdf" time="0.096" /><testcase classname="backend.tests.test_phase3_tickets.TestAttachmentUpload" name="test_general_purpose_rejects_exe" time="0.098" /><testcase classname="backend.tests.test_phase4_addons.TestCurrencyRedaction" name="test_label_lines_no_eur" time="0.901" /><testcase classname="backend.tests.test_phase4_addons.TestCurrencyRedaction" name="test_admin_lines_keep_eur" time="0.131" /><testcase classname="backend.tests.test_phase4_addons.TestContracts" name="test_upload_pdf_rejects_non_pdf" time="0.105" /><testcase classname="backend.tests.test_phase4_addons.TestContracts" name="test_upload_pdf_accepts" time="0.108" /><testcase classname="backend.tests.test_phase4_addons.TestContracts" name="test_create_invalid_label" time="0.101" /><testcase classname="backend.tests.test_phase4_addons.TestContracts" name="test_create_invalid_dates" time="0.105" /><testcase classname="backend.tests.test_phase4_addons.TestContracts" name="test_effective_status_all_states" time="0.647" /><testcase classname="backend.tests.test_phase4_addons.TestContracts" name="test_admin_list_filter" time="0.133" /><testcase classname="backend.tests.test_phase4_addons.TestContracts" name="test_admin_detail_404" time="0.111" /><testcase classname="backend.tests.test_phase4_addons.TestContracts" name="test_extend_moves_to_active" time="0.347" /><testcase classname="backend.tests.test_phase4_addons.TestContracts" name="test_label_scope_isolation" time="0.884" /><testcase classname="backend.tests.test_phase4_addons.TestContracts" name="test_contract_creates_notification" time="2.850" /><testcase classname="backend.tests.test_phase4_addons.TestBlacklist" name="test_finance_cannot_blacklist" time="0.437" /><testcase classname="backend.tests.test_phase4_addons.TestBlacklist" name="test_blacklist_blocks_login_then_unblock" time="0.892" /><testcase classname="backend.tests.test_phase4_addons.TestNotifications" name="test_me_returns_shape" time="0.107" /><testcase classname="backend.tests.test_phase4_addons.TestNotifications" name="test_cross_user_mark_read_404" time="1.142" /><testcase classname="backend.tests.test_phase4_addons.TestNotifications" name="test_mark_read_and_mark_all_read" time="0.780" /><testcase classname="backend.tests.test_phase4_addons.TestNotifications" name="test_ticket_comment_notifies_label" time="1.463" /><testcase classname="backend.tests.test_phase4_addons.TestNotifications" name="test_ticket_status_change_notifies_label" time="1.494" /><testcase classname="backend.tests.test_phase4_addons.TestNotifications" name="test_label_comment_notifies_admin" time="1.853" /><testcase classname="backend.tests.test_phase5_redaction_cron.TestLabelProfileRedaction" name="test_login_response_redacts_label" time="0.765" /><testcase classname="backend.tests.test_phase5_redaction_cron.TestLabelProfileRedaction" name="test_auth_me_redacts_label" time="0.103" /><testcase classname="backend.tests.test_phase5_redaction_cron.TestLabelProfileRedaction" name="test_label_me_redacts" time="0.110" /><testcase classname="backend.tests.test_phase5_redaction_cron.TestLabelProfileRedaction" name="test_label_dashboard_redacts" time="0.108" /><testcase classname="backend.tests.test_phase5_redaction_cron.TestLabelProfileRedaction" name="test_register_new_label_redacts" time="0.346" /><testcase classname="backend.tests.test_phase5_redaction_cron.TestRoyaltyLinesRedaction" name="test_label_royalty_lines_redacted" time="0.106" /><testcase classname="backend.tests.test_phase5_redaction_cron.TestRoyaltyLinesRedaction" name="test_admin_royalty_lines_unredacted" time="0.438" /><testcase classname="backend.tests.test_phase5_redaction_cron.TestRoyaltyLinesRedaction" name="test_csv_export_columns_redacted" time="0.182" /><testcase classname="backend.tests.test_phase5_redaction_cron.TestAdminLabelDetailVisible" name="test_admin_sees_royalty_percentage" time="0.098" /><testcase classname="backend.tests.test_phase5_redaction_cron.TestSubscriptionCron" name="test_super_admin_can_trigger" time="0.104" /><testcase classname="backend.tests.test_phase5_redaction_cron.TestSubscriptionCron" name="test_finance_can_trigger" time="0.468" /><testcase classname="backend.tests.test_phase5_redaction_cron.TestSubscriptionCron" name="test_support_forbidden" time="0.456" /><testcase classname="backend.tests.test_phase5_redaction_cron.TestSubscriptionCron" name="test_release_forbidden" time="0.423" /><testcase classname="backend.tests.test_phase5_redaction_cron.TestSubscriptionCron" name="test_idempotent_no_duplicate_notifications" time="0.224" /><testcase classname="backend.tests.test_phase5_redaction_cron.TestContractCron" name="test_super_admin_can_trigger" time="0.102" /><testcase classname="backend.tests.test_phase5_redaction_cron.TestContractCron" name="test_release_can_trigger" time="0.101" /><testcase classname="backend.tests.test_phase5_redaction_cron.TestContractCron" name="test_finance_forbidden" time="0.113" /><testcase classname="backend.tests.test_phase5_redaction_cron.TestContractCron" name="test_support_forbidden" time="0.105" /><testcase classname="backend.tests.test_phase5_redaction_cron.TestContractCron" name="test_idempotent" time="0.426" /><testcase classname="backend.tests.test_phase5_redaction_cron.TestSubscriptionExpiredBehavior" name="test_manawa_transitions_to_expired" time="0.316" /><testcase classname="backend.tests.test_phase6_subscription_wami_legal.TestSubscriptionTiers" name="test_annual_normal_invoice_amount_and_tier" time="20.751" /><testcase classname="backend.tests.test_phase6_subscription_wami_legal.TestSubscriptionTiers" name="test_annual_vip_invoice_and_upgrade" time="0.308" /><testcase classname="backend.tests.test_phase6_subscription_wami_legal.TestSubscriptionTiers" name="test_invalid_tier_rejected" time="0.098" /><testcase classname="backend.tests.test_phase6_subscription_wami_legal.TestPayPerRelease" name="test_ppr_price_via_cms_pricing" time="0.101" /><testcase classname="backend.tests.test_phase6_subscription_wami_legal.TestPayPerRelease" name="test_ppr_invoice_via_release_submit" time="0.203"><skipped type="pytest.skip" message="Pay-per-release invoice cannot be created in isolation without cover upload; covered by CMS pricing assertion above.">/app/backend/tests/test_phase6_subscription_wami_legal.py:222: Pay-per-release invoice cannot be created in isolation without cover upload; covered by CMS pricing assertion above.</skipped></testcase><testcase classname="backend.tests.test_phase6_subscription_wami_legal.TestWamiNonVip" name="test_wami_paid_creates_order_and_invoice" time="1.113" /><testcase classname="backend.tests.test_phase6_subscription_wami_legal.TestWamiNonVip" name="test_wami_duplicate_prevention" time="0.105" /><testcase classname="backend.tests.test_phase6_subscription_wami_legal.TestWamiNonVip" name="test_wami_webhook_marks_paid_via_xendit" time="0.652" /><testcase classname="backend.tests.test_phase6_subscription_wami_legal.TestWamiVipFree" name="test_vip_wami_is_free" time="1.116" /><testcase classname="backend.tests.test_phase6_subscription_wami_legal.TestWamiLiveRequirement" name="test_draft_release_rejects_wami" time="0.305" /><testcase classname="backend.tests.test_phase6_subscription_wami_legal.TestWamiListings" name="test_label_lists_own_wami" time="0.212" /><testcase classname="backend.tests.test_phase6_subscription_wami_legal.TestWamiListings" name="test_admin_lists_all_wami" time="0.097" /><testcase classname="backend.tests.test_phase6_subscription_wami_legal.TestWamiAdminStatusUpdate" name="test_admin_in_progress_then_registered" time="0.228" /><testcase classname="backend.tests.test_phase6_subscription_wami_legal.TestWamiAdminStatusUpdate" name="test_admin_rejected" time="0.105" /><testcase classname="backend.tests.test_phase6_subscription_wami_legal.TestWamiAdminStatusUpdate" name="test_status_update_creates_notification" time="0.114" /><testcase classname="backend.tests.test_phase6_subscription_wami_legal.TestCmsLegalEntity" name="test_get_landing_has_legal_entity" time="0.104" /><testcase classname="backend.tests.test_phase6_subscription_wami_legal.TestCmsLegalEntity" name="test_patch_legal_entity_persists" time="0.508" /><testcase classname="backend.tests.test_phase6_subscription_wami_legal.TestRegressions" name="test_label_invoices_endpoint_works" time="0.101" /><testcase classname="backend.tests.test_phase6_subscription_wami_legal.TestRegressions" name="test_subscription_webhook_already_paid_idempotent" time="0.197" /><testcase classname="backend.tests.test_phase6_subscription_wami_legal.TestRegressions" name="test_royalty_lines_redaction_for_label" time="0.099" /><testcase classname="backend.tests.test_phase6_subscription_wami_legal.TestRegressions" name="test_no_pay_per_release_endpoint" time="0.096" /><testcase classname="backend.tests.test_phase7_mda.TestMdaRegistration" name="test_register_without_mda_returns_400" time="0.101" /><testcase classname="backend.tests.test_phase7_mda.TestMdaRegistration" name="test_register_with_mda_creates_contract" time="0.944" /><testcase classname="backend.tests.test_phase7_mda.TestMdaRegistration" name="test_mda_pdf_is_downloadable" time="0.944" /><testcase classname="backend.tests.test_phase7_mda.TestMdaPreview" name="test_public_preview_returns_pdf" time="0.125" /><testcase classname="backend.tests.test_phase7_mda.TestMdaPreview" name="test_preview_does_not_create_db_contract" time="0.672" /><testcase classname="backend.tests.test_refactor_smoke" name="test_health_ok" time="0.106" /><testcase classname="backend.tests.test_refactor_smoke" name="test_superadmin_login" time="0.318" /><testcase classname="backend.tests.test_refactor_smoke" name="test_subadmin_logins[finance1@rilismusik.com-Finance#2026]" time="0.324" /><testcase classname="backend.tests.test_refactor_smoke" name="test_subadmin_logins[support1@rilismusik.com-Support#2026]" time="0.331" /><testcase classname="backend.tests.test_refactor_smoke" name="test_subadmin_logins[release1@rilismusik.com-Release#2026]" time="0.349" /><testcase classname="backend.tests.test_refactor_smoke" name="test_subadmin_logins[marketing1@rilismusik.com-Marketing#2026]" time="0.318" /><testcase classname="backend.tests.test_refactor_smoke" name="test_register_returns_verification_token_then_logout" time="0.792" /><testcase classname="backend.tests.test_refactor_smoke" name="test_cms_landing_has_all_12_keys" time="0.099" /><testcase classname="backend.tests.test_refactor_smoke" name="test_admin_dashboards_and_lists" time="0.855" /><testcase classname="backend.tests.test_refactor_smoke" name="test_admin_cron_triggers_role_matrix" time="2.113" /><testcase classname="backend.tests.test_refactor_smoke" name="test_label_dashboard_strips_internal_fields" time="1.036" /><testcase classname="backend.tests.test_refactor_smoke" name="test_label_withdraw_window" time="0.873" /><testcase classname="backend.tests.test_refactor_smoke" name="test_notifications_me_shape" time="0.849" /><testcase classname="backend.tests.test_refactor_smoke" name="test_release_404_for_other_label" time="1.476" /><testcase classname="backend.tests.test_rilismusik_api" name="test_health" time="0.097" /><testcase classname="backend.tests.test_rilismusik_api.TestAuth" name="test_register_label_sets_cookies" time="0.342" /><testcase classname="backend.tests.test_rilismusik_api.TestAuth" name="test_register_duplicate_email" time="0.445" /><testcase classname="backend.tests.test_rilismusik_api.TestAuth" name="test_login_wrong_password_returns_401" time="0.159" /><testcase classname="backend.tests.test_rilismusik_api.TestAuth" name="test_brute_force_lockout_after_5" time="0.364" /><testcase classname="backend.tests.test_rilismusik_api.TestAuth" name="test_me_returns_user_and_label" time="0.047" /><testcase classname="backend.tests.test_rilismusik_api.TestAuth" name="test_logout_clears_cookies" time="0.189" /><testcase classname="backend.tests.test_rilismusik_api.TestAuth" name="test_forgot_password_returns_reset_token" time="0.135" /><testcase classname="backend.tests.test_rilismusik_api.TestAuth" name="test_reset_password_updates" time="0.678" /><testcase classname="backend.tests.test_rilismusik_api.TestSuperAdmin" name="test_super_admin_login" time="0.318" /><testcase classname="backend.tests.test_rilismusik_api.TestReleases" name="test_draft_rejects_date_less_than_today_plus_7" time="0.319" /><testcase classname="backend.tests.test_rilismusik_api.TestReleases" name="test_draft_valid" time="0.049" /><testcase classname="backend.tests.test_rilismusik_api.TestReleases" name="test_submit_without_cover_rejected" time="0.049" /><testcase classname="backend.tests.test_rilismusik_api.TestReleases" name="test_submit_without_contract_check" time="0.045" /><testcase classname="backend.tests.test_rilismusik_api.TestPayments" name="test_subscription_invoice_creation" time="0.317"><failure message="AssertionError: {&quot;detail&quot;:[{&quot;type&quot;:&quot;missing&quot;,&quot;loc&quot;:[&quot;body&quot;],&quot;msg&quot;:&quot;Field required&quot;,&quot;input&quot;:null,&quot;url&quot;:&quot;https://errors.pydantic.dev/2.13/v/missing&quot;}]}&#10;assert 422 == 200&#10; +  where 422 = &lt;Response [422]&gt;.status_code">E   AssertionError: {"detail":[{"type":"missing","loc":["body"],"msg":"Field required","input":null,"url":"https://errors.pydantic.dev/2.13/v/missing"}]}
    assert 422 == 200
     +  where 422 = &lt;Response [422]&gt;.status_code</failure></testcase><testcase classname="backend.tests.test_rilismusik_api.TestPayments" name="test_mock_pay_activates_subscription" time="0.000"><failure message="KeyError: 'sub_invoice_id'">E   KeyError: 'sub_invoice_id'</failure></testcase><testcase classname="backend.tests.test_rilismusik_api.TestAdminActions" name="test_admin_dashboard" time="0.093" /><testcase classname="backend.tests.test_rilismusik_api.TestAdminActions" name="test_list_labels" time="0.053" /><testcase classname="backend.tests.test_rilismusik_api.TestAdminActions" name="test_label_detail_and_status_update" time="0.143" /><testcase classname="backend.tests.test_rilismusik_api.TestAdminActions" name="test_royalty_percentage_history" time="0.049" /><testcase classname="backend.tests.test_rilismusik_api.TestAdminActions" name="test_admin_approve_blocked_when_payment_pending" time="0.461" /><testcase classname="backend.tests.test_rilismusik_api.TestAdminActions" name="test_cms_get_landing_public" time="0.102" /><testcase classname="backend.tests.test_rilismusik_api.TestAdminActions" name="test_cms_update_landing" time="0.145" /><testcase classname="backend.tests.test_rilismusik_api.TestAdminUsers" name="test_create_admin_release_user" time="0.688" /><testcase classname="backend.tests.test_rilismusik_api.TestArtistSubAccount" name="test_label_creates_artist" time="0.551" /><testcase classname="backend.tests.test_rilismusik_api.TestArtistSubAccount" name="test_artist_login_role" time="0.409" /><testcase classname="backend.tests.test_rilismusik_api.TestActivityLogs" name="test_activity_logs_present" time="0.060" /></testsuite></testsuites>