<?xml version="1.0" encoding="utf-8"?><testsuites name="pytest tests"><testsuite name="pytest" errors="0" failures="0" skipped="0" tests="42" time="10.506" timestamp="2026-06-25T10:04:54.292851+00:00" hostname="agent-env-b995bc2d-d561-43fa-a86c-997bb4cc2248"><testcase classname="tests.test_phase8_migrate.TestMultiPeriodRoyaltyCsv" name="test_multi_period_auto_split" time="0.519" /><testcase classname="tests.test_phase8_migrate.TestMultiPeriodRoyaltyCsv" name="test_single_period_override" time="0.095" /><testcase classname="tests.test_phase8_migrate.TestMultiPeriodRoyaltyCsv" name="test_missing_period_column_and_form_fails" time="0.089" /><testcase classname="tests.test_phase8_migrate.TestBulkLabels" name="test_template_download" time="0.114" /><testcase classname="tests.test_phase8_migrate.TestBulkLabels" name="test_bulk_idempotent_skip" time="0.094" /><testcase classname="tests.test_phase8_migrate.TestBulkLabels" name="test_invalid_subscription_tier_errors" time="0.091" /><testcase classname="tests.test_phase8_migrate.TestClaimFlow" name="test_register_with_claim_does_not_create_label" time="0.813" /><testcase classname="tests.test_phase8_migrate.TestMigratePermissions" name="test_non_super_admin_rejected" time="0.417" /><testcase classname="tests.test_phase8_migrate.TestMigratePermissions" name="test_label_user_rejected" time="0.432" /><testcase classname="tests.test_phase8_extras.TestTemplates" name="test_templates[releases-label_legacy_id]" time="0.414" /><testcase classname="tests.test_phase8_extras.TestTemplates" name="test_templates[tracks-release_legacy_id]" time="0.093" /><testcase classname="tests.test_phase8_extras.TestTemplates" name="test_templates[withdraws-label_legacy_id]" time="0.104" /><testcase classname="tests.test_phase8_extras.TestBulkReleasesAndTracks" name="test_releases_import_and_dedupe" time="0.298" /><testcase classname="tests.test_phase8_extras.TestBulkReleasesAndTracks" name="test_tracks_import_audio_url_optional" time="0.105" /><testcase classname="tests.test_phase8_extras.TestBulkWithdraws" name="test_withdraws_import_no_balance_mutation" time="0.292" /><testcase classname="tests.test_phase8_extras.TestMultiPeriodPublish" name="test_publish_multi_period_description" time="0.284" /><testcase classname="tests.test_phase8_extras.TestRejectClaim" name="test_reject_claim" time="0.514" /><testcase classname="tests.test_phase8_extras.TestPermissionsExtra" name="test_finance_cannot_link_claim" time="0.422" /><testcase classname="tests.test_phase8_extras.TestPermissionsExtra" name="test_template_requires_admin" time="0.112" /><testcase classname="tests.test_phase2_royalty_withdraw.TestRoyaltyImport" name="test_upload_csv_with_matched_isrc" time="0.422" /><testcase classname="tests.test_phase2_royalty_withdraw.TestRoyaltyImport" name="test_calc_100eur_fee5_label60_rate17500" time="0.103" /><testcase classname="tests.test_phase2_royalty_withdraw.TestRoyaltyImport" name="test_label_role_forbidden" time="0.404" /><testcase classname="tests.test_phase2_royalty_withdraw.TestRoyaltyImport" name="test_publish_import" time="0.103" /><testcase classname="tests.test_phase2_royalty_withdraw.TestRoyaltyImport" name="test_publish_again_fails" time="0.079" /><testcase classname="tests.test_phase2_royalty_withdraw.TestRoyaltyImport" name="test_mark_dana_received" time="0.045" /><testcase classname="tests.test_phase2_royalty_withdraw.TestRoyaltyImport" name="test_mark_dana_received_idempotent_block" time="0.082" /><testcase classname="tests.test_phase2_royalty_withdraw.TestRoyaltyImport" name="test_list_imports_no_objectid" time="0.045" /><testcase classname="tests.test_phase2_royalty_withdraw.TestLabelRoyaltyEndpoints" name="test_months" time="0.082" /><testcase classname="tests.test_phase2_royalty_withdraw.TestLabelRoyaltyEndpoints" name="test_summary_for_period" time="0.046" /><testcase classname="tests.test_phase2_royalty_withdraw.TestLabelRoyaltyEndpoints" name="test_lines_filtered" time="0.041" /><testcase classname="tests.test_phase2_royalty_withdraw.TestLabelRoyaltyEndpoints" name="test_export_csv" time="0.041" /><testcase classname="tests.test_phase2_royalty_withdraw.TestLabelRoyaltyEndpoints" name="test_multitenant_no_other_label_data" time="0.381" /><testcase classname="tests.test_phase2_royalty_withdraw.TestManualMatch" name="test_manual_match_unmatched_line" time="0.289" /><testcase classname="tests.test_phase2_royalty_withdraw.TestWithdraw" name="test_window" time="0.041" /><testcase classname="tests.test_phase2_royalty_withdraw.TestWithdraw" name="test_request_blocked_when_closed_or_min" time="0.040" /><testcase classname="tests.test_phase2_royalty_withdraw.TestWithdraw" name="test_request_min_idr_enforced" time="0.080" /><testcase classname="tests.test_phase2_royalty_withdraw.TestWithdraw" name="test_admin_list_withdraws" time="0.052" /><testcase classname="tests.test_phase7_mda.TestMdaRegistration" name="test_register_without_mda_returns_400" time="0.092" /><testcase classname="tests.test_phase7_mda.TestMdaRegistration" name="test_register_with_mda_creates_contract" time="0.931" /><testcase classname="tests.test_phase7_mda.TestMdaRegistration" name="test_mda_pdf_is_downloadable" time="0.940" /><testcase classname="tests.test_phase7_mda.TestMdaPreview" name="test_public_preview_returns_pdf" time="0.110" /><testcase classname="tests.test_phase7_mda.TestMdaPreview" name="test_preview_does_not_create_db_contract" time="0.675" /></testsuite></testsuites>