<?xml version="1.0" encoding="utf-8"?><testsuites name="pytest tests"><testsuite name="pytest" errors="0" failures="0" skipped="0" tests="5" time="5.143" timestamp="2026-09-01T10:32:47.219498+00:00" hostname="agent-env-b995bc2d-d561-43fa-a86c-997bb4cc2248"><testcase classname="backend.tests.test_iter43_admin_labels_bulk_contract" name="test_admin_labels_default_balance_sort_uses_computed_values_and_no_objectid_leakage" time="0.794" /><testcase classname="backend.tests.test_phase49_admin_label_available_balance" name="test_admin_label_list_exposes_nonnegative_reconciled_available_balance" time="0.898" /><testcase classname="backend.tests.test_phase50_admin_label_sorting" name="test_label_list_defaults_to_balance_desc_and_supports_alpha_sorting" time="0.908" /><testcase classname="backend.tests.test_phase48_label_search" name="test_admin_label_search_is_literal_case_insensitive_and_unfiltered_by_withdrawal" time="0.461" /><testcase classname="backend.tests.test_phase47_manual_legacy_withdraw" name="test_manual_history_auto_amount_settles_range_and_stays_hidden_from_label" time="1.735" /></testsuite></testsuites>