<?xml version="1.0" encoding="utf-8"?><testsuites name="pytest tests"><testsuite name="pytest" errors="0" failures="0" skipped="0" tests="2" time="4.910" timestamp="2026-08-31T14:37:04.717920+00:00" hostname="agent-env-b995bc2d-d561-43fa-a86c-997bb4cc2248"><testcase classname="backend.tests.test_phase47_manual_legacy_withdraw" name="test_manual_history_auto_amount_settles_range_and_stays_hidden_from_label" time="2.368" /><testcase classname="backend.tests.test_phase32_label_visibility_endpoints" name="test_label_endpoints_hide_legacy_and_compute_only_post_cutoff_available" time="1.825" /></testsuite></testsuites>