<?xml version="1.0" encoding="utf-8"?><testsuites name="pytest tests"><testsuite name="pytest" errors="0" failures="0" skipped="0" tests="33" time="4.539" timestamp="2026-06-28T19:23:31.587218+00:00" hostname="agent-env-b995bc2d-d561-43fa-a86c-997bb4cc2248"><testcase classname="backend.tests.test_phase15_snake_case_headers.TestNormalizeHeader" name="test_normalize[bulan_laporan-bulan laporan]" time="0.001" /><testcase classname="backend.tests.test_phase15_snake_case_headers.TestNormalizeHeader" name="test_normalize[Bulan Laporan-bulan laporan]" time="0.000" /><testcase classname="backend.tests.test_phase15_snake_case_headers.TestNormalizeHeader" name="test_normalize[BULAN-LAPORAN-bulan laporan]" time="0.000" /><testcase classname="backend.tests.test_phase15_snake_case_headers.TestNormalizeHeader" name="test_normalize[  bulan__laporan  -bulan laporan]" time="0.000" /><testcase classname="backend.tests.test_phase15_snake_case_headers.TestNormalizeHeader" name="test_normalize[pendapatan_bersih-pendapatan bersih]" time="0.000" /><testcase classname="backend.tests.test_phase15_snake_case_headers.TestNormalizeHeader" name="test_normalize[nama_label-nama label]" time="0.000" /><testcase classname="backend.tests.test_phase15_snake_case_headers.TestNormalizeHeader" name="test_normalize[nama_artis-nama artis]" time="0.000" /><testcase classname="backend.tests.test_phase15_snake_case_headers.TestNormalizeHeader" name="test_normalize[\ufeffbulan_laporan-bulan laporan]" time="0.000" /><testcase classname="backend.tests.test_phase15_snake_case_headers.TestNormalizeHeader" name="test_normalize[judul-track-judul track]" time="0.000" /><testcase classname="backend.tests.test_phase15_snake_case_headers.TestNormalizeHeader" name="test_normalize[-]" time="0.000" /><testcase classname="backend.tests.test_phase15_snake_case_headers.TestNormalizeHeader" name="test_normalize[None-]" time="0.000" /><testcase classname="backend.tests.test_phase15_snake_case_headers.TestNormalizeHeader" name="test_normalize[ISRC-isrc]" time="0.000" /><testcase classname="backend.tests.test_phase15_snake_case_headers.TestNormalizeHeader" name="test_normalize[isrc_code-isrc code]" time="0.000" /><testcase classname="backend.tests.test_phase15_snake_case_headers.TestDetectColumnsSQL" name="test_all_canonical_mappings_found" time="0.000" /><testcase classname="backend.tests.test_phase15_snake_case_headers.TestDetectColumnsSQL" name="test_release_catalog_nb_ignored_safely" time="0.000" /><testcase classname="backend.tests.test_phase15_snake_case_headers.TestParsePeriodSQL" name="test_sql_period[2020-12-01-2020-12]" time="0.001" /><testcase classname="backend.tests.test_phase15_snake_case_headers.TestParsePeriodSQL" name="test_sql_period[2020-12-2020-12]" time="0.000" /><testcase classname="backend.tests.test_phase15_snake_case_headers.TestParsePeriodSQL" name="test_sql_period[2021-01-15-2021-01]" time="0.000" /><testcase classname="backend.tests.test_phase15_snake_case_headers.TestParseAmountSQL" name="test_sql_amounts[0.000181577974000-0.000181577974]" time="0.000" /><testcase classname="backend.tests.test_phase15_snake_case_headers.TestParseAmountSQL" name="test_sql_amounts[0.000259397105000-0.000259397105]" time="0.000" /><testcase classname="backend.tests.test_phase15_snake_case_headers.TestParseAmountSQL" name="test_sql_amounts[0.70000-0.7]" time="0.000" /><testcase classname="backend.tests.test_phase15_snake_case_headers.TestParseAmountSQL" name="test_sql_amounts[1-1.0]" time="0.000" /><testcase classname="backend.tests.test_phase15_snake_case_headers.TestParseAmountSQL" name="test_sql_amounts[0.000000000000000-0.0]" time="0.000" /><testcase classname="backend.tests.test_phase15_snake_case_headers.TestParseAmountSQL" name="test_believe_european_decimals_still_work" time="0.000" /><testcase classname="backend.tests.test_phase15_snake_case_headers.TestParseSQLCsvFile" name="test_file_exists" time="0.000" /><testcase classname="backend.tests.test_phase15_snake_case_headers.TestParseSQLCsvFile" name="test_parse_csv_bytes_full_file" time="0.001" /><testcase classname="backend.tests.test_phase15_snake_case_headers.TestParseSQLCsvFile" name="test_iter_csv_file_stream" time="0.001" /><testcase classname="backend.tests.test_phase15_snake_case_headers.TestBelieveRegression" name="test_semicolon_autodetect_and_indonesian_headers" time="0.000" /><testcase classname="backend.tests.test_phase15_snake_case_headers.TestBelieveRegression" name="test_row_values" time="0.000" /><testcase classname="backend.tests.test_phase15_snake_case_headers.TestSQLUploadE2E" name="test_step1_initiate_returns_presigned_url" time="0.521" /><testcase classname="backend.tests.test_phase15_snake_case_headers.TestSQLUploadE2E" name="test_step2_put_to_r2" time="0.718" /><testcase classname="backend.tests.test_phase15_snake_case_headers.TestSQLUploadE2E" name="test_step3_finalize_and_verify_counts" time="3.057" /><testcase classname="backend.tests.test_phase15_snake_case_headers.TestSQLUploadE2E" name="test_step4_lines_have_correct_period_and_revenue" time="0.132" /></testsuite></testsuites>