<?xml version="1.0" encoding="utf-8"?><testsuites name="pytest tests"><testsuite name="pytest" errors="0" failures="1" skipped="0" tests="1" time="2.063" timestamp="2026-09-08T11:23:00.723511+00:00" hostname="agent-env-b995bc2d-d561-43fa-a86c-997bb4cc2248"><testcase classname="backend.tests.test_iter52_legacy_withdraw_edit" name="test_commit_decrease_then_increase_restores_and_re_settles_without_touching_web_withdraw" time="1.725"><failure message="AssertionError: {&quot;detail&quot;:{&quot;code&quot;:&quot;PERMISSION_DENIED&quot;,&quot;permission&quot;:&quot;migration.view&quot;,&quot;message&quot;:&quot;Anda tidak memiliki izin untuk tindakan ini&quot;}}&#10;assert 403 == 200&#10; +  where 403 = &lt;Response [403]&gt;.status_code">backend/tests/test_iter52_legacy_withdraw_edit.py:250: in test_commit_decrease_then_increase_restores_and_re_settles_without_touching_web_withdraw
    first_job = _wait_job(case["finance_token"], first_commit.json()["job_id"])
                ^^^^^^^^^^^^^^^^^^^^^^^^^^^^^^^^^^^^^^^^^^^^^^^^^^^^^^^^^^^^^^^
backend/tests/test_iter52_legacy_withdraw_edit.py:39: in _wait_job
    assert response.status_code == 200, response.text
E   AssertionError: {"detail":{"code":"PERMISSION_DENIED","permission":"migration.view","message":"Anda tidak memiliki izin untuk tindakan ini"}}
E   assert 403 == 200
E    +  where 403 = &lt;Response [403]&gt;.status_code</failure></testcase></testsuite></testsuites>