<?xml version="1.0" encoding="utf-8"?><testsuites name="pytest tests"><testsuite name="pytest" errors="0" failures="0" skipped="0" tests="5" time="2.559" timestamp="2026-09-17T18:13:43.664096+00:00" hostname="agent-env-b995bc2d-d561-43fa-a86c-997bb4cc2248"><testcase classname="backend.tests.test_iter94_admin_header_kpi" name="test_metrics_super" time="0.811" /><testcase classname="backend.tests.test_iter94_admin_header_kpi" name="test_money_sales_today_super" time="0.163" /><testcase classname="backend.tests.test_iter94_admin_header_kpi" name="test_money_withdrawal_month_super" time="0.217" /><testcase classname="backend.tests.test_iter94_admin_header_kpi" name="test_money_withdrawal_finance_permission" time="0.583" /><testcase classname="backend.tests.test_iter94_admin_header_kpi" name="test_money_sales_periods" time="0.547" /></testsuite></testsuites>