<?xml version="1.0" encoding="utf-8"?><testsuites name="pytest tests"><testsuite name="pytest" errors="0" failures="0" skipped="0" tests="3" time="6.018" timestamp="2026-09-03T10:21:22.077089+00:00" hostname="agent-env-b995bc2d-d561-43fa-a86c-997bb4cc2248"><testcase classname="backend.tests.test_phase47_manual_legacy_withdraw" name="test_manual_history_auto_amount_settles_range_and_stays_hidden_from_label" time="1.837" /><testcase classname="backend.tests.test_iter40_manual_legacy_roles_validations" name="test_manual_legacy_preview_and_commit_role_guards_and_validations" time="2.426" /><testcase classname="backend.tests.test_phase32_label_visibility_endpoints" name="test_label_endpoints_hide_legacy_and_compute_only_post_cutoff_available" time="1.436" /></testsuite></testsuites>