<?xml version="1.0" encoding="utf-8"?><testsuites name="pytest tests"><testsuite name="pytest" errors="0" failures="0" skipped="0" tests="4" time="4.809" timestamp="2026-09-01T10:30:20.330636+00:00" hostname="agent-env-b995bc2d-d561-43fa-a86c-997bb4cc2248"><testcase classname="backend.tests.test_phase49_admin_label_available_balance" name="test_admin_label_list_exposes_nonnegative_reconciled_available_balance" time="1.144" /><testcase classname="backend.tests.test_phase50_admin_label_sorting" name="test_label_list_defaults_to_balance_desc_and_supports_alpha_sorting" time="1.075" /><testcase classname="backend.tests.test_phase48_label_search" name="test_admin_label_search_is_literal_case_insensitive_and_unfiltered_by_withdrawal" time="0.476" /><testcase classname="backend.tests.test_phase47_manual_legacy_withdraw" name="test_manual_history_auto_amount_settles_range_and_stays_hidden_from_label" time="1.763" /></testsuite></testsuites>