<?xml version="1.0" encoding="utf-8"?><testsuites name="pytest tests"><testsuite name="pytest" errors="0" failures="0" skipped="0" tests="6" time="10.981" timestamp="2026-09-03T10:33:10.631550+00:00" hostname="agent-env-b995bc2d-d561-43fa-a86c-997bb4cc2248"><testcase classname="backend.tests.test_iter52_legacy_withdraw_edit" name="test_admin_list_marks_legacy_editable_only_for_paid_legacy_with_period_to" time="1.648" /><testcase classname="backend.tests.test_iter52_legacy_withdraw_edit" name="test_preview_role_gate_and_web_withdraw_rejected" time="1.569" /><testcase classname="backend.tests.test_iter52_legacy_withdraw_edit" name="test_preview_decrease_returns_expected_math_and_does_not_mutate_rows" time="1.436" /><testcase classname="backend.tests.test_iter52_legacy_withdraw_edit" name="test_commit_decrease_then_increase_restores_and_re_settles_without_touching_web_withdraw" time="2.171" /><testcase classname="backend.tests.test_iter52_legacy_withdraw_edit" name="test_preview_blocked_by_active_web_withdraw_and_paid_history_without_period_to" time="1.537" /><testcase classname="backend.tests.test_iter52_legacy_withdraw_edit" name="test_preview_validation_and_single_use_preview_and_stale_preview_rejected" time="2.312" /></testsuite></testsuites>