<?xml version="1.0" encoding="utf-8"?><testsuites name="pytest tests"><testsuite name="pytest" errors="0" failures="0" skipped="0" tests="5" time="1.949" timestamp="2026-06-29T16:56:22.344184+00:00" hostname="agent-env-b995bc2d-d561-43fa-a86c-997bb4cc2248"><testcase classname="tests.test_phase22_extras" name="test_rbac_other_subadmins_rejected[creds0]" time="0.631" /><testcase classname="tests.test_phase22_extras" name="test_rbac_other_subadmins_rejected[creds1]" time="0.427" /><testcase classname="tests.test_phase22_extras" name="test_flip_lines_false_keeps_statuses" time="0.571" /><testcase classname="tests.test_phase22_extras" name="test_adjust_balances_false_keeps_balances" time="0.113" /><testcase classname="tests.test_phase22_extras" name="test_flip_lines_true_and_adjust_true_full_effect" time="0.137" /></testsuite></testsuites>