<?xml version="1.0" encoding="utf-8"?><testsuites name="pytest tests"><testsuite name="pytest" errors="0" failures="0" skipped="0" tests="13" time="20.969" timestamp="2026-08-31T13:08:15.248092+00:00" hostname="agent-env-b995bc2d-d561-43fa-a86c-997bb4cc2248"><testcase classname="backend.tests.test_phase41_multidevice_auth" name="test_two_devices_remain_active_after_one_refreshes" time="1.614" /><testcase classname="backend.tests.test_phase41_multidevice_auth" name="test_global_revocation_still_invalidates_every_device" time="1.305" /><testcase classname="backend.tests.test_phase41_multidevice_auth" name="test_disabled_account_cannot_start_or_refresh_session" time="1.081" /><testcase classname="backend.tests.test_phase42_account_controls" name="test_label_requests_change_and_admin_approves_without_early_mutation" time="1.271" /><testcase classname="backend.tests.test_phase42_account_controls" name="test_admin_requests_change_and_label_approves" time="1.350" /><testcase classname="backend.tests.test_phase42_account_controls" name="test_delete_admin_revokes_sessions_and_same_email_can_be_restored" time="2.813" /><testcase classname="backend.tests.test_phase42_account_controls" name="test_super_admin_cannot_delete_self" time="0.750" /><testcase classname="backend.tests.test_phase43_release_approval_invoice" name="test_submit_waits_for_admin_then_creates_one_combined_invoice" time="1.615" /><testcase classname="backend.tests.test_phase43_release_approval_invoice" name="test_content_id_claim_requires_valid_youtube_link" time="0.909" /><testcase classname="backend.tests.test_phase44_copyright_pdf" name="test_cms_signature_generates_downloadable_copyright_pdf" time="6.654" /><testcase classname="backend.tests.test_phase45_scheduled_notifications" name="test_monthly_email_is_sent_once_per_label_period" time="0.040" /><testcase classname="backend.tests.test_phase45_scheduled_notifications" name="test_completed_background_job_notifies_actor_once" time="0.006" /><testcase classname="backend.tests.test_iter37_auth_suspended_regression" name="test_suspended_account_cannot_login_use_access_or_refresh" time="1.068" /></testsuite></testsuites>