<?xml version="1.0" encoding="utf-8"?><testsuites name="pytest tests"><testsuite name="pytest" errors="0" failures="0" skipped="0" tests="3" time="6.373" timestamp="2026-09-03T12:50:13.576056+00:00" hostname="agent-env-b995bc2d-d561-43fa-a86c-997bb4cc2248"><testcase classname="backend.tests.test_iter55_release_rbac_revision" name="test_only_owner_label_can_edit_release_draft" time="1.788" /><testcase classname="backend.tests.test_iter55_release_rbac_revision" name="test_need_revision_resubmit_clears_active_note_preserves_history" time="2.612" /><testcase classname="backend.tests.test_iter55_release_rbac_revision" name="test_finance_cannot_mutate_release_workflow" time="1.557" /></testsuite></testsuites>