<?xml version="1.0" encoding="utf-8"?><testsuites name="pytest tests"><testsuite name="pytest" errors="0" failures="0" skipped="1" tests="41" time="12.450" timestamp="2026-06-24T20:21:19.595005+00:00" hostname="agent-env-b995bc2d-d561-43fa-a86c-997bb4cc2248"><testcase classname="backend.tests.test_phase6_subscription_wami_legal.TestSubscriptionTiers" name="test_annual_normal_invoice_amount_and_tier" time="1.468" /><testcase classname="backend.tests.test_phase6_subscription_wami_legal.TestSubscriptionTiers" name="test_annual_vip_invoice_and_upgrade" time="0.295" /><testcase classname="backend.tests.test_phase6_subscription_wami_legal.TestSubscriptionTiers" name="test_invalid_tier_rejected" time="0.119" /><testcase classname="backend.tests.test_phase6_subscription_wami_legal.TestPayPerRelease" name="test_ppr_price_via_cms_pricing" time="0.106" /><testcase classname="backend.tests.test_phase6_subscription_wami_legal.TestPayPerRelease" name="test_ppr_invoice_via_release_submit" time="0.215"><skipped type="pytest.skip" message="Pay-per-release invoice cannot be created in isolation without cover upload; covered by CMS pricing assertion above.">/app/backend/tests/test_phase6_subscription_wami_legal.py:222: Pay-per-release invoice cannot be created in isolation without cover upload; covered by CMS pricing assertion above.</skipped></testcase><testcase classname="backend.tests.test_phase6_subscription_wami_legal.TestWamiNonVip" name="test_wami_paid_creates_order_and_invoice" time="1.099" /><testcase classname="backend.tests.test_phase6_subscription_wami_legal.TestWamiNonVip" name="test_wami_duplicate_prevention" time="0.118" /><testcase classname="backend.tests.test_phase6_subscription_wami_legal.TestWamiNonVip" name="test_wami_webhook_marks_paid_via_xendit" time="0.617" /><testcase classname="backend.tests.test_phase6_subscription_wami_legal.TestWamiVipFree" name="test_vip_wami_is_free" time="1.186" /><testcase classname="backend.tests.test_phase6_subscription_wami_legal.TestWamiLiveRequirement" name="test_draft_release_rejects_wami" time="0.325" /><testcase classname="backend.tests.test_phase6_subscription_wami_legal.TestWamiListings" name="test_label_lists_own_wami" time="0.198" /><testcase classname="backend.tests.test_phase6_subscription_wami_legal.TestWamiListings" name="test_admin_lists_all_wami" time="0.095" /><testcase classname="backend.tests.test_phase6_subscription_wami_legal.TestWamiAdminStatusUpdate" name="test_admin_in_progress_then_registered" time="0.213" /><testcase classname="backend.tests.test_phase6_subscription_wami_legal.TestWamiAdminStatusUpdate" name="test_admin_rejected" time="0.099" /><testcase classname="backend.tests.test_phase6_subscription_wami_legal.TestWamiAdminStatusUpdate" name="test_status_update_creates_notification" time="0.102" /><testcase classname="backend.tests.test_phase6_subscription_wami_legal.TestCmsLegalEntity" name="test_get_landing_has_legal_entity" time="0.098" /><testcase classname="backend.tests.test_phase6_subscription_wami_legal.TestCmsLegalEntity" name="test_patch_legal_entity_persists" time="0.491" /><testcase classname="backend.tests.test_phase6_subscription_wami_legal.TestRegressions" name="test_label_invoices_endpoint_works" time="0.122" /><testcase classname="backend.tests.test_phase6_subscription_wami_legal.TestRegressions" name="test_subscription_webhook_already_paid_idempotent" time="0.189" /><testcase classname="backend.tests.test_phase6_subscription_wami_legal.TestRegressions" name="test_royalty_lines_redaction_for_label" time="0.107" /><testcase classname="backend.tests.test_phase6_subscription_wami_legal.TestRegressions" name="test_no_pay_per_release_endpoint" time="0.106" /><testcase classname="backend.tests.test_phase5_redaction_cron.TestLabelProfileRedaction" name="test_login_response_redacts_label" time="0.786" /><testcase classname="backend.tests.test_phase5_redaction_cron.TestLabelProfileRedaction" name="test_auth_me_redacts_label" time="0.101" /><testcase classname="backend.tests.test_phase5_redaction_cron.TestLabelProfileRedaction" name="test_label_me_redacts" time="0.113" /><testcase classname="backend.tests.test_phase5_redaction_cron.TestLabelProfileRedaction" name="test_label_dashboard_redacts" time="0.113" /><testcase classname="backend.tests.test_phase5_redaction_cron.TestLabelProfileRedaction" name="test_register_new_label_redacts" time="0.319" /><testcase classname="backend.tests.test_phase5_redaction_cron.TestRoyaltyLinesRedaction" name="test_label_royalty_lines_redacted" time="0.114" /><testcase classname="backend.tests.test_phase5_redaction_cron.TestRoyaltyLinesRedaction" name="test_admin_royalty_lines_unredacted" time="0.540" /><testcase classname="backend.tests.test_phase5_redaction_cron.TestRoyaltyLinesRedaction" name="test_csv_export_columns_redacted" time="0.177" /><testcase classname="backend.tests.test_phase5_redaction_cron.TestAdminLabelDetailVisible" name="test_admin_sees_royalty_percentage" time="0.116" /><testcase classname="backend.tests.test_phase5_redaction_cron.TestSubscriptionCron" name="test_super_admin_can_trigger" time="0.104" /><testcase classname="backend.tests.test_phase5_redaction_cron.TestSubscriptionCron" name="test_finance_can_trigger" time="0.455" /><testcase classname="backend.tests.test_phase5_redaction_cron.TestSubscriptionCron" name="test_support_forbidden" time="0.416" /><testcase classname="backend.tests.test_phase5_redaction_cron.TestSubscriptionCron" name="test_release_forbidden" time="0.416" /><testcase classname="backend.tests.test_phase5_redaction_cron.TestSubscriptionCron" name="test_idempotent_no_duplicate_notifications" time="0.211" /><testcase classname="backend.tests.test_phase5_redaction_cron.TestContractCron" name="test_super_admin_can_trigger" time="0.098" /><testcase classname="backend.tests.test_phase5_redaction_cron.TestContractCron" name="test_release_can_trigger" time="0.125" /><testcase classname="backend.tests.test_phase5_redaction_cron.TestContractCron" name="test_finance_forbidden" time="0.106" /><testcase classname="backend.tests.test_phase5_redaction_cron.TestContractCron" name="test_support_forbidden" time="0.098" /><testcase classname="backend.tests.test_phase5_redaction_cron.TestContractCron" name="test_idempotent" time="0.208" /><testcase classname="backend.tests.test_phase5_redaction_cron.TestSubscriptionExpiredBehavior" name="test_manawa_transitions_to_expired" time="0.298" /></testsuite></testsuites>