<?xml version="1.0" encoding="utf-8"?><testsuites name="pytest tests"><testsuite name="pytest" errors="0" failures="0" skipped="0" tests="2" time="4.232" timestamp="2026-08-22T07:07:05.875723+00:00" hostname="agent-env-b995bc2d-d561-43fa-a86c-997bb4cc2248"><testcase classname="backend.tests.test_phase33_xendit_safe_api" name="test_config_disabled_endpoints_and_ownership_access_without_checkout" time="2.576" /><testcase classname="backend.tests.test_phase33_xendit_safe_api" name="test_custom_product_and_invoice_creation_are_local_and_objectid_hidden" time="1.353" /></testsuite></testsuites>