<?xml version="1.0" encoding="utf-8"?><testsuites name="pytest tests"><testsuite name="pytest" errors="0" failures="0" skipped="0" tests="7" time="31.053" timestamp="2026-09-04T10:28:12.306406+00:00" hostname="agent-env-b995bc2d-d561-43fa-a86c-997bb4cc2248"><testcase classname="backend.tests.test_phase69_dynamic_admin_rbac_ui" name="test_custom_role_admin_user_and_navigation_permissions_are_dynamic" time="13.713" /><testcase classname="backend.tests.test_iter59_phase69_admin_rbac" name="test_built_in_admin_login_and_auth_me_include_role_name_permissions_and_cookies" time="4.824" /><testcase classname="backend.tests.test_iter59_phase69_admin_rbac" name="test_super_admin_can_edit_builtin_role_but_cannot_delete_builtin_and_admin_ui_has_required_permissions" time="0.903" /><testcase classname="backend.tests.test_iter59_phase69_admin_rbac" name="test_custom_role_assignment_reflects_on_active_token_and_role_change_revokes_session" time="2.763" /><testcase classname="backend.tests.test_iter59_phase69_admin_rbac" name="test_disabling_custom_role_blocks_active_session_and_new_login" time="2.159" /><testcase classname="backend.tests.test_iter59_phase69_admin_rbac" name="test_navigation_permission_filter_and_ui_settings_reject_invalid_configs" time="2.272" /><testcase classname="backend.tests.test_iter59_phase69_admin_rbac" name="test_permission_guards_and_release_finance_support_kyc_cms_regression_smoke" time="4.067" /></testsuite></testsuites>