<?xml version="1.0" encoding="utf-8"?><testsuites name="pytest tests"><testsuite name="pytest" errors="0" failures="0" skipped="0" tests="7" time="15.028" timestamp="2026-06-29T07:38:51.061250+00:00" hostname="agent-env-b995bc2d-d561-43fa-a86c-997bb4cc2248"><testcase classname="tests.test_phase17_security" name="test_sec001_forgot_password_does_not_leak_token" time="1.728" /><testcase classname="tests.test_phase17_security" name="test_sec001_register_does_not_leak_token" time="2.836" /><testcase classname="tests.test_phase17_security" name="test_sec001_xendit_webhook_rejects_unauthenticated_calls" time="0.093" /><testcase classname="tests.test_phase17_security" name="test_sec002_login_lockout_per_email_even_with_rotating_xff" time="0.413" /><testcase classname="tests.test_phase17_security" name="test_sec003_reset_invalidates_old_access_token" time="4.322" /><testcase classname="tests.test_phase17_security" name="test_sec003_reset_invalidates_other_outstanding_reset_tokens" time="5.568" /><testcase classname="tests.test_phase17_security" name="test_sec004_email_h_escapes_html" time="0.003" /></testsuite></testsuites>