<?xml version="1.0" encoding="utf-8"?><testsuites name="pytest tests"><testsuite name="pytest" errors="0" failures="0" skipped="0" tests="2" time="4.952" timestamp="2026-08-23T11:16:25.009063+00:00" hostname="agent-env-b995bc2d-d561-43fa-a86c-997bb4cc2248"><testcase classname="backend.tests.test_phase23_1_bulan_laporan_priority" name="test_csv_bulan_laporan_overrides_form_period" time="3.657" /><testcase classname="backend.tests.test_phase23_1_bulan_laporan_priority" name="test_missing_bulan_laporan_is_rejected_even_with_form_period" time="1.148" /></testsuite></testsuites>