<?xml version="1.0" encoding="utf-8"?><testsuites name="pytest tests"><testsuite name="pytest" errors="0" failures="1" skipped="0" tests="6" time="9.667" timestamp="2026-08-23T10:23:34.642738+00:00" hostname="agent-env-b995bc2d-d561-43fa-a86c-997bb4cc2248"><testcase classname="tests.test_iter28_import_auth_playbook" name="test_import_graph_loads_without_circular_init_failure" time="0.284" /><testcase classname="tests.test_iter28_import_auth_playbook" name="test_seeded_password_hash_uses_bcrypt_2b_prefix" time="0.004" /><testcase classname="tests.test_iter28_import_auth_playbook" name="test_login_sets_httponly_secure_cookies" time="0.389" /><testcase classname="tests.test_iter28_import_auth_playbook" name="test_cors_allows_credentials_for_explicit_origin" time="0.064"><failure message="AssertionError: assert '*' == 'https://lanj...gentagent.com'&#10;  &#10;  - https://lanjut-core.preview.emergentagent.com&#10;  + *">tests/test_iter28_import_auth_playbook.py:69: in test_cors_allows_credentials_for_explicit_origin
    assert response.headers.get("access-control-allow-origin") == origin
E   AssertionError: assert '*' == 'https://lanj...gentagent.com'
E     
E     - https://lanjut-core.preview.emergentagent.com
E     + *</failure></testcase><testcase classname="tests.test_iter28_import_auth_playbook" name="test_bruteforce_lockout_after_five_failures" time="7.562" /><testcase classname="tests.test_iter28_import_auth_playbook" name="test_seed_admin_updates_existing_admin_password_when_changed" time="1.165" /></testsuite></testsuites>