<?xml version="1.0" encoding="utf-8"?><testsuites name="pytest tests"><testsuite name="pytest" errors="0" failures="0" skipped="0" tests="14" time="7.048" timestamp="2026-06-28T18:34:17.321187+00:00" hostname="agent-env-b995bc2d-d561-43fa-a86c-997bb4cc2248"><testcase classname="backend.tests.test_phase13_reset_all_data.TestRBAC" name="test_a1_no_auth_returns_401" time="0.221" /><testcase classname="backend.tests.test_phase13_reset_all_data.TestRBAC" name="test_a2_non_super_admin_returns_403" time="0.465" /><testcase classname="backend.tests.test_phase13_reset_all_data.TestRBAC" name="test_a3_wrong_confirm_returns_400" time="0.445" /><testcase classname="backend.tests.test_phase13_reset_all_data.TestSeedThenReset" name="test_b1_seed_label_account" time="2.704" /><testcase classname="backend.tests.test_phase13_reset_all_data.TestSeedThenReset" name="test_b2_seed_release_draft" time="0.444" /><testcase classname="backend.tests.test_phase13_reset_all_data.TestSeedThenReset" name="test_b3_seed_royalty_csv" time="0.112" /><testcase classname="backend.tests.test_phase13_reset_all_data.TestSeedThenReset" name="test_b4_seed_r2_file" time="0.661" /><testcase classname="backend.tests.test_phase13_reset_all_data.TestSeedThenReset" name="test_c1_reset_success" time="0.795" /><testcase classname="backend.tests.test_phase13_reset_all_data.TestSeedThenReset" name="test_c2_labels_empty" time="0.095" /><testcase classname="backend.tests.test_phase13_reset_all_data.TestSeedThenReset" name="test_c3_royalty_imports_empty" time="0.098" /><testcase classname="backend.tests.test_phase13_reset_all_data.TestSeedThenReset" name="test_c4_test_label_cannot_login" time="0.113" /><testcase classname="backend.tests.test_phase13_reset_all_data.TestSeedThenReset" name="test_c5_super_admin_login_still_works" time="0.345" /><testcase classname="backend.tests.test_phase13_reset_all_data.TestSeedThenReset" name="test_c6_cms_landing_still_works" time="0.131" /><testcase classname="backend.tests.test_phase13_reset_all_data.TestSeedThenReset" name="test_d1_reset_idempotent" time="0.340" /></testsuite></testsuites>