<?xml version="1.0" encoding="utf-8"?><testsuites name="pytest tests"><testsuite name="pytest" errors="0" failures="0" skipped="0" tests="9" time="6.777" timestamp="2026-08-27T13:15:26.184594+00:00" hostname="agent-env-b995bc2d-d561-43fa-a86c-997bb4cc2248"><testcase classname="backend.tests.test_phase35_production_bugfixes" name="test_period_column_is_strictly_bulan_laporan" time="0.002" /><testcase classname="backend.tests.test_phase35_production_bugfixes" name="test_upload_uses_bulan_laporan_and_rejects_invalid_rows" time="0.637" /><testcase classname="backend.tests.test_phase35_production_bugfixes" name="test_upload_rejects_bulan_penjualan_without_bulan_laporan" time="0.145" /><testcase classname="backend.tests.test_phase35_production_bugfixes" name="test_mark_dana_received_runs_background_and_is_idempotent" time="0.347" /><testcase classname="backend.tests.test_phase35_production_bugfixes" name="test_mark_dana_reconciles_stale_timestamp_with_published_status" time="0.207" /><testcase classname="backend.tests.test_phase35_production_bugfixes" name="test_analytics_rebuild_is_background_streaming_and_exposes_source_months" time="1.195" /><testcase classname="backend.tests.test_phase35_production_bugfixes" name="test_legacy_withdraw_preview_and_commit_are_background_jobs" time="0.773" /><testcase classname="backend.tests.test_phase35_production_bugfixes" name="test_existing_import_period_can_be_repaired_from_retained_csv" time="0.331" /><testcase classname="backend.tests.test_phase35_production_bugfixes" name="test_missing_source_can_be_reuploaded_directly_to_r2_and_repaired" time="2.936" /></testsuite></testsuites>