<?xml version="1.0" encoding="utf-8"?><testsuites name="pytest tests"><testsuite name="pytest" errors="0" failures="0" skipped="1" tests="15" time="9.132" timestamp="2026-08-31T16:09:43.048949+00:00" hostname="agent-env-b995bc2d-d561-43fa-a86c-997bb4cc2248"><testcase classname="backend.tests.test_phase51_dashboard_withdraw_breakdown" name="test_dashboard_cache_partitions_total_label_share_without_double_counting_legacy" time="0.223" /><testcase classname="backend.tests.test_phase16_4_delete_import_and_dashboard_cache.TestRoyaltyImportDelete" name="test_delete_awaiting_upload_succeeds" time="1.722" /><testcase classname="backend.tests.test_phase16_4_delete_import_and_dashboard_cache.TestRoyaltyImportDelete" name="test_finance_admin_gets_403" time="0.889" /><testcase classname="backend.tests.test_phase16_4_delete_import_and_dashboard_cache.TestRoyaltyImportDelete" name="test_delete_unauthenticated_blocked" time="0.515" /><testcase classname="backend.tests.test_phase16_4_delete_import_and_dashboard_cache.TestRoyaltyImportDelete" name="test_delete_nonexistent_returns_404" time="0.194" /><testcase classname="backend.tests.test_phase16_4_delete_import_and_dashboard_cache.TestRoyaltyImportDelete" name="test_delete_published_returns_400" time="0.163"><skipped type="pytest.skip" message="no published imports in DB to test against">/app/backend/tests/test_phase16_4_delete_import_and_dashboard_cache.py:154: no published imports in DB to test against</skipped></testcase><testcase classname="backend.tests.test_phase16_4_delete_import_and_dashboard_cache.TestDashboardRevenueCache" name="test_dashboard_response_has_cache_age_field" time="0.191" /><testcase classname="backend.tests.test_phase16_4_delete_import_and_dashboard_cache.TestDashboardRevenueCache" name="test_second_call_serves_from_cache_fast" time="0.396" /><testcase classname="backend.tests.test_phase16_4_delete_import_and_dashboard_cache.TestDashboardRevenueCache" name="test_refresh_revenue_super_admin" time="0.150" /><testcase classname="backend.tests.test_phase16_4_delete_import_and_dashboard_cache.TestDashboardRevenueCache" name="test_refresh_revenue_finance_admin_allowed" time="0.123" /><testcase classname="backend.tests.test_phase16_4_delete_import_and_dashboard_cache.TestDashboardRevenueCache" name="test_refresh_revenue_unauthenticated_blocked" time="0.201" /><testcase classname="backend.tests.test_phase16_4_delete_import_and_dashboard_cache.TestCacheInvalidationAfterDelete" name="test_delete_triggers_background_recompute" time="1.845" /><testcase classname="backend.tests.test_iter41_admin_dashboard_withdraw_api" name="test_admin_dashboard_returns_withdraw_breakdown_and_no_object_id_fields" time="0.753" /><testcase classname="backend.tests.test_iter41_admin_dashboard_withdraw_api" name="test_legacy_metrics_cache_document_gets_upgraded_with_breakdown_after_refresh" time="0.537" /><testcase classname="backend.tests.test_iter41_admin_dashboard_withdraw_api" name="test_withdrawn_logic_no_double_count_when_status_withdrawn_and_legacy_settled_true" time="1.048" /></testsuite></testsuites>