<?xml version="1.0" encoding="utf-8"?><testsuites name="pytest tests"><testsuite name="pytest" errors="0" failures="2" skipped="0" tests="10" time="12.910" timestamp="2026-08-30T19:36:36.796286+00:00" hostname="agent-env-b995bc2d-d561-43fa-a86c-997bb4cc2248"><testcase classname="backend.tests.test_iter34_auth_playbook_public" name="test_seeded_password_hash_is_bcrypt_2b_prefix" time="0.005" /><testcase classname="backend.tests.test_iter34_auth_playbook_public" name="test_login_sets_secure_httponly_cookies_and_bearer_fallback_works" time="0.597" /><testcase classname="backend.tests.test_iter34_auth_playbook_public" name="test_cors_preflight_allows_credentials_with_explicit_origin" time="0.077"><failure message="AssertionError: assert '*' == 'https://lanj...gentagent.com'&#10;  &#10;  - https://lanjut-core.preview.emergentagent.com&#10;  + *">backend/tests/test_iter34_auth_playbook_public.py:86: in test_cors_preflight_allows_credentials_with_explicit_origin
    assert response.headers.get("access-control-allow-origin") == BASE_URL
E   AssertionError: assert '*' == 'https://lanj...gentagent.com'
E     
E     - https://lanjut-core.preview.emergentagent.com
E     + *</failure></testcase><testcase classname="backend.tests.test_iter34_auth_playbook_public" name="test_bruteforce_lockout_after_five_failures" time="2.107" /><testcase classname="backend.tests.test_iter34_auth_playbook_public" name="test_seed_admin_updates_existing_admin_when_password_changes" time="1.544"><failure message="AssertionError: {&quot;detail&quot;:&quot;Email atau password salah&quot;}&#10;assert 401 == 200&#10; +  where 401 = &lt;Response [401]&gt;.status_code">backend/tests/test_iter34_auth_playbook_public.py:150: in test_seed_admin_updates_existing_admin_when_password_changes
    assert support_recovered.status_code == 200, support_recovered.text
E   AssertionError: {"detail":"Email atau password salah"}
E   assert 401 == 200
E    +  where 401 = &lt;Response [401]&gt;.status_code</failure></testcase><testcase classname="backend.tests.test_iter34_label_analytics_live_update" name="test_label_analytics_reads_live_lines_and_keeps_withdrawn_visible" time="0.961" /><testcase classname="backend.tests.test_phase39_label_dashboard_analytics" name="test_label_analytics_and_admin_financial_summary_are_complete_and_isolated" time="1.603" /><testcase classname="backend.tests.test_phase32_label_visibility_endpoints" name="test_label_endpoints_hide_legacy_and_compute_only_post_cutoff_available" time="1.265" /><testcase classname="backend.tests.test_iter34_upload_health" name="test_legacy_multipart_upload_persists_to_r2_and_enforces_10mb_cap" time="2.062" /><testcase classname="backend.tests.test_iter34_upload_health" name="test_direct_r2_initiate_put_finalize_flow_healthy" time="2.328" /></testsuite></testsuites>