<?xml version="1.0" encoding="utf-8"?><testsuites name="pytest tests"><testsuite name="pytest" errors="0" failures="0" skipped="0" tests="7" time="3.325" timestamp="2026-09-14T18:31:56.464450+00:00" hostname="agent-env-b995bc2d-d561-43fa-a86c-997bb4cc2248"><testcase classname="backend.tests.test_iter77_addon_followup" name="test_navigation_has_addon_manage" time="0.645" /><testcase classname="backend.tests.test_iter77_addon_followup" name="test_access_catalog_has_addon_module" time="0.113" /><testcase classname="backend.tests.test_iter77_addon_followup" name="test_action_center_has_addon_orders" time="0.107" /><testcase classname="backend.tests.test_iter77_addon_followup" name="test_admin_products_list_and_create_file" time="0.423" /><testcase classname="backend.tests.test_iter77_addon_followup" name="test_delivery_file_flow" time="1.139" /><testcase classname="backend.tests.test_iter77_addon_followup" name="test_delivery_file_rejects_cancelled" time="0.273" /><testcase classname="backend.tests.test_iter77_addon_followup" name="test_label_addon_orders" time="0.535" /></testsuite></testsuites>