<?xml version="1.0" encoding="utf-8"?><testsuites name="pytest tests"><testsuite name="pytest" errors="0" failures="0" skipped="0" tests="8" time="10.795" timestamp="2026-09-03T12:49:13.329800+00:00" hostname="agent-env-b995bc2d-d561-43fa-a86c-997bb4cc2248"><testcase classname="backend.tests.test_phase65_release_submission_workflow" name="test_complete_ppr_revision_payment_believe_live_takedown_flow" time="4.388" /><testcase classname="backend.tests.test_phase65_release_submission_workflow" name="test_annual_release_bypasses_payment_after_review" time="0.660" /><testcase classname="backend.tests.test_phase43_release_approval_invoice" name="test_submit_waits_for_admin_then_creates_one_combined_invoice" time="2.250" /><testcase classname="backend.tests.test_phase43_release_approval_invoice" name="test_content_id_claim_requires_valid_youtube_link" time="0.871" /><testcase classname="backend.tests.test_phase33_xendit_polling" name="test_session_payload_and_mocked_provider_fulfillment" time="0.105" /><testcase classname="backend.tests.test_phase33_xendit_polling" name="test_custom_product_and_local_invoices_do_not_call_xendit" time="2.031" /><testcase classname="backend.tests.test_phase33_xendit_polling" name="test_completed_amount_mismatch_is_rejected" time="0.001" /><testcase classname="backend.tests.test_phase33_xendit_polling" name="test_subscription_wami_and_custom_service_fulfillment_are_idempotent" time="0.058" /></testsuite></testsuites>