<?xml version="1.0" encoding="utf-8"?><testsuites name="pytest tests"><testsuite name="pytest" errors="0" failures="0" skipped="0" tests="5" time="4.813" timestamp="2026-08-27T15:31:37.153660+00:00" hostname="agent-env-b995bc2d-d561-43fa-a86c-997bb4cc2248"><testcase classname="backend.tests.test_phase38_balance_reconciliation" name="test_global_preview_and_commit_reconcile_cutoff_balances" time="1.957" /><testcase classname="backend.tests.test_phase38_balance_reconciliation" name="test_mark_dana_never_recredits_period_at_or_before_withdraw_cutoff" time="0.180" /><testcase classname="backend.tests.test_phase38_balance_reconciliation" name="test_rate_recalculation_ignores_lines_at_or_before_cutoff" time="0.518" /><testcase classname="backend.tests.test_iter33_balance_audit_api" name="test_balance_audit_preview_rbac_enforced" time="1.127" /><testcase classname="backend.tests.test_iter33_balance_audit_api" name="test_balance_audit_preview_poetra_cutoff_payload_invariants" time="0.874" /></testsuite></testsuites>