<?xml version="1.0" encoding="utf-8"?><testsuites name="pytest tests"><testsuite name="pytest" errors="0" failures="0" skipped="1" tests="5" time="1.983" timestamp="2026-09-11T08:47:31.698534+00:00" hostname="agent-env-b995bc2d-d561-43fa-a86c-997bb4cc2248"><testcase classname="tests.test_iter71_ppr_tiered_pricing.TestCMSAlbumPrice" name="test_public_landing_has_album_and_perrelease_price" time="0.186" /><testcase classname="tests.test_iter71_ppr_tiered_pricing.TestCMSAlbumPrice" name="test_admin_can_patch_album_package_price" time="0.802" /><testcase classname="tests.test_iter71_ppr_tiered_pricing.TestPPRBaseAmount" name="test_helper_math" time="0.000" /><testcase classname="tests.test_iter71_ppr_tiered_pricing.TestShortfallPreview" name="test_admin_preview_on_ppr_release" time="0.334" /><testcase classname="tests.test_iter71_ppr_tiered_pricing.TestSubmitValidation" name="test_submit_wrong_ep_count_rejected" time="0.589"><skipped type="pytest.skip" message="cannot list releases">/app/backend/tests/test_iter71_ppr_tiered_pricing.py:133: cannot list releases</skipped></testcase></testsuite></testsuites>