<?xml version="1.0" encoding="utf-8"?><testsuites name="pytest tests"><testsuite name="pytest" errors="0" failures="0" skipped="1" tests="21" time="5.225" timestamp="2026-06-29T16:28:43.857034+00:00" hostname="agent-env-b995bc2d-d561-43fa-a86c-997bb4cc2248"><testcase classname="tests.test_phase20_21_withdraw_fifo_rollup.TestPhase20WithdrawComputed" name="test_computed_label_rbac_admin_forbidden" time="0.485" /><testcase classname="tests.test_phase20_21_withdraw_fifo_rollup.TestPhase20WithdrawComputed" name="test_computed_label_rbac_support_forbidden" time="0.381" /><testcase classname="tests.test_phase20_21_withdraw_fifo_rollup.TestPhase20WithdrawComputed" name="test_computed_label_ok_shape" time="3.007" /><testcase classname="tests.test_phase20_21_withdraw_fifo_rollup.TestPhase20WithdrawRequest" name="test_request_below_min_returns_400" time="0.097" /><testcase classname="tests.test_phase20_21_withdraw_fifo_rollup.TestPhase20WithdrawRequest" name="test_request_no_body_accepted" time="0.046" /><testcase classname="tests.test_phase20_21_withdraw_fifo_rollup.TestPhase20WithdrawRequest" name="test_request_admin_forbidden" time="0.048" /><testcase classname="tests.test_phase20_21_withdraw_fifo_rollup.TestPhase20AdminAction" name="test_mark_paid_support_forbidden" time="0.057" /><testcase classname="tests.test_phase20_21_withdraw_fifo_rollup.TestPhase20AdminAction" name="test_admin_list_withdraws_finance_ok" time="0.371" /><testcase classname="tests.test_phase20_21_withdraw_fifo_rollup.TestPhase20AdminAction" name="test_admin_list_withdraws_support_ok" time="0.052" /><testcase classname="tests.test_phase20_21_withdraw_fifo_rollup.TestPhase21AdminArtists" name="test_admin_artists_shape" time="0.048"><skipped type="pytest.skip" message="no artists in preview DB">/app/backend/tests/test_phase20_21_withdraw_fifo_rollup.py:185: no artists in preview DB</skipped></testcase><testcase classname="tests.test_phase20_21_withdraw_fifo_rollup.TestPhase21AdminArtists" name="test_admin_artists_period_filter" time="0.051" /><testcase classname="tests.test_phase20_21_withdraw_fifo_rollup.TestPhase21AdminArtists" name="test_admin_artists_period_2024" time="0.049" /><testcase classname="tests.test_phase20_21_withdraw_fifo_rollup.TestPhase21AdminArtists" name="test_admin_artists_finance_ok" time="0.048" /><testcase classname="tests.test_phase20_21_withdraw_fifo_rollup.TestPhase21AdminReleases" name="test_admin_releases_shape" time="0.048" /><testcase classname="tests.test_phase20_21_withdraw_fifo_rollup.TestPhase21AdminReleases" name="test_admin_releases_period_filter" time="0.050" /><testcase classname="tests.test_phase20_21_withdraw_fifo_rollup.TestPhase21AdminReleases" name="test_admin_releases_status_filter_combined_with_period" time="0.051" /><testcase classname="tests.test_phase20_21_withdraw_fifo_rollup.TestPhase21LabelArtistsReleases" name="test_label_artists_with_rollup" time="0.050" /><testcase classname="tests.test_phase20_21_withdraw_fifo_rollup.TestPhase21LabelArtistsReleases" name="test_label_releases_with_rollup" time="0.051" /><testcase classname="tests.test_phase20_21_withdraw_fifo_rollup.TestPhase21LabelArtistsReleases" name="test_label_releases_period_filter" time="0.046" /><testcase classname="tests.test_phase20_21_withdraw_fifo_rollup.TestRegressionWithdrawRBAC" name="test_withdraw_window_authenticated" time="0.044" /><testcase classname="tests.test_phase20_21_withdraw_fifo_rollup.TestRegressionWithdrawRBAC" name="test_withdraw_label_list" time="0.050" /></testsuite></testsuites>