<?xml version="1.0" encoding="utf-8"?><testsuites name="pytest tests"><testsuite name="pytest" errors="0" failures="0" skipped="0" tests="40" time="38.334" timestamp="2026-06-29T16:08:05.527502+00:00" hostname="agent-env-b995bc2d-d561-43fa-a86c-997bb4cc2248"><testcase classname="tests.test_phase16_3_csot_uncapped_client" name="test_db_bg_client_has_no_csot_cap" time="0.268" /><testcase classname="tests.test_phase16_3_csot_uncapped_client" name="test_publish_bg_uses_db_bg" time="0.000" /><testcase classname="tests.test_phase16_3_csot_uncapped_client" name="test_admin_dashboard_uses_db_bg_for_revenue_aggregate" time="0.001" /><testcase classname="tests.test_phase16_3_csot_uncapped_client" name="test_admin_get_import_uses_db_bg_for_heavy_reads" time="0.000" /><testcase classname="tests.test_phase16_3_csot_uncapped_client" name="test_mark_dana_received_uses_db_bg" time="0.000" /><testcase classname="tests.test_phase16_4_delete_import_and_dashboard_cache.TestRoyaltyImportDelete" name="test_delete_awaiting_upload_succeeds" time="0.974" /><testcase classname="tests.test_phase16_4_delete_import_and_dashboard_cache.TestRoyaltyImportDelete" name="test_finance_admin_gets_403" time="0.921" /><testcase classname="tests.test_phase16_4_delete_import_and_dashboard_cache.TestRoyaltyImportDelete" name="test_delete_unauthenticated_blocked" time="0.531" /><testcase classname="tests.test_phase16_4_delete_import_and_dashboard_cache.TestRoyaltyImportDelete" name="test_delete_nonexistent_returns_404" time="0.128" /><testcase classname="tests.test_phase16_4_delete_import_and_dashboard_cache.TestRoyaltyImportDelete" name="test_delete_published_returns_400" time="0.222" /><testcase classname="tests.test_phase16_4_delete_import_and_dashboard_cache.TestDashboardRevenueCache" name="test_dashboard_response_has_cache_age_field" time="0.122" /><testcase classname="tests.test_phase16_4_delete_import_and_dashboard_cache.TestDashboardRevenueCache" name="test_second_call_serves_from_cache_fast" time="0.219" /><testcase classname="tests.test_phase16_4_delete_import_and_dashboard_cache.TestDashboardRevenueCache" name="test_refresh_revenue_super_admin" time="0.156" /><testcase classname="tests.test_phase16_4_delete_import_and_dashboard_cache.TestDashboardRevenueCache" name="test_refresh_revenue_finance_admin_allowed" time="0.104" /><testcase classname="tests.test_phase16_4_delete_import_and_dashboard_cache.TestDashboardRevenueCache" name="test_refresh_revenue_unauthenticated_blocked" time="0.181" /><testcase classname="tests.test_phase16_4_delete_import_and_dashboard_cache.TestCacheInvalidationAfterDelete" name="test_delete_triggers_background_recompute" time="7.569" /><testcase classname="tests.test_phase16_5_batched_csv_import" name="test_source_batch_size_at_least_5000" time="0.000" /><testcase classname="tests.test_phase16_5_batched_csv_import" name="test_source_inserts_use_ordered_false" time="0.000" /><testcase classname="tests.test_phase16_5_batched_csv_import" name="test_source_inserts_use_db_bg" time="0.000" /><testcase classname="tests.test_phase16_5_batched_csv_import" name="test_source_progress_throttled" time="0.000" /><testcase classname="tests.test_phase16_5_batched_csv_import" name="test_seed_includes_isrc_upc_compound_indexes" time="0.001" /><testcase classname="tests.test_phase16_5_batched_csv_import" name="test_10k_row_csv_import_under_30s" time="2.051" /><testcase classname="tests.test_phase17_security" name="test_sec001_forgot_password_does_not_leak_token" time="1.603" /><testcase classname="tests.test_phase17_security" name="test_sec001_register_does_not_leak_token" time="2.784" /><testcase classname="tests.test_phase17_security" name="test_sec001_xendit_webhook_rejects_unauthenticated_calls" time="0.162" /><testcase classname="tests.test_phase17_security" name="test_sec002_login_lockout_per_email_even_with_rotating_xff" time="0.673" /><testcase classname="tests.test_phase17_security" name="test_sec003_reset_invalidates_old_access_token" time="4.632" /><testcase classname="tests.test_phase17_security" name="test_sec003_reset_invalidates_other_outstanding_reset_tokens" time="5.531" /><testcase classname="tests.test_phase17_security" name="test_sec004_email_h_escapes_html" time="0.001" /><testcase classname="tests.test_phase17_regression.TestLabelAuthRegression" name="test_register_login_me_logout_flow" time="3.422" /><testcase classname="tests.test_phase17_regression.TestLabelAuthRegression" name="test_forgot_then_reset_then_relogin" time="4.778" /><testcase classname="tests.test_phase17_regression.TestLabelAuthRegression" name="test_forgot_unknown_email_returns_ok_no_enumeration" time="0.102" /><testcase classname="tests.test_phase17_regression.TestSuperAdminRegression" name="test_super_admin_login_and_me" time="0.459" /><testcase classname="tests.test_phase17_regression.TestSuperAdminRegression" name="test_jwt_carries_tv_claim" time="0.000" /><testcase classname="tests.test_phase17_regression.TestSuperAdminRegression" name="test_admin_endpoints_return_200[/admin/labels-200]" time="0.111" /><testcase classname="tests.test_phase17_regression.TestSuperAdminRegression" name="test_admin_endpoints_return_200[/label/invoices-403]" time="0.113" /><testcase classname="tests.test_phase17_regression.TestSuperAdminRegression" name="test_admin_endpoints_return_200[/contracts/admin-200]" time="0.112" /><testcase classname="tests.test_phase17_regression.TestSuperAdminRegression" name="test_admin_endpoints_return_200[/withdraw/window-200]" time="0.099" /><testcase classname="tests.test_phase17_regression.TestSuperAdminRegression" name="test_admin_endpoints_return_200[/royalty/admin/imports-200]" time="0.102" /><testcase classname="tests.test_phase17_regression.TestSuperAdminRegression" name="test_admin_endpoints_return_200[/cms/landing-200]" time="0.102" /></testsuite></testsuites>