<?xml version="1.0" encoding="utf-8"?><testsuites name="pytest tests"><testsuite name="pytest" errors="0" failures="0" skipped="0" tests="10" time="6.158" timestamp="2026-06-28T18:59:02.595636+00:00" hostname="agent-env-b995bc2d-d561-43fa-a86c-997bb4cc2248"><testcase classname="backend.tests.test_phase14_direct_r2_upload.TestInitiateAuth" name="test_initiate_no_auth_401" time="0.250" /><testcase classname="backend.tests.test_phase14_direct_r2_upload.TestInitiateAuth" name="test_initiate_release_role_403" time="0.488" /><testcase classname="backend.tests.test_phase14_direct_r2_upload.TestInitiateAuth" name="test_initiate_bad_rate_422" time="0.506" /><testcase classname="backend.tests.test_phase14_direct_r2_upload.TestInitiateAuth" name="test_initiate_bad_period_400" time="0.101" /><testcase classname="backend.tests.test_phase14_direct_r2_upload.TestInitiateFinalizeFlow" name="test_put_to_r2_succeeds" time="0.851" /><testcase classname="backend.tests.test_phase14_direct_r2_upload.TestInitiateFinalizeFlow" name="test_finalize_then_background_processes" time="3.050" /><testcase classname="backend.tests.test_phase14_direct_r2_upload.TestFinalizeErrors" name="test_finalize_unknown_id_404" time="0.099" /><testcase classname="backend.tests.test_phase14_direct_r2_upload.TestFinalizeErrors" name="test_finalize_without_put_returns_400" time="0.433" /><testcase classname="backend.tests.test_phase14_direct_r2_upload.TestR2Cors" name="test_options_preflight_on_presigned_put" time="0.201" /><testcase classname="backend.tests.test_phase14_direct_r2_upload.TestSmallFileMultipart" name="test_small_multipart_still_sync" time="0.111" /></testsuite></testsuites>