<?xml version="1.0" encoding="utf-8"?><testsuites name="pytest tests"><testsuite name="pytest" errors="0" failures="0" skipped="0" tests="5" time="1.952" timestamp="2026-09-14T16:37:10.727791+00:00" hostname="agent-env-b995bc2d-d561-43fa-a86c-997bb4cc2248"><testcase classname="backend.tests.test_iter75_label_dashboard_hero.TestLabelDashboardPipeline" name="test_dashboard_returns_pipeline" time="0.703" /><testcase classname="backend.tests.test_iter75_label_dashboard_hero.TestLabelDashboardPipeline" name="test_dashboard_stats_and_label_intact" time="0.088" /><testcase classname="backend.tests.test_iter75_label_dashboard_hero.TestCMSLabelDashboardHero" name="test_patch_and_get_hero" time="0.588" /><testcase classname="backend.tests.test_iter75_label_dashboard_hero.TestCMSLabelDashboardHero" name="test_other_landing_keys_intact" time="0.275" /><testcase classname="backend.tests.test_iter75_label_dashboard_hero.TestCMSLabelDashboardHero" name="test_cleanup_deactivate_hero" time="0.227" /></testsuite></testsuites>