<?xml version="1.0" encoding="utf-8"?><testsuites name="pytest tests"><testsuite name="pytest" errors="0" failures="0" skipped="0" tests="9" time="5.293" timestamp="2026-09-15T20:32:38.793047+00:00" hostname="agent-env-b995bc2d-d561-43fa-a86c-997bb4cc2248"><testcase classname="backend.tests.test_iter89_perm_bridge_removal" name="test_finance_withdraw_admin_list" time="0.837" /><testcase classname="backend.tests.test_iter89_perm_bridge_removal" name="test_finance_refresh_revenue" time="0.195" /><testcase classname="backend.tests.test_iter89_perm_bridge_removal" name="test_release_ready_to_live" time="0.513" /><testcase classname="backend.tests.test_iter89_perm_bridge_removal" name="test_support_kyc_list" time="0.561" /><testcase classname="backend.tests.test_iter89_perm_bridge_removal" name="test_support_cannot_refresh_revenue" time="0.133" /><testcase classname="backend.tests.test_iter89_perm_bridge_removal" name="test_release_cannot_view_withdraw" time="0.160" /><testcase classname="backend.tests.test_iter89_perm_bridge_removal" name="test_finance_cannot_patch_cms" time="0.170" /><testcase classname="backend.tests.test_iter89_perm_bridge_removal" name="test_content_can_patch_cms" time="0.495" /><testcase classname="backend.tests.test_iter89_perm_bridge_removal" name="test_bank_verification_delegation_flow" time="2.150" /></testsuite></testsuites>