<?xml version="1.0" encoding="utf-8"?><testsuites name="pytest tests"><testsuite name="pytest" errors="0" failures="0" skipped="0" tests="26" time="8.567" timestamp="2026-09-14T10:56:43.798638+00:00" hostname="agent-env-b995bc2d-d561-43fa-a86c-997bb4cc2248"><testcase classname="backend.tests.test_iter73_sensitive_package_blacklist.TestPackageRequestFlow" name="test_finance_direct_package_forbidden" time="2.863" /><testcase classname="backend.tests.test_iter73_sensitive_package_blacklist.TestPackageRequestFlow" name="test_finance_patch_label_subscription_forbidden" time="0.142" /><testcase classname="backend.tests.test_iter73_sensitive_package_blacklist.TestPackageRequestFlow" name="test_finance_creates_pending_package_request" time="0.376" /><testcase classname="backend.tests.test_iter73_sensitive_package_blacklist.TestPackageRequestFlow" name="test_duplicate_package_pending_409" time="0.120" /><testcase classname="backend.tests.test_iter73_sensitive_package_blacklist.TestPackageRequestFlow" name="test_finance_cannot_approve_package" time="0.133" /><testcase classname="backend.tests.test_iter73_sensitive_package_blacklist.TestPackageRequestFlow" name="test_super_admin_approves_package_applies" time="0.249" /><testcase classname="backend.tests.test_iter73_sensitive_package_blacklist.TestPackageRequestFlow" name="test_super_admin_restore_package" time="0.422" /><testcase classname="backend.tests.test_iter73_sensitive_package_blacklist.TestBlacklistRequestFlow" name="test_support_direct_blacklist_forbidden" time="0.143" /><testcase classname="backend.tests.test_iter73_sensitive_package_blacklist.TestBlacklistRequestFlow" name="test_support_creates_pending_blacklist_request" time="0.392" /><testcase classname="backend.tests.test_iter73_sensitive_package_blacklist.TestBlacklistRequestFlow" name="test_duplicate_blacklist_pending_409" time="0.128" /><testcase classname="backend.tests.test_iter73_sensitive_package_blacklist.TestBlacklistRequestFlow" name="test_support_cannot_approve_blacklist" time="0.139" /><testcase classname="backend.tests.test_iter73_sensitive_package_blacklist.TestBlacklistRequestFlow" name="test_reject_blacklist_leaves_label_unchanged" time="0.298" /><testcase classname="backend.tests.test_iter73_sensitive_package_blacklist.TestBlacklistRequestFlow" name="test_approve_blacklist_and_restore" time="0.639" /><testcase classname="backend.tests.test_iter73_sensitive_package_blacklist.TestBlacklistRequestFlow" name="test_blacklist_state_validation" time="0.134" /><testcase classname="backend.tests.test_iter73_sensitive_package_blacklist.TestScopedQueue" name="test_finance_sees_only_package" time="0.116" /><testcase classname="backend.tests.test_iter73_sensitive_package_blacklist.TestScopedQueue" name="test_support_sees_only_blacklist" time="0.114" /><testcase classname="backend.tests.test_iter73_sensitive_package_blacklist.TestScopedQueue" name="test_release_no_view_perm_403" time="0.148" /><testcase classname="backend.tests.test_iter73_sensitive_package_blacklist.TestSuperAdminDirect" name="test_super_admin_direct_blacklist_and_unblacklist" time="0.557" /><testcase classname="backend.tests.test_iter73_sensitive_package_blacklist.TestValidateWarnings" name="test_redundant_package" time="0.114" /><testcase classname="backend.tests.test_iter73_sensitive_package_blacklist.TestValidateWarnings" name="test_missing_prereq_blacklist" time="0.116" /><testcase classname="backend.tests.test_iter73_sensitive_package_blacklist.TestRateFeeRegression" name="test_finance_rate_request_still_works" time="0.506" /><testcase classname="backend.tests.test_iter73_sensitive_package_blacklist.TestModuleRegression" name="test_module_access[finance-/admin/labels?limit=1-200]" time="0.135" /><testcase classname="backend.tests.test_iter73_sensitive_package_blacklist.TestModuleRegression" name="test_module_access[finance-/admin/payments?limit=1-200]" time="0.119" /><testcase classname="backend.tests.test_iter73_sensitive_package_blacklist.TestModuleRegression" name="test_module_access[finance-/withdraw/admin?limit=1-200]" time="0.120" /><testcase classname="backend.tests.test_iter73_sensitive_package_blacklist.TestModuleRegression" name="test_module_access[support-/tickets/admin?limit=1-200]" time="0.114" /><testcase classname="backend.tests.test_iter73_sensitive_package_blacklist.TestModuleRegression" name="test_module_access[release-/admin/releases?limit=1-200]" time="0.133" /></testsuite></testsuites>