<?xml version="1.0" encoding="utf-8"?><testsuites name="pytest tests"><testsuite name="pytest" errors="0" failures="1" skipped="0" tests="2" time="1.894" timestamp="2026-09-03T12:04:52.807962+00:00" hostname="agent-env-b995bc2d-d561-43fa-a86c-997bb4cc2248"><testcase classname="backend.tests.test_iter54_phase64_scoped_24migo" name="test_phase64_preview_baseline_matches_expected_story_numbers" time="0.855"><failure message="assert 2111571 == 3311210">backend/tests/test_iter54_phase64_scoped_24migo.py:89: in test_phase64_preview_baseline_matches_expected_story_numbers
    assert row["current_available_idr"] == 3_311_210
E   assert 2111571 == 3311210</failure></testcase><testcase classname="backend.tests.test_iter54_phase64_scoped_24migo" name="test_phase64_scoped_commit_then_repreview_is_clean" time="0.868" /></testsuite></testsuites>