<?xml version="1.0" encoding="utf-8"?><testsuites name="pytest tests"><testsuite name="pytest" errors="0" failures="0" skipped="0" tests="10" time="8.312" timestamp="2026-09-15T20:08:49.039690+00:00" hostname="agent-env-b995bc2d-d561-43fa-a86c-997bb4cc2248"><testcase classname="backend.tests.test_iter88_unified_rbac" name="test_super_admin_navigation" time="0.609" /><testcase classname="backend.tests.test_iter88_unified_rbac" name="test_finance_navigation_permissions" time="0.767" /><testcase classname="backend.tests.test_iter88_unified_rbac" name="test_release_navigation_permissions" time="0.627" /><testcase classname="backend.tests.test_iter88_unified_rbac" name="test_delete_super_admin_role_forbidden" time="0.184" /><testcase classname="backend.tests.test_iter88_unified_rbac" name="test_delete_in_use_role_conflict" time="0.170" /><testcase classname="backend.tests.test_iter88_unified_rbac" name="test_config_review_baseline" time="0.332" /><testcase classname="backend.tests.test_iter88_unified_rbac" name="test_work_queue_finance_scope_my" time="0.230" /><testcase classname="backend.tests.test_iter88_unified_rbac" name="test_work_queue_team_super_manager" time="0.155" /><testcase classname="backend.tests.test_iter88_unified_rbac" name="test_work_responsibilities_retired" time="0.207" /><testcase classname="backend.tests.test_iter88_unified_rbac" name="test_granular_withdraw_gating_and_session_invalidation" time="4.940" /></testsuite></testsuites>