<?xml version="1.0" encoding="utf-8"?><testsuites name="pytest tests"><testsuite name="pytest" errors="0" failures="0" skipped="0" tests="10" time="3.947" timestamp="2026-09-16T11:12:59.122674+00:00" hostname="agent-env-b995bc2d-d561-43fa-a86c-997bb4cc2248"><testcase classname="backend.tests.test_iter93_merge_wizard.TestMergeWizard" name="test_candidates_lists_three_mgqa" time="0.719" /><testcase classname="backend.tests.test_iter93_merge_wizard.TestMergeWizard" name="test_validate_and_commit_merge" time="0.646" /><testcase classname="backend.tests.test_iter93_merge_wizard.TestMergeWizard" name="test_accounts_reflects_merge" time="0.169" /><testcase classname="backend.tests.test_iter93_merge_wizard.TestMergeWizard" name="test_old_accounts_blocked_login" time="0.717" /><testcase classname="backend.tests.test_iter93_merge_wizard.TestMergeWizard" name="test_primary_still_logs_in_multi_label" time="0.365" /><testcase classname="backend.tests.test_iter93_merge_wizard.TestMergeWizard" name="test_finance_forbidden_on_commit" time="0.514" /><testcase classname="backend.tests.test_iter93_merge_wizard.TestMergeWizard" name="test_validate_rejects_already_merged_label" time="0.294" /><testcase classname="backend.tests.test_iter93_merge_wizard.TestPublicRequest" name="test_public_submit_no_auth" time="0.165" /><testcase classname="backend.tests.test_iter93_merge_wizard.TestPublicRequest" name="test_admin_sees_request" time="0.132" /><testcase classname="backend.tests.test_iter93_merge_wizard.TestAdminBatches" name="test_batches_endpoint" time="0.136" /></testsuite></testsuites>