<?xml version="1.0" encoding="utf-8"?><testsuites name="pytest tests"><testsuite name="pytest" errors="0" failures="0" skipped="1" tests="5" time="2.779" timestamp="2026-09-14T17:39:38.101928+00:00" hostname="agent-env-b995bc2d-d561-43fa-a86c-997bb4cc2248"><testcase classname="backend.tests.test_iter76_addon_orders" name="test_admin_list" time="0.689" /><testcase classname="backend.tests.test_iter76_addon_orders" name="test_backfill_idempotent" time="0.255" /><testcase classname="backend.tests.test_iter76_addon_orders" name="test_label_sees_only_own" time="0.561"><skipped type="pytest.skip" message="Label endpoint gated by KYC (demo_vip missing bank): {&quot;detail&quot;:{&quot;code&quot;:&quot;KYC_REQUIRED&quot;,&quot;message&quot;:&quot;Verifikasi Akun diperlukan untuk membuka fitur ini.&quot;,&quot;status&quot;:&quot;incomplete&quot;,&quot;missing_keys&quot;:[&quot;bank&quot;]}}">/app/backend/tests/test_iter76_addon_orders.py:74: Label endpoint gated by KYC (demo_vip missing bank): {"detail":{"code":"KYC_REQUIRED","message":"Verifikasi Akun diperlukan untuk membuka fitur ini.","status":"incomplete","missing_keys":["bank"]}}</skipped></testcase><testcase classname="backend.tests.test_iter76_addon_orders" name="test_status_lifecycle_and_delivery" time="1.050" /><testcase classname="backend.tests.test_iter76_addon_orders" name="test_work_queue_addon_processing" time="0.134" /></testsuite></testsuites>