<?xml version="1.0" encoding="utf-8"?><testsuites name="pytest tests"><testsuite name="pytest" errors="0" failures="0" skipped="0" tests="2" time="2.388" timestamp="2026-08-30T19:43:42.640485+00:00" hostname="agent-env-b995bc2d-d561-43fa-a86c-997bb4cc2248"><testcase classname="backend.tests.test_phase39_label_dashboard_analytics" name="test_label_analytics_and_admin_financial_summary_are_complete_and_isolated" time="1.567" /><testcase classname="backend.tests.test_phase9_autocreate" name="test_demo_ppr_login_and_dashboard" time="0.497" /></testsuite></testsuites>