<?xml version="1.0" encoding="utf-8"?><testsuites name="pytest tests"><testsuite name="pytest" errors="0" failures="1" skipped="1" tests="61" time="87.926" timestamp="2026-06-29T16:28:55.445267+00:00" hostname="agent-env-b995bc2d-d561-43fa-a86c-997bb4cc2248"><testcase classname="tests.test_phase16_3_csot_uncapped_client" name="test_db_bg_client_has_no_csot_cap" time="0.261" /><testcase classname="tests.test_phase16_3_csot_uncapped_client" name="test_publish_bg_uses_db_bg" time="0.000" /><testcase classname="tests.test_phase16_3_csot_uncapped_client" name="test_admin_dashboard_uses_db_bg_for_revenue_aggregate" time="0.000" /><testcase classname="tests.test_phase16_3_csot_uncapped_client" name="test_admin_get_import_uses_db_bg_for_heavy_reads" time="0.000" /><testcase classname="tests.test_phase16_3_csot_uncapped_client" name="test_mark_dana_received_uses_db_bg" time="0.000" /><testcase classname="tests.test_phase16_4_delete_import_and_dashboard_cache.TestRoyaltyImportDelete" name="test_delete_awaiting_upload_succeeds" time="0.978" /><testcase classname="tests.test_phase16_4_delete_import_and_dashboard_cache.TestRoyaltyImportDelete" name="test_finance_admin_gets_403" time="0.912" /><testcase classname="tests.test_phase16_4_delete_import_and_dashboard_cache.TestRoyaltyImportDelete" name="test_delete_unauthenticated_blocked" time="0.599" /><testcase classname="tests.test_phase16_4_delete_import_and_dashboard_cache.TestRoyaltyImportDelete" name="test_delete_nonexistent_returns_404" time="0.120" /><testcase classname="tests.test_phase16_4_delete_import_and_dashboard_cache.TestRoyaltyImportDelete" name="test_delete_published_returns_400" time="0.203" /><testcase classname="tests.test_phase16_4_delete_import_and_dashboard_cache.TestDashboardRevenueCache" name="test_dashboard_response_has_cache_age_field" time="0.110" /><testcase classname="tests.test_phase16_4_delete_import_and_dashboard_cache.TestDashboardRevenueCache" name="test_second_call_serves_from_cache_fast" time="0.221" /><testcase classname="tests.test_phase16_4_delete_import_and_dashboard_cache.TestDashboardRevenueCache" name="test_refresh_revenue_super_admin" time="0.113" /><testcase classname="tests.test_phase16_4_delete_import_and_dashboard_cache.TestDashboardRevenueCache" name="test_refresh_revenue_finance_admin_allowed" time="0.110" /><testcase classname="tests.test_phase16_4_delete_import_and_dashboard_cache.TestDashboardRevenueCache" name="test_refresh_revenue_unauthenticated_blocked" time="0.102" /><testcase classname="tests.test_phase16_4_delete_import_and_dashboard_cache.TestCacheInvalidationAfterDelete" name="test_delete_triggers_background_recompute" time="49.675"><failure message="AssertionError: cache not refreshed after delete: new_age=49, age_before=0&#10;assert 49 &lt; 15">E   AssertionError: cache not refreshed after delete: new_age=49, age_before=0
    assert 49 &lt; 15</failure></testcase><testcase classname="tests.test_phase16_5_batched_csv_import" name="test_source_batch_size_at_least_5000" time="0.000" /><testcase classname="tests.test_phase16_5_batched_csv_import" name="test_source_inserts_use_ordered_false" time="0.000" /><testcase classname="tests.test_phase16_5_batched_csv_import" name="test_source_inserts_use_db_bg" time="0.000" /><testcase classname="tests.test_phase16_5_batched_csv_import" name="test_source_progress_throttled" time="0.001" /><testcase classname="tests.test_phase16_5_batched_csv_import" name="test_seed_includes_isrc_upc_compound_indexes" time="0.000" /><testcase classname="tests.test_phase16_5_batched_csv_import" name="test_10k_row_csv_import_under_30s" time="2.012" /><testcase classname="tests.test_phase17_regression.TestLabelAuthRegression" name="test_register_login_me_logout_flow" time="3.163" /><testcase classname="tests.test_phase17_regression.TestLabelAuthRegression" name="test_forgot_then_reset_then_relogin" time="9.838" /><testcase classname="tests.test_phase17_regression.TestLabelAuthRegression" name="test_forgot_unknown_email_returns_ok_no_enumeration" time="0.114" /><testcase classname="tests.test_phase17_regression.TestSuperAdminRegression" name="test_super_admin_login_and_me" time="0.434" /><testcase classname="tests.test_phase17_regression.TestSuperAdminRegression" name="test_jwt_carries_tv_claim" time="0.000" /><testcase classname="tests.test_phase17_regression.TestSuperAdminRegression" name="test_admin_endpoints_return_200[/admin/labels-200]" time="0.117" /><testcase classname="tests.test_phase17_regression.TestSuperAdminRegression" name="test_admin_endpoints_return_200[/label/invoices-403]" time="0.163" /><testcase classname="tests.test_phase17_regression.TestSuperAdminRegression" name="test_admin_endpoints_return_200[/contracts/admin-200]" time="0.130" /><testcase classname="tests.test_phase17_regression.TestSuperAdminRegression" name="test_admin_endpoints_return_200[/withdraw/window-200]" time="0.100" /><testcase classname="tests.test_phase17_regression.TestSuperAdminRegression" name="test_admin_endpoints_return_200[/royalty/admin/imports-200]" time="0.106" /><testcase classname="tests.test_phase17_regression.TestSuperAdminRegression" name="test_admin_endpoints_return_200[/cms/landing-200]" time="0.123" /><testcase classname="tests.test_phase17_security" name="test_sec001_forgot_password_does_not_leak_token" time="1.517" /><testcase classname="tests.test_phase17_security" name="test_sec001_register_does_not_leak_token" time="2.425" /><testcase classname="tests.test_phase17_security" name="test_sec001_xendit_webhook_rejects_unauthenticated_calls" time="0.191" /><testcase classname="tests.test_phase17_security" name="test_sec002_login_lockout_per_email_even_with_rotating_xff" time="0.410" /><testcase classname="tests.test_phase17_security" name="test_sec003_reset_invalidates_old_access_token" time="4.770" /><testcase classname="tests.test_phase17_security" name="test_sec003_reset_invalidates_other_outstanding_reset_tokens" time="5.700" /><testcase classname="tests.test_phase17_security" name="test_sec004_email_h_escapes_html" time="0.002" /><testcase classname="tests.test_phase18_analytics.TestAnalyticsPeriods" name="test_periods_super_admin" time="0.394" /><testcase classname="tests.test_phase18_analytics.TestAnalyticsPeriods" name="test_periods_finance_allowed" time="0.418" /><testcase classname="tests.test_phase18_analytics.TestAnalyticsPeriods" name="test_periods_support_allowed" time="0.375" /><testcase classname="tests.test_phase18_analytics.TestAnalyticsStatus" name="test_status_super" time="0.059" /><testcase classname="tests.test_phase18_analytics.TestAnalyticsStatus" name="test_status_finance" time="0.056" /><testcase classname="tests.test_phase18_analytics.TestAnalyticsStatus" name="test_status_support" time="0.047" /><testcase classname="tests.test_phase18_analytics.TestRecomputeAuth" name="test_recompute_finance_forbidden" time="0.056" /><testcase classname="tests.test_phase18_analytics.TestRecomputeAuth" name="test_recompute_support_forbidden" time="0.055" /><testcase classname="tests.test_phase18_analytics.TestRecomputeAuth" name="test_recompute_release_forbidden" time="0.384" /><testcase classname="tests.test_phase18_analytics.TestRecomputeAuth" name="test_recompute_super_allowed" time="0.168" /><testcase classname="tests.test_phase18_analytics.TestMonthlyCachePath" name="test_monthly_default_returns_cache" time="0.068" /><testcase classname="tests.test_phase18_analytics.TestMonthlyCachePath" name="test_monthly_period_range_filters" time="0.113" /><testcase classname="tests.test_phase18_analytics.TestMonthlyCachePath" name="test_monthly_response_under_3s" time="0.064" /><testcase classname="tests.test_phase18_analytics.TestMonthlyLivePath" name="test_filter_by_platform_is_live" time="0.127" /><testcase classname="tests.test_phase18_analytics.TestMonthlyLivePath" name="test_filter_by_country_is_live" time="0.151" /><testcase classname="tests.test_phase18_analytics.TestMonthlyLivePath" name="test_filter_by_label_is_live" time="0.128" /><testcase classname="tests.test_phase18_analytics.TestMonthlyLivePath" name="test_filter_by_artist_is_live" time="0.066"><skipped type="pytest.skip" message="No artist data">/app/backend/tests/test_phase18_analytics.py:229: No artist data</skipped></testcase><testcase classname="tests.test_phase18_analytics.TestMonthlyLivePath" name="test_filter_by_track_is_live" time="0.128" /><testcase classname="tests.test_phase18_analytics.TestMonthlyAuth" name="test_monthly_no_auth" time="0.116" /><testcase classname="tests.test_phase18_analytics.TestMonthlyAuth" name="test_monthly_finance_allowed" time="0.073" /><testcase classname="tests.test_phase18_analytics.TestMonthlyAuth" name="test_monthly_support_allowed" time="0.060" /></testsuite></testsuites>