<?xml version="1.0" encoding="utf-8"?><testsuites name="pytest tests"><testsuite name="pytest" errors="0" failures="0" skipped="0" tests="9" time="16.379" timestamp="2026-09-03T10:23:15.909560+00:00" hostname="agent-env-b995bc2d-d561-43fa-a86c-997bb4cc2248"><testcase classname="backend.tests.test_iter52_legacy_withdraw_edit" name="test_admin_list_marks_legacy_editable_only_for_paid_legacy_with_period_to" time="1.505" /><testcase classname="backend.tests.test_iter52_legacy_withdraw_edit" name="test_preview_role_gate_and_web_withdraw_rejected" time="1.503" /><testcase classname="backend.tests.test_iter52_legacy_withdraw_edit" name="test_preview_decrease_returns_expected_math_and_does_not_mutate_rows" time="1.373" /><testcase classname="backend.tests.test_iter52_legacy_withdraw_edit" name="test_commit_decrease_then_increase_restores_and_re_settles_without_touching_web_withdraw" time="2.139" /><testcase classname="backend.tests.test_iter52_legacy_withdraw_edit" name="test_preview_blocked_by_active_web_withdraw_and_paid_history_without_period_to" time="1.544" /><testcase classname="backend.tests.test_iter52_legacy_withdraw_edit" name="test_preview_validation_and_single_use_preview_and_stale_preview_rejected" time="2.435" /><testcase classname="backend.tests.test_phase47_manual_legacy_withdraw" name="test_manual_history_auto_amount_settles_range_and_stays_hidden_from_label" time="1.745" /><testcase classname="backend.tests.test_iter40_manual_legacy_roles_validations" name="test_manual_legacy_preview_and_commit_role_guards_and_validations" time="2.374" /><testcase classname="backend.tests.test_phase32_label_visibility_endpoints" name="test_label_endpoints_hide_legacy_and_compute_only_post_cutoff_available" time="1.410" /></testsuite></testsuites>