<?xml version="1.0" encoding="utf-8"?><testsuites name="pytest tests"><testsuite name="pytest" errors="0" failures="0" skipped="0" tests="13" time="3.530" timestamp="2026-09-15T12:09:16.486537+00:00" hostname="agent-env-b995bc2d-d561-43fa-a86c-997bb4cc2248"><testcase classname="backend.tests.test_iter87_prd05_performance" name="test_config_super_admin" time="0.655" /><testcase classname="backend.tests.test_iter87_prd05_performance" name="test_config_update_audits" time="0.370" /><testcase classname="backend.tests.test_iter87_prd05_performance" name="test_overview_super_admin" time="0.110" /><testcase classname="backend.tests.test_iter87_prd05_performance" name="test_me_super_admin_not_staff" time="0.081" /><testcase classname="backend.tests.test_iter87_prd05_performance" name="test_staff_detail_non_super" time="0.245" /><testcase classname="backend.tests.test_iter87_prd05_performance" name="test_period_finalize_reopen_snapshot" time="0.878" /><testcase classname="backend.tests.test_iter87_prd05_performance" name="test_list_periods" time="0.074" /><testcase classname="backend.tests.test_iter87_prd05_performance" name="test_finance_denied[/api/admin/performance/me]" time="0.463" /><testcase classname="backend.tests.test_iter87_prd05_performance" name="test_finance_denied[/api/admin/performance/overview]" time="0.080" /><testcase classname="backend.tests.test_iter87_prd05_performance" name="test_finance_denied[/api/admin/performance/config]" time="0.079" /><testcase classname="backend.tests.test_iter87_prd05_performance" name="test_finance_denied[/api/admin/performance/periods]" time="0.074" /><testcase classname="backend.tests.test_iter87_prd05_performance" name="test_work_queue_team_scope_hides_super_only" time="0.104" /><testcase classname="backend.tests.test_iter87_prd05_performance" name="test_work_queue_my_scope_super_admin_includes_super_only" time="0.080" /></testsuite></testsuites>