<?xml version="1.0" encoding="utf-8"?><testsuites name="pytest tests"><testsuite name="pytest" errors="0" failures="0" skipped="0" tests="10" time="9.847" timestamp="2026-09-08T13:37:02.228409+00:00" hostname="agent-env-b995bc2d-d561-43fa-a86c-997bb4cc2248"><testcase classname="tests.test_iter64_ticket_workflow_regression" name="test_categories_only_six_active" time="2.282" /><testcase classname="tests.test_iter64_ticket_workflow_regression" name="test_create_rejects_removed_categories_with_422" time="0.423" /><testcase classname="tests.test_iter64_ticket_workflow_regression" name="test_legacy_removed_type_still_listable_for_owner_and_admin" time="0.412" /><testcase classname="tests.test_iter64_ticket_workflow_regression" name="test_noauth_401_and_other_label_403" time="0.499" /><testcase classname="tests.test_iter64_ticket_workflow_regression" name="test_takedown_server_rules_autosubject_and_db_authoritative_codes" time="0.628" /><testcase classname="tests.test_iter64_ticket_workflow_regression" name="test_edit_metadata_merges_partial_rejects_unknown_and_preserves_release" time="0.698" /><testcase classname="tests.test_iter64_ticket_workflow_regression" name="test_content_id_claim_and_release_urls_validation_and_compatibility" time="0.858" /><testcase classname="tests.test_iter64_ticket_workflow_regression" name="test_edit_metadata_optional_attachment_upload_and_persist" time="0.986" /><testcase classname="tests.test_iter64_ticket_workflow_regression" name="test_internal_note_redacted_for_label_list_and_detail" time="0.684" /><testcase classname="tests.test_iter64_ticket_workflow_regression" name="test_dynamic_admin_view_only_can_read_not_mutate" time="2.059" /></testsuite></testsuites>