<?xml version="1.0" encoding="utf-8"?><testsuites name="pytest tests"><testsuite name="pytest" errors="0" failures="2" skipped="1" tests="10" time="4.039" timestamp="2026-09-16T10:36:23.521076+00:00" hostname="agent-env-b995bc2d-d561-43fa-a86c-997bb4cc2248"><testcase classname="tests.test_iter92_multi_label.TestPhase2Account" name="test_multi_label_account_aggregation" time="0.577" /><testcase classname="tests.test_iter92_multi_label.TestPhase2Account" name="test_single_label_account_no_aggregation" time="0.531"><failure message="AssertionError: {&quot;detail&quot;:{&quot;code&quot;:&quot;KYC_REQUIRED&quot;,&quot;message&quot;:&quot;Verifikasi Akun diperlukan untuk membuka fitur ini.&quot;,&quot;status&quot;:&quot;incomplete&quot;,&quot;missing_keys&quot;:[&quot;logo&quot;,&quot;bank&quot;]}}&#10;assert 403 == 200&#10; +  where 403 = &lt;Response [403]&gt;.status_code">E   AssertionError: {"detail":{"code":"KYC_REQUIRED","message":"Verifikasi Akun diperlukan untuk membuka fitur ini.","status":"incomplete","missing_keys":["logo","bank"]}}
    assert 403 == 200
     +  where 403 = &lt;Response [403]&gt;.status_code</failure></testcase><testcase classname="tests.test_iter92_multi_label.TestPhase2ActiveLabel" name="test_switch_label_b_then_back" time="0.563" /><testcase classname="tests.test_iter92_multi_label.TestPhase2ActiveLabel" name="test_switch_forged_label_404" time="0.157" /><testcase classname="tests.test_iter92_multi_label.TestPhase3WAMI" name="test_free_wami_multi_label" time="0.134" /><testcase classname="tests.test_iter92_multi_label.TestPhase3WAMI" name="test_wami_paid_regression_single_label" time="0.272"><skipped type="pytest.skip" message="cannot list releases for demo_ppr: 401">/app/backend/tests/test_iter92_multi_label.py:110: cannot list releases for demo_ppr: 401</skipped></testcase><testcase classname="tests.test_iter92_multi_label.TestPhase3Quota" name="test_multi_label_quota_limit_7" time="0.137" /><testcase classname="tests.test_iter92_multi_label.TestPhase3Quota" name="test_single_label_quota_limit_7" time="0.125"><failure message="AssertionError: {&quot;detail&quot;:{&quot;code&quot;:&quot;KYC_REQUIRED&quot;,&quot;message&quot;:&quot;Verifikasi Akun diperlukan untuk membuka fitur ini.&quot;,&quot;status&quot;:&quot;incomplete&quot;,&quot;missing_keys&quot;:[&quot;logo&quot;,&quot;bank&quot;]}}&#10;assert 403 == 200&#10; +  where 403 = &lt;Response [403]&gt;.status_code">E   AssertionError: {"detail":{"code":"KYC_REQUIRED","message":"Verifikasi Akun diperlukan untuk membuka fitur ini.","status":"incomplete","missing_keys":["logo","bank"]}}
    assert 403 == 200
     +  where 403 = &lt;Response [403]&gt;.status_code</failure></testcase><testcase classname="tests.test_iter92_multi_label.TestPhase1PackageRBAC" name="test_super_admin_can_patch_package" time="0.885" /><testcase classname="tests.test_iter92_multi_label.TestPhase1PackageRBAC" name="test_finance_admin_forbidden" time="0.591" /></testsuite></testsuites>