<?xml version="1.0" encoding="utf-8"?><testsuites name="pytest tests"><testsuite name="pytest" errors="0" failures="0" skipped="0" tests="7" time="6.990" timestamp="2026-09-02T11:02:32.068296+00:00" hostname="agent-env-b995bc2d-d561-43fa-a86c-997bb4cc2248"><testcase classname="backend.tests.test_phase59_duplicate_import_audit" name="test_duplicate_audit_is_read_only_and_reports_period_and_label_impact" time="0.868" /><testcase classname="backend.tests.test_phase57_import_line_status_recovery" name="test_received_import_draft_and_pending_lines_become_available" time="1.327" /><testcase classname="backend.tests.test_phase55_orphan_withdrawn_recovery" name="test_global_audit_restores_only_guarded_post_cutoff_orphans" time="1.276" /><testcase classname="backend.tests.test_phase55_orphan_withdrawn_recovery" name="test_stale_recalculation_is_closed_but_recent_job_still_blocks_commit" time="0.954" /><testcase classname="backend.tests.test_phase38_balance_reconciliation" name="test_global_preview_and_commit_reconcile_cutoff_balances" time="1.512" /><testcase classname="backend.tests.test_phase38_balance_reconciliation" name="test_mark_dana_never_recredits_period_at_or_before_withdraw_cutoff" time="0.127" /><testcase classname="backend.tests.test_phase38_balance_reconciliation" name="test_rate_recalculation_ignores_lines_at_or_before_cutoff" time="0.420" /></testsuite></testsuites>