<?xml version="1.0" encoding="utf-8"?><testsuites name="pytest tests"><testsuite name="pytest" errors="0" failures="0" skipped="0" tests="15" time="10.321" timestamp="2026-06-28T20:35:06.896115+00:00" hostname="agent-env-b995bc2d-d561-43fa-a86c-997bb4cc2248"><testcase classname="backend.tests.test_phase16_background_publish.TestHealth" name="test_backend_reachable" time="0.301" /><testcase classname="backend.tests.test_phase16_background_publish.TestHealth" name="test_super_admin_login" time="0.338" /><testcase classname="backend.tests.test_phase16_background_publish.TestHealth" name="test_finance_login" time="0.332" /><testcase classname="backend.tests.test_phase16_background_publish.TestHealth" name="test_release_admin_login" time="0.323" /><testcase classname="backend.tests.test_phase16_background_publish.TestAuthGates" name="test_anon_publish_401" time="4.518" /><testcase classname="backend.tests.test_phase16_background_publish.TestAuthGates" name="test_release_admin_publish_403" time="0.136" /><testcase classname="backend.tests.test_phase16_background_publish.TestBackgroundPublish" name="test_step1_publish_returns_immediately" time="0.117" /><testcase classname="backend.tests.test_phase16_background_publish.TestBackgroundPublish" name="test_step2_race_repeat_publish_is_idempotent" time="0.103" /><testcase classname="backend.tests.test_phase16_background_publish.TestBackgroundPublish" name="test_step3_poll_until_published" time="0.103" /><testcase classname="backend.tests.test_phase16_background_publish.TestBackgroundPublish" name="test_step4_exactly_one_balance_transaction_per_label" time="0.003" /><testcase classname="backend.tests.test_phase16_background_publish.TestBackgroundPublish" name="test_step5_label_pending_balance_present" time="1.007" /><testcase classname="backend.tests.test_phase16_background_publish.TestBackgroundPublish" name="test_step6_royalty_lines_status_pending" time="0.001" /><testcase classname="backend.tests.test_phase16_background_publish.TestRepublishGuards" name="test_already_published_returns_400" time="0.100" /><testcase classname="backend.tests.test_phase16_background_publish.TestRepublishGuards" name="test_publish_on_processing_returns_400" time="0.121" /><testcase classname="backend.tests.test_phase16_background_publish.TestResumeOnRestart" name="test_resume_moves_status_forward" time="2.744" /></testsuite></testsuites>