<?xml version="1.0" encoding="utf-8"?><testsuites name="pytest tests"><testsuite name="pytest" errors="0" failures="0" skipped="6" tests="21" time="4.079" timestamp="2026-08-27T13:15:39.124594+00:00" hostname="agent-env-b995bc2d-d561-43fa-a86c-997bb4cc2248"><testcase classname="backend.tests.test_phase18_analytics.TestAnalyticsPeriods" name="test_periods_super_admin" time="0.490" /><testcase classname="backend.tests.test_phase18_analytics.TestAnalyticsPeriods" name="test_periods_finance_allowed" time="0.531" /><testcase classname="backend.tests.test_phase18_analytics.TestAnalyticsPeriods" name="test_periods_support_allowed" time="0.510" /><testcase classname="backend.tests.test_phase18_analytics.TestAnalyticsStatus" name="test_status_super" time="0.083" /><testcase classname="backend.tests.test_phase18_analytics.TestAnalyticsStatus" name="test_status_finance" time="0.088" /><testcase classname="backend.tests.test_phase18_analytics.TestAnalyticsStatus" name="test_status_support" time="0.093" /><testcase classname="backend.tests.test_phase18_analytics.TestRecomputeAuth" name="test_recompute_finance_forbidden" time="0.085" /><testcase classname="backend.tests.test_phase18_analytics.TestRecomputeAuth" name="test_recompute_support_forbidden" time="0.094" /><testcase classname="backend.tests.test_phase18_analytics.TestRecomputeAuth" name="test_recompute_release_forbidden" time="0.490" /><testcase classname="backend.tests.test_phase18_analytics.TestRecomputeAuth" name="test_recompute_super_allowed" time="0.136" /><testcase classname="backend.tests.test_phase18_analytics.TestMonthlyCachePath" name="test_monthly_default_returns_cache" time="0.088" /><testcase classname="backend.tests.test_phase18_analytics.TestMonthlyCachePath" name="test_monthly_period_range_filters" time="0.083"><skipped type="pytest.skip" message="Need at least 2 periods">/app/backend/tests/test_phase18_analytics.py:165: Need at least 2 periods</skipped></testcase><testcase classname="backend.tests.test_phase18_analytics.TestMonthlyCachePath" name="test_monthly_response_under_3s" time="0.087" /><testcase classname="backend.tests.test_phase18_analytics.TestMonthlyLivePath" name="test_filter_by_platform_is_live" time="0.089"><skipped type="pytest.skip" message="No platform data">/app/backend/tests/test_phase18_analytics.py:201: No platform data</skipped></testcase><testcase classname="backend.tests.test_phase18_analytics.TestMonthlyLivePath" name="test_filter_by_country_is_live" time="0.084"><skipped type="pytest.skip" message="No country data">/app/backend/tests/test_phase18_analytics.py:214: No country data</skipped></testcase><testcase classname="backend.tests.test_phase18_analytics.TestMonthlyLivePath" name="test_filter_by_label_is_live" time="0.082"><skipped type="pytest.skip" message="No label data">/app/backend/tests/test_phase18_analytics.py:225: No label data</skipped></testcase><testcase classname="backend.tests.test_phase18_analytics.TestMonthlyLivePath" name="test_filter_by_artist_is_live" time="0.394"><skipped type="pytest.skip" message="No artist data">/app/backend/tests/test_phase18_analytics.py:236: No artist data</skipped></testcase><testcase classname="backend.tests.test_phase18_analytics.TestMonthlyLivePath" name="test_filter_by_track_is_live" time="0.109"><skipped type="pytest.skip" message="No track data">/app/backend/tests/test_phase18_analytics.py:247: No track data</skipped></testcase><testcase classname="backend.tests.test_phase18_analytics.TestMonthlyAuth" name="test_monthly_no_auth" time="0.163" /><testcase classname="backend.tests.test_phase18_analytics.TestMonthlyAuth" name="test_monthly_finance_allowed" time="0.089" /><testcase classname="backend.tests.test_phase18_analytics.TestMonthlyAuth" name="test_monthly_support_allowed" time="0.132" /></testsuite></testsuites>