<?xml version="1.0" encoding="utf-8"?><testsuites name="pytest tests"><testsuite name="pytest" errors="0" failures="0" skipped="0" tests="21" time="3.574" timestamp="2026-08-27T15:34:10.277688+00:00" hostname="agent-env-b995bc2d-d561-43fa-a86c-997bb4cc2248"><testcase classname="backend.tests.test_phase20_21_withdraw_fifo_rollup.TestPhase20WithdrawComputed" name="test_computed_label_rbac_admin_forbidden" time="0.505" /><testcase classname="backend.tests.test_phase20_21_withdraw_fifo_rollup.TestPhase20WithdrawComputed" name="test_computed_label_rbac_support_forbidden" time="0.480" /><testcase classname="backend.tests.test_phase20_21_withdraw_fifo_rollup.TestPhase20WithdrawComputed" name="test_computed_label_ok_shape" time="0.485" /><testcase classname="backend.tests.test_phase20_21_withdraw_fifo_rollup.TestPhase20WithdrawRequest" name="test_request_below_min_returns_400" time="0.173" /><testcase classname="backend.tests.test_phase20_21_withdraw_fifo_rollup.TestPhase20WithdrawRequest" name="test_request_no_body_accepted" time="0.094" /><testcase classname="backend.tests.test_phase20_21_withdraw_fifo_rollup.TestPhase20WithdrawRequest" name="test_request_admin_forbidden" time="0.069" /><testcase classname="backend.tests.test_phase20_21_withdraw_fifo_rollup.TestPhase20AdminAction" name="test_mark_paid_support_forbidden" time="0.091" /><testcase classname="backend.tests.test_phase20_21_withdraw_fifo_rollup.TestPhase20AdminAction" name="test_admin_list_withdraws_finance_ok" time="0.477" /><testcase classname="backend.tests.test_phase20_21_withdraw_fifo_rollup.TestPhase20AdminAction" name="test_admin_list_withdraws_support_ok" time="0.079" /><testcase classname="backend.tests.test_phase20_21_withdraw_fifo_rollup.TestPhase21AdminArtists" name="test_admin_artists_shape" time="0.084" /><testcase classname="backend.tests.test_phase20_21_withdraw_fifo_rollup.TestPhase21AdminArtists" name="test_admin_artists_period_filter" time="0.074" /><testcase classname="backend.tests.test_phase20_21_withdraw_fifo_rollup.TestPhase21AdminArtists" name="test_admin_artists_period_2024" time="0.069" /><testcase classname="backend.tests.test_phase20_21_withdraw_fifo_rollup.TestPhase21AdminArtists" name="test_admin_artists_finance_ok" time="0.084" /><testcase classname="backend.tests.test_phase20_21_withdraw_fifo_rollup.TestPhase21AdminReleases" name="test_admin_releases_shape" time="0.079" /><testcase classname="backend.tests.test_phase20_21_withdraw_fifo_rollup.TestPhase21AdminReleases" name="test_admin_releases_period_filter" time="0.082" /><testcase classname="backend.tests.test_phase20_21_withdraw_fifo_rollup.TestPhase21AdminReleases" name="test_admin_releases_status_filter_combined_with_period" time="0.069" /><testcase classname="backend.tests.test_phase20_21_withdraw_fifo_rollup.TestPhase21LabelArtistsReleases" name="test_label_artists_with_rollup" time="0.099" /><testcase classname="backend.tests.test_phase20_21_withdraw_fifo_rollup.TestPhase21LabelArtistsReleases" name="test_label_releases_with_rollup" time="0.095" /><testcase classname="backend.tests.test_phase20_21_withdraw_fifo_rollup.TestPhase21LabelArtistsReleases" name="test_label_releases_period_filter" time="0.082" /><testcase classname="backend.tests.test_phase20_21_withdraw_fifo_rollup.TestRegressionWithdrawRBAC" name="test_withdraw_window_authenticated" time="0.081" /><testcase classname="backend.tests.test_phase20_21_withdraw_fifo_rollup.TestRegressionWithdrawRBAC" name="test_withdraw_label_list" time="0.120" /></testsuite></testsuites>