<?xml version="1.0" encoding="utf-8"?><testsuites name="pytest tests"><testsuite name="pytest" errors="0" failures="1" skipped="0" tests="12" time="12.372" timestamp="2026-09-03T09:39:26.626835+00:00" hostname="agent-env-b995bc2d-d561-43fa-a86c-997bb4cc2248"><testcase classname="backend.tests.test_phase61_admin_payments" name="test_superadmin_login_sets_secure_http_only_cookies" time="0.403" /><testcase classname="backend.tests.test_phase61_admin_payments" name="test_dashboard_and_actionable_filter_match_phase61_fixture_baseline" time="0.562" /><testcase classname="backend.tests.test_phase61_admin_payments" name="test_admin_payments_enrichment_and_no_mongo_objectid" time="0.471"><failure message="AssertionError: assert 'payment_method' in {'id': 'phase61-ui-pending', 'amount': 75000, 'created_at': '2026-09-03T09:35:51.442153+00:00', 'currency': 'IDR', ...}">backend/tests/test_phase61_admin_payments.py:101: in test_admin_payments_enrichment_and_no_mongo_objectid
    assert "payment_method" in row
E   AssertionError: assert 'payment_method' in {'id': 'phase61-ui-pending', 'amount': 75000, 'created_at': '2026-09-03T09:35:51.442153+00:00', 'currency': 'IDR', ...}</failure></testcase><testcase classname="backend.tests.test_phase61_admin_payments" name="test_custom_action_phase61_fixture_in_progress_then_completed_and_hidden_from_actionable" time="0.929" /><testcase classname="backend.tests.test_phase61_admin_payments" name="test_custom_action_role_permissions_and_rejections_for_invalid_target_types" time="3.009" /><testcase classname="backend.tests.test_phase61_admin_payments" name="test_paid_notification_dispatch_is_idempotent_and_persists_provider_method" time="0.126" /><testcase classname="backend.tests.test_phase33_xendit_polling" name="test_session_payload_and_mocked_provider_fulfillment" time="0.035" /><testcase classname="backend.tests.test_phase33_xendit_polling" name="test_custom_product_and_local_invoices_do_not_call_xendit" time="1.866" /><testcase classname="backend.tests.test_phase33_xendit_polling" name="test_completed_amount_mismatch_is_rejected" time="0.001" /><testcase classname="backend.tests.test_phase33_xendit_polling" name="test_subscription_wami_and_custom_service_fulfillment_are_idempotent" time="0.064" /><testcase classname="backend.tests.test_phase33_xendit_safe_api" name="test_config_disabled_endpoints_and_ownership_access_without_checkout" time="2.864" /><testcase classname="backend.tests.test_phase33_xendit_safe_api" name="test_custom_product_and_invoice_creation_are_local_and_objectid_hidden" time="1.670" /></testsuite></testsuites>