<?xml version="1.0" encoding="utf-8"?><testsuites name="pytest tests"><testsuite name="pytest" errors="0" failures="0" skipped="0" tests="7" time="6.230" timestamp="2026-09-02T08:28:49.280960+00:00" hostname="agent-env-b995bc2d-d561-43fa-a86c-997bb4cc2248"><testcase classname="backend.tests.test_phase55_orphan_withdrawn_recovery" name="test_global_audit_restores_only_guarded_post_cutoff_orphans" time="1.371" /><testcase classname="backend.tests.test_phase55_orphan_withdrawn_recovery" name="test_stale_recalculation_is_closed_but_recent_job_still_blocks_commit" time="0.941" /><testcase classname="backend.tests.test_phase38_balance_reconciliation" name="test_global_preview_and_commit_reconcile_cutoff_balances" time="1.376" /><testcase classname="backend.tests.test_phase38_balance_reconciliation" name="test_mark_dana_never_recredits_period_at_or_before_withdraw_cutoff" time="0.145" /><testcase classname="backend.tests.test_phase38_balance_reconciliation" name="test_rate_recalculation_ignores_lines_at_or_before_cutoff" time="0.461" /><testcase classname="backend.tests.test_iter33_balance_audit_api" name="test_balance_audit_preview_rbac_enforced" time="1.071" /><testcase classname="backend.tests.test_iter33_balance_audit_api" name="test_balance_audit_preview_poetra_cutoff_payload_invariants" time="0.710" /></testsuite></testsuites>