<?xml version="1.0" encoding="utf-8"?><testsuites name="pytest tests"><testsuite name="pytest" errors="0" failures="0" skipped="0" tests="9" time="3.099" timestamp="2026-06-24T21:41:56.099206+00:00" hostname="agent-env-b995bc2d-d561-43fa-a86c-997bb4cc2248"><testcase classname="backend.tests.test_phase8_migrate.TestMultiPeriodRoyaltyCsv" name="test_multi_period_auto_split" time="0.667" /><testcase classname="backend.tests.test_phase8_migrate.TestMultiPeriodRoyaltyCsv" name="test_single_period_override" time="0.115" /><testcase classname="backend.tests.test_phase8_migrate.TestMultiPeriodRoyaltyCsv" name="test_missing_period_column_and_form_fails" time="0.117" /><testcase classname="backend.tests.test_phase8_migrate.TestBulkLabels" name="test_template_download" time="0.137" /><testcase classname="backend.tests.test_phase8_migrate.TestBulkLabels" name="test_bulk_idempotent_skip" time="0.108" /><testcase classname="backend.tests.test_phase8_migrate.TestBulkLabels" name="test_invalid_subscription_tier_errors" time="0.098" /><testcase classname="backend.tests.test_phase8_migrate.TestClaimFlow" name="test_register_with_claim_does_not_create_label" time="0.906" /><testcase classname="backend.tests.test_phase8_migrate.TestMigratePermissions" name="test_non_super_admin_rejected" time="0.427" /><testcase classname="backend.tests.test_phase8_migrate.TestMigratePermissions" name="test_label_user_rejected" time="0.466" /></testsuite></testsuites>