<?xml version="1.0" encoding="utf-8"?><testsuites name="pytest tests"><testsuite name="pytest" errors="0" failures="0" skipped="0" tests="12" time="13.479" timestamp="2026-08-31T14:07:26.568096+00:00" hostname="agent-env-b995bc2d-d561-43fa-a86c-997bb4cc2248"><testcase classname="backend.tests.test_phase46_www_cors" name="test_custom_domain_expands_to_apex_and_www" time="0.001" /><testcase classname="backend.tests.test_phase46_www_cors" name="test_preview_subdomain_is_not_broadened" time="0.000" /><testcase classname="backend.tests.test_phase46_www_cors" name="test_browser_client_always_uses_relative_api_and_files" time="0.000" /><testcase classname="backend.tests.test_phase41_multidevice_auth" name="test_two_devices_remain_active_after_one_refreshes" time="1.877" /><testcase classname="backend.tests.test_phase41_multidevice_auth" name="test_global_revocation_still_invalidates_every_device" time="1.455" /><testcase classname="backend.tests.test_phase41_multidevice_auth" name="test_disabled_account_cannot_start_or_refresh_session" time="1.293" /><testcase classname="backend.tests.test_iter37_auth_suspended_regression" name="test_suspended_account_cannot_login_use_access_or_refresh" time="1.299" /><testcase classname="backend.tests.test_iter34_auth_playbook_public" name="test_seeded_password_hash_is_bcrypt_2b_prefix" time="0.005" /><testcase classname="backend.tests.test_iter34_auth_playbook_public" name="test_login_sets_secure_httponly_cookies_and_bearer_fallback_works" time="0.636" /><testcase classname="backend.tests.test_iter34_auth_playbook_public" name="test_cors_preflight_allows_credentials_with_explicit_origin" time="0.008" /><testcase classname="backend.tests.test_iter34_auth_playbook_public" name="test_bruteforce_lockout_after_five_failures" time="2.727" /><testcase classname="backend.tests.test_iter34_auth_playbook_public" name="test_seed_admin_updates_existing_admin_when_password_changes" time="3.271" /></testsuite></testsuites>