<?xml version="1.0" encoding="utf-8"?><testsuites name="pytest tests"><testsuite name="pytest" errors="0" failures="1" skipped="2" tests="21" time="13.888" timestamp="2026-06-24T20:12:04.919517+00:00" hostname="agent-env-b995bc2d-d561-43fa-a86c-997bb4cc2248"><testcase classname="backend.tests.test_phase6_subscription_wami_legal.TestSubscriptionTiers" name="test_annual_normal_invoice_amount_and_tier" time="7.531" /><testcase classname="backend.tests.test_phase6_subscription_wami_legal.TestSubscriptionTiers" name="test_annual_vip_invoice_and_upgrade" time="0.354" /><testcase classname="backend.tests.test_phase6_subscription_wami_legal.TestSubscriptionTiers" name="test_invalid_tier_rejected" time="0.098" /><testcase classname="backend.tests.test_phase6_subscription_wami_legal.TestPayPerRelease" name="test_ppr_price_via_cms_pricing" time="0.097"><skipped type="pytest.skip" message="CMS pricing block missing new Phase-6 keys: ['annual_normal_price', 'wami_addon_price'] — seed_landing is idempotent and did not backfill">/app/backend/tests/test_phase6_subscription_wami_legal.py:190: CMS pricing block missing new Phase-6 keys: ['annual_normal_price', 'wami_addon_price'] — seed_landing is idempotent and did not backfill</skipped></testcase><testcase classname="backend.tests.test_phase6_subscription_wami_legal.TestPayPerRelease" name="test_ppr_invoice_via_release_submit" time="0.223"><skipped type="pytest.skip" message="Pay-per-release invoice cannot be created in isolation without cover upload; covered by CMS pricing assertion above.">/app/backend/tests/test_phase6_subscription_wami_legal.py:222: Pay-per-release invoice cannot be created in isolation without cover upload; covered by CMS pricing assertion above.</skipped></testcase><testcase classname="backend.tests.test_phase6_subscription_wami_legal.TestWamiNonVip" name="test_wami_paid_creates_order_and_invoice" time="1.078" /><testcase classname="backend.tests.test_phase6_subscription_wami_legal.TestWamiNonVip" name="test_wami_duplicate_prevention" time="0.117" /><testcase classname="backend.tests.test_phase6_subscription_wami_legal.TestWamiNonVip" name="test_wami_webhook_marks_paid_via_xendit" time="0.649" /><testcase classname="backend.tests.test_phase6_subscription_wami_legal.TestWamiVipFree" name="test_vip_wami_is_free" time="1.226" /><testcase classname="backend.tests.test_phase6_subscription_wami_legal.TestWamiLiveRequirement" name="test_draft_release_rejects_wami" time="0.311" /><testcase classname="backend.tests.test_phase6_subscription_wami_legal.TestWamiListings" name="test_label_lists_own_wami" time="0.198" /><testcase classname="backend.tests.test_phase6_subscription_wami_legal.TestWamiListings" name="test_admin_lists_all_wami" time="0.130" /><testcase classname="backend.tests.test_phase6_subscription_wami_legal.TestWamiAdminStatusUpdate" name="test_admin_in_progress_then_registered" time="0.289" /><testcase classname="backend.tests.test_phase6_subscription_wami_legal.TestWamiAdminStatusUpdate" name="test_admin_rejected" time="0.099" /><testcase classname="backend.tests.test_phase6_subscription_wami_legal.TestWamiAdminStatusUpdate" name="test_status_update_creates_notification" time="0.105" /><testcase classname="backend.tests.test_phase6_subscription_wami_legal.TestCmsLegalEntity" name="test_get_landing_has_legal_entity" time="0.109" /><testcase classname="backend.tests.test_phase6_subscription_wami_legal.TestCmsLegalEntity" name="test_patch_legal_entity_persists" time="0.581" /><testcase classname="backend.tests.test_phase6_subscription_wami_legal.TestRegressions" name="test_label_invoices_endpoint_works" time="0.103" /><testcase classname="backend.tests.test_phase6_subscription_wami_legal.TestRegressions" name="test_subscription_webhook_already_paid_idempotent" time="0.204" /><testcase classname="backend.tests.test_phase6_subscription_wami_legal.TestRegressions" name="test_royalty_lines_redaction_for_label" time="0.113"><failure message="AssertionError: Forbidden keys leaked to label: {'fee_percent_applied'}&#10;assert not {'fee_percent_applied'}">E   AssertionError: Forbidden keys leaked to label: {'fee_percent_applied'}
    assert not {'fee_percent_applied'}</failure></testcase><testcase classname="backend.tests.test_phase6_subscription_wami_legal.TestRegressions" name="test_no_pay_per_release_endpoint" time="0.104" /></testsuite></testsuites>