<?xml version="1.0" encoding="utf-8"?><testsuites name="pytest tests"><testsuite name="pytest" errors="0" failures="0" skipped="0" tests="20" time="4.961" timestamp="2026-06-24T19:33:53.862562+00:00" hostname="agent-env-b995bc2d-d561-43fa-a86c-997bb4cc2248"><testcase classname="backend.tests.test_phase5_redaction_cron.TestLabelProfileRedaction" name="test_login_response_redacts_label" time="0.796" /><testcase classname="backend.tests.test_phase5_redaction_cron.TestLabelProfileRedaction" name="test_auth_me_redacts_label" time="0.107" /><testcase classname="backend.tests.test_phase5_redaction_cron.TestLabelProfileRedaction" name="test_label_me_redacts" time="0.099" /><testcase classname="backend.tests.test_phase5_redaction_cron.TestLabelProfileRedaction" name="test_label_dashboard_redacts" time="0.121" /><testcase classname="backend.tests.test_phase5_redaction_cron.TestLabelProfileRedaction" name="test_register_new_label_redacts" time="0.332" /><testcase classname="backend.tests.test_phase5_redaction_cron.TestRoyaltyLinesRedaction" name="test_label_royalty_lines_redacted" time="0.104" /><testcase classname="backend.tests.test_phase5_redaction_cron.TestRoyaltyLinesRedaction" name="test_admin_royalty_lines_unredacted" time="0.429" /><testcase classname="backend.tests.test_phase5_redaction_cron.TestRoyaltyLinesRedaction" name="test_csv_export_columns_redacted" time="0.191" /><testcase classname="backend.tests.test_phase5_redaction_cron.TestAdminLabelDetailVisible" name="test_admin_sees_royalty_percentage" time="0.111" /><testcase classname="backend.tests.test_phase5_redaction_cron.TestSubscriptionCron" name="test_super_admin_can_trigger" time="0.141" /><testcase classname="backend.tests.test_phase5_redaction_cron.TestSubscriptionCron" name="test_finance_can_trigger" time="0.424" /><testcase classname="backend.tests.test_phase5_redaction_cron.TestSubscriptionCron" name="test_support_forbidden" time="0.453" /><testcase classname="backend.tests.test_phase5_redaction_cron.TestSubscriptionCron" name="test_release_forbidden" time="0.430" /><testcase classname="backend.tests.test_phase5_redaction_cron.TestSubscriptionCron" name="test_idempotent_no_duplicate_notifications" time="0.230" /><testcase classname="backend.tests.test_phase5_redaction_cron.TestContractCron" name="test_super_admin_can_trigger" time="0.092" /><testcase classname="backend.tests.test_phase5_redaction_cron.TestContractCron" name="test_release_can_trigger" time="0.114" /><testcase classname="backend.tests.test_phase5_redaction_cron.TestContractCron" name="test_finance_forbidden" time="0.101" /><testcase classname="backend.tests.test_phase5_redaction_cron.TestContractCron" name="test_support_forbidden" time="0.110" /><testcase classname="backend.tests.test_phase5_redaction_cron.TestContractCron" name="test_idempotent" time="0.209" /><testcase classname="backend.tests.test_phase5_redaction_cron.TestSubscriptionExpiredBehavior" name="test_manawa_transitions_to_expired" time="0.294" /></testsuite></testsuites>