<?xml version="1.0" encoding="utf-8"?><testsuites name="pytest tests"><testsuite name="pytest" errors="0" failures="0" skipped="1" tests="20" time="13.866" timestamp="2026-06-24T19:09:41.854509+00:00" hostname="agent-env-b995bc2d-d561-43fa-a86c-997bb4cc2248"><testcase classname="backend.tests.test_phase4_addons.TestCurrencyRedaction" name="test_label_lines_no_eur" time="0.909" /><testcase classname="backend.tests.test_phase4_addons.TestCurrencyRedaction" name="test_admin_lines_keep_eur" time="0.097" /><testcase classname="backend.tests.test_phase4_addons.TestContracts" name="test_upload_pdf_rejects_non_pdf" time="0.120" /><testcase classname="backend.tests.test_phase4_addons.TestContracts" name="test_upload_pdf_accepts" time="0.103" /><testcase classname="backend.tests.test_phase4_addons.TestContracts" name="test_create_invalid_label" time="0.102" /><testcase classname="backend.tests.test_phase4_addons.TestContracts" name="test_create_invalid_dates" time="0.097" /><testcase classname="backend.tests.test_phase4_addons.TestContracts" name="test_effective_status_all_states" time="0.476" /><testcase classname="backend.tests.test_phase4_addons.TestContracts" name="test_admin_list_filter" time="0.096" /><testcase classname="backend.tests.test_phase4_addons.TestContracts" name="test_admin_detail_404" time="0.102" /><testcase classname="backend.tests.test_phase4_addons.TestContracts" name="test_extend_moves_to_active" time="0.326" /><testcase classname="backend.tests.test_phase4_addons.TestContracts" name="test_label_scope_isolation" time="0.604"><skipped type="pytest.skip" message="Cannot log in to label manawa1782325690@example.com">/app/backend/tests/test_phase4_addons.py:105: Cannot log in to label manawa1782325690@example.com</skipped></testcase><testcase classname="backend.tests.test_phase4_addons.TestContracts" name="test_contract_creates_notification" time="2.671" /><testcase classname="backend.tests.test_phase4_addons.TestBlacklist" name="test_finance_cannot_blacklist" time="0.428" /><testcase classname="backend.tests.test_phase4_addons.TestBlacklist" name="test_blacklist_blocks_login_then_unblock" time="0.855" /><testcase classname="backend.tests.test_phase4_addons.TestNotifications" name="test_me_returns_shape" time="0.096" /><testcase classname="backend.tests.test_phase4_addons.TestNotifications" name="test_cross_user_mark_read_404" time="1.151" /><testcase classname="backend.tests.test_phase4_addons.TestNotifications" name="test_mark_read_and_mark_all_read" time="0.789" /><testcase classname="backend.tests.test_phase4_addons.TestNotifications" name="test_ticket_comment_notifies_label" time="1.421" /><testcase classname="backend.tests.test_phase4_addons.TestNotifications" name="test_ticket_status_change_notifies_label" time="1.463" /><testcase classname="backend.tests.test_phase4_addons.TestNotifications" name="test_label_comment_notifies_admin" time="1.862" /></testsuite></testsuites>