<?xml version="1.0" encoding="utf-8"?><testsuites name="pytest tests"><testsuite name="pytest" errors="0" failures="0" skipped="0" tests="18" time="2.549" timestamp="2026-06-24T17:34:24.163041+00:00" hostname="agent-env-b995bc2d-d561-43fa-a86c-997bb4cc2248"><testcase classname="backend.tests.test_phase2_royalty_withdraw.TestRoyaltyImport" name="test_upload_csv_with_matched_isrc" time="0.471" /><testcase classname="backend.tests.test_phase2_royalty_withdraw.TestRoyaltyImport" name="test_calc_100eur_fee5_label60_rate17500" time="0.132" /><testcase classname="backend.tests.test_phase2_royalty_withdraw.TestRoyaltyImport" name="test_label_role_forbidden" time="0.429" /><testcase classname="backend.tests.test_phase2_royalty_withdraw.TestRoyaltyImport" name="test_publish_import" time="0.136" /><testcase classname="backend.tests.test_phase2_royalty_withdraw.TestRoyaltyImport" name="test_publish_again_fails" time="0.049" /><testcase classname="backend.tests.test_phase2_royalty_withdraw.TestRoyaltyImport" name="test_mark_dana_received" time="0.051" /><testcase classname="backend.tests.test_phase2_royalty_withdraw.TestRoyaltyImport" name="test_mark_dana_received_idempotent_block" time="0.047" /><testcase classname="backend.tests.test_phase2_royalty_withdraw.TestRoyaltyImport" name="test_list_imports_no_objectid" time="0.049" /><testcase classname="backend.tests.test_phase2_royalty_withdraw.TestLabelRoyaltyEndpoints" name="test_months" time="0.046" /><testcase classname="backend.tests.test_phase2_royalty_withdraw.TestLabelRoyaltyEndpoints" name="test_summary_for_period" time="0.051" /><testcase classname="backend.tests.test_phase2_royalty_withdraw.TestLabelRoyaltyEndpoints" name="test_lines_filtered" time="0.073" /><testcase classname="backend.tests.test_phase2_royalty_withdraw.TestLabelRoyaltyEndpoints" name="test_export_csv" time="0.047" /><testcase classname="backend.tests.test_phase2_royalty_withdraw.TestLabelRoyaltyEndpoints" name="test_multitenant_no_other_label_data" time="0.380" /><testcase classname="backend.tests.test_phase2_royalty_withdraw.TestManualMatch" name="test_manual_match_unmatched_line" time="0.288" /><testcase classname="backend.tests.test_phase2_royalty_withdraw.TestWithdraw" name="test_window" time="0.044" /><testcase classname="backend.tests.test_phase2_royalty_withdraw.TestWithdraw" name="test_request_blocked_when_closed_or_min" time="0.048" /><testcase classname="backend.tests.test_phase2_royalty_withdraw.TestWithdraw" name="test_request_min_idr_enforced" time="0.047" /><testcase classname="backend.tests.test_phase2_royalty_withdraw.TestWithdraw" name="test_admin_list_withdraws" time="0.070" /></testsuite></testsuites>