<?xml version="1.0" encoding="utf-8"?><testsuites name="pytest tests"><testsuite name="pytest" errors="0" failures="0" skipped="0" tests="31" time="2.069" timestamp="2026-06-24T18:38:11.487922+00:00" hostname="agent-env-b995bc2d-d561-43fa-a86c-997bb4cc2248"><testcase classname="backend.tests.test_believe_royalty.TestParseAmount" name="test_parse_amount[0,000407547753-0.000407547753]" time="0.000" /><testcase classname="backend.tests.test_believe_royalty.TestParseAmount" name="test_parse_amount[1.234,56-1234.56]" time="0.000" /><testcase classname="backend.tests.test_believe_royalty.TestParseAmount" name="test_parse_amount[1,234.56-1234.56]" time="0.000" /><testcase classname="backend.tests.test_believe_royalty.TestParseAmount" name="test_parse_amount[0,70000000-0.7]" time="0.000" /><testcase classname="backend.tests.test_believe_royalty.TestParseAmount" name="test_parse_amount[0,000000-0.0]" time="0.000" /><testcase classname="backend.tests.test_believe_royalty.TestParseAmount" name="test_parse_amount[0-0.0]" time="0.000" /><testcase classname="backend.tests.test_believe_royalty.TestParseAmount" name="test_parse_amount[-0.0]" time="0.000" /><testcase classname="backend.tests.test_believe_royalty.TestParseAmount" name="test_parse_amount[None-0.0]" time="0.000" /><testcase classname="backend.tests.test_believe_royalty.TestParseAmount" name="test_parse_amount[1234-1234.0]" time="0.000" /><testcase classname="backend.tests.test_believe_royalty.TestParseAmount" name="test_parse_amount[1234.56-1234.56]" time="0.000" /><testcase classname="backend.tests.test_believe_royalty.TestParseAmount" name="test_parse_amount[  42,5 -42.5]" time="0.000" /><testcase classname="backend.tests.test_believe_royalty.TestParseAmount" name="test_parse_amount[\xa01.000,00-1000.0]" time="0.000" /><testcase classname="backend.tests.test_believe_royalty.TestParseAmount" name="test_parse_amount[garbage-0.0]" time="0.000" /><testcase classname="backend.tests.test_believe_royalty.TestParsePeriod" name="test_parse_period[2025/05/01-2025-05]" time="0.001" /><testcase classname="backend.tests.test_believe_royalty.TestParsePeriod" name="test_parse_period[2025-05-01-2025-05]" time="0.000" /><testcase classname="backend.tests.test_believe_royalty.TestParsePeriod" name="test_parse_period[2025-05-2025-05]" time="0.000" /><testcase classname="backend.tests.test_believe_royalty.TestParsePeriod" name="test_parse_period[05/2025-2025-05]" time="0.000" /><testcase classname="backend.tests.test_believe_royalty.TestParsePeriod" name="test_parse_period[-None]" time="0.000" /><testcase classname="backend.tests.test_believe_royalty.TestParsePeriod" name="test_parse_period[None-None]" time="0.000" /><testcase classname="backend.tests.test_believe_royalty.TestParseCsv" name="test_semicolon_autodetect_and_indonesian_headers" time="0.001" /><testcase classname="backend.tests.test_believe_royalty.TestParseCsv" name="test_row_values" time="0.000" /><testcase classname="backend.tests.test_believe_royalty.TestStripSensitive" name="test_strip_sensitive_removes_all_4_fields" time="0.000" /><testcase classname="backend.tests.test_believe_royalty.TestSensitiveFieldsHidden" name="test_label_royalty_lines_no_sensitive_fields" time="0.854" /><testcase classname="backend.tests.test_believe_royalty.TestSensitiveFieldsHidden" name="test_admin_get_import_includes_sensitive" time="0.103" /><testcase classname="backend.tests.test_believe_royalty.TestBelieveCsvUpload" name="test_upload_and_totals" time="0.068" /><testcase classname="backend.tests.test_believe_royalty.TestBelieveCsvUpload" name="test_label_name_fallback_match" time="0.055" /><testcase classname="backend.tests.test_believe_royalty.TestBelieveCsvUpload" name="test_cleanup_test_import" time="0.042" /><testcase classname="backend.tests.test_believe_royalty.TestResetDemoData" name="test_wrong_confirm_returns_400" time="0.044" /><testcase classname="backend.tests.test_believe_royalty.TestResetDemoData" name="test_empty_confirm_returns_400_or_422" time="0.043" /><testcase classname="backend.tests.test_believe_royalty.TestResetDemoData" name="test_admin_finance_forbidden" time="0.674" /><testcase classname="backend.tests.test_believe_royalty.TestResetDemoData" name="test_unauthenticated_forbidden" time="0.112" /></testsuite></testsuites>