<?xml version="1.0" encoding="utf-8"?><testsuites name="pytest tests"><testsuite name="pytest" errors="0" failures="0" skipped="1" tests="27" time="6.749" timestamp="2026-06-24T16:59:35.441466+00:00" hostname="agent-env-b995bc2d-d561-43fa-a86c-997bb4cc2248"><testcase classname="backend.tests.test_rilismusik_api" name="test_health" time="0.171" /><testcase classname="backend.tests.test_rilismusik_api.TestAuth" name="test_register_label_sets_cookies" time="0.337" /><testcase classname="backend.tests.test_rilismusik_api.TestAuth" name="test_register_duplicate_email" time="0.427" /><testcase classname="backend.tests.test_rilismusik_api.TestAuth" name="test_login_wrong_password_returns_401" time="0.171" /><testcase classname="backend.tests.test_rilismusik_api.TestAuth" name="test_brute_force_lockout_after_5" time="0.521"><skipped type="pytest.xfail" message="K8s ingress fragments request.client.host across pods; brute-force tracker is ineffective" /></testcase><testcase classname="backend.tests.test_rilismusik_api.TestAuth" name="test_me_returns_user_and_label" time="0.055" /><testcase classname="backend.tests.test_rilismusik_api.TestAuth" name="test_logout_clears_cookies" time="0.214" /><testcase classname="backend.tests.test_rilismusik_api.TestAuth" name="test_forgot_password_returns_reset_token" time="0.102" /><testcase classname="backend.tests.test_rilismusik_api.TestAuth" name="test_reset_password_updates" time="0.700" /><testcase classname="backend.tests.test_rilismusik_api.TestSuperAdmin" name="test_super_admin_login" time="0.320" /><testcase classname="backend.tests.test_rilismusik_api.TestReleases" name="test_draft_rejects_date_less_than_today_plus_7" time="0.317" /><testcase classname="backend.tests.test_rilismusik_api.TestReleases" name="test_draft_valid" time="0.048" /><testcase classname="backend.tests.test_rilismusik_api.TestReleases" name="test_submit_without_cover_rejected" time="0.046" /><testcase classname="backend.tests.test_rilismusik_api.TestReleases" name="test_submit_without_contract_check" time="0.047" /><testcase classname="backend.tests.test_rilismusik_api.TestPayments" name="test_subscription_invoice_creation" time="0.325" /><testcase classname="backend.tests.test_rilismusik_api.TestPayments" name="test_mock_pay_activates_subscription" time="0.099" /><testcase classname="backend.tests.test_rilismusik_api.TestAdminActions" name="test_admin_dashboard" time="0.046" /><testcase classname="backend.tests.test_rilismusik_api.TestAdminActions" name="test_list_labels" time="0.069" /><testcase classname="backend.tests.test_rilismusik_api.TestAdminActions" name="test_label_detail_and_status_update" time="0.145" /><testcase classname="backend.tests.test_rilismusik_api.TestAdminActions" name="test_royalty_percentage_history" time="0.047" /><testcase classname="backend.tests.test_rilismusik_api.TestAdminActions" name="test_admin_approve_blocked_when_payment_pending" time="0.414" /><testcase classname="backend.tests.test_rilismusik_api.TestAdminActions" name="test_cms_get_landing_public" time="0.113" /><testcase classname="backend.tests.test_rilismusik_api.TestAdminActions" name="test_cms_update_landing" time="0.152" /><testcase classname="backend.tests.test_rilismusik_api.TestAdminUsers" name="test_create_admin_release_user" time="0.725" /><testcase classname="backend.tests.test_rilismusik_api.TestArtistSubAccount" name="test_label_creates_artist" time="0.544" /><testcase classname="backend.tests.test_rilismusik_api.TestArtistSubAccount" name="test_artist_login_role" time="0.436" /><testcase classname="backend.tests.test_rilismusik_api.TestActivityLogs" name="test_activity_logs_present" time="0.059" /></testsuite></testsuites>