<?xml version="1.0" encoding="utf-8"?><testsuites name="pytest tests"><testsuite name="pytest" errors="0" failures="0" skipped="0" tests="17" time="26.115" timestamp="2026-09-08T11:51:44.275148+00:00" hostname="agent-env-b995bc2d-d561-43fa-a86c-997bb4cc2248"><testcase classname="backend.tests.test_iter62_royalty_adjustments" name="test_adjustment_permissions_and_custom_royalty_manage_role" time="3.509" /><testcase classname="backend.tests.test_iter62_royalty_adjustments" name="test_source_summary_boundary_and_exclusion_rules" time="0.882" /><testcase classname="backend.tests.test_iter62_royalty_adjustments" name="test_preview_commit_idempotency_and_adjustment_only_withdraw_flow" time="1.974" /><testcase classname="backend.tests.test_iter62_royalty_adjustments" name="test_threshold_strictly_greater_than_one_million" time="1.577" /><testcase classname="backend.tests.test_iter62_royalty_adjustments" name="test_preview_validation_and_tampered_commit_rejections" time="2.054" /><testcase classname="backend.tests.test_iter62_royalty_adjustments" name="test_stale_expired_cross_admin_and_wrong_label_guards" time="2.351" /><testcase classname="backend.tests.test_iter62_royalty_adjustments" name="test_active_withdraw_blocks_adjustment_actions_until_rejected" time="2.090" /><testcase classname="backend.tests.test_iter62_royalty_adjustments" name="test_adjustment_patch_delete_not_allowed" time="0.844" /><testcase classname="backend.tests.test_iter63_financial_acceptance" name="test_request_approve_paid_flow_full_amount_and_paid_guards" time="2.126" /><testcase classname="backend.tests.test_iter63_financial_acceptance" name="test_adjustment_only_paid_keeps_cutoff_none_and_spends_only_once" time="1.987" /><testcase classname="backend.tests.test_iter63_financial_acceptance" name="test_mixed_withdraw_cutoff_uses_latest_csv_period_not_legacy_boundary" time="1.412" /><testcase classname="backend.tests.test_iter63_financial_acceptance" name="test_atomicity_insert_failure_keeps_balance_unchanged_and_no_lock_leak[asyncio]" time="1.113" /><testcase classname="backend.tests.test_iter63_financial_acceptance" name="test_atomicity_insert_success_refresh_failure_durable_with_replay[asyncio]" time="0.863" /><testcase classname="backend.tests.test_iter63_financial_acceptance" name="test_concurrent_same_preview_and_concurrent_withdraw_double_booking_guard" time="1.454" /><testcase classname="backend.tests.test_iter63_financial_acceptance" name="test_stale_preview_conflict_then_refresh_preview_succeeds" time="1.477" /><testcase classname="backend.tests.test_iter63_financial_acceptance" name="test_paid_withdraw_guard_query_semantics_ignore_adjustment_only_missing_period" time="0.004" /><testcase classname="backend.tests.test_iter63_financial_acceptance" name="test_finalize_row_expected_available_includes_manual_adjustment" time="0.005" /></testsuite></testsuites>